{"/home/runner/workspace/src/App.tsx": {"path":"/home/runner/workspace/src/App.tsx","statementMap":{"0":{"start":{"line":1,"column":0},"end":{"line":1,"column":50}},"1":{"start":{"line":2,"column":0},"end":{"line":2,"column":59}},"2":{"start":{"line":3,"column":0},"end":{"line":3,"column":58}},"3":{"start":{"line":4,"column":0},"end":{"line":4,"column":73}},"4":{"start":{"line":5,"column":0},"end":{"line":5,"column":64}},"5":{"start":{"line":6,"column":0},"end":{"line":6,"column":34}},"6":{"start":{"line":7,"column":0},"end":{"line":7,"column":40}},"7":{"start":{"line":9,"column":20},"end":{"line":9,"column":37}},"8":{"start":{"line":11,"column":12},"end":{"line":24,"column":null}},"9":{"start":{"line":12,"column":2},"end":{"line":23,"column":null}},"10":{"start":{"line":27,"column":0},"end":{"line":27,"column":19}}},"fnMap":{"0":{"name":"(anonymous_1)","decl":{"start":{"line":11,"column":12},"end":{"line":11,"column":15}},"loc":{"start":{"line":12,"column":2},"end":{"line":23,"column":null}}}},"branchMap":{},"s":{"0":1,"1":1,"2":1,"3":1,"4":1,"5":1,"6":1,"7":1,"8":1,"9":5,"10":1},"f":{"0":5},"b":{}}
,"/home/runner/workspace/src/components/NavLink.tsx": {"path":"/home/runner/workspace/src/components/NavLink.tsx","statementMap":{"0":{"start":{"line":1,"column":0},"end":{"line":1,"column":74}},"1":{"start":{"line":2,"column":0},"end":{"line":2,"column":35}},"2":{"start":{"line":3,"column":0},"end":{"line":3,"column":33}},"3":{"start":{"line":11,"column":16},"end":{"line":23,"column":null}},"4":{"start":{"line":13,"column":4},"end":{"line":22,"column":6}},"5":{"start":{"line":18,"column":10},"end":{"line":18,"column":83}},"6":{"start":{"line":28,"column":9},"end":{"line":28,"column":16}},"7":{"start":{"line":26,"column":0},"end":{"line":26,"column":32}}},"fnMap":{"0":{"name":"(anonymous_0)","decl":{"start":{"line":12,"column":2},"end":{"line":12,"column":3}},"loc":{"start":{"line":12,"column":74},"end":{"line":23,"column":3}}},"1":{"name":"(anonymous_1)","decl":{"start":{"line":17,"column":19},"end":{"line":17,"column":20}},"loc":{"start":{"line":18,"column":10},"end":{"line":18,"column":83}}}},"branchMap":{"0":{"loc":{"start":{"line":18,"column":24},"end":{"line":18,"column":51}},"type":"binary-expr","locations":[{"start":{"line":18,"column":24},"end":{"line":18,"column":32}},{"start":{"line":18,"column":36},"end":{"line":18,"column":51}}]},"1":{"loc":{"start":{"line":18,"column":53},"end":{"line":18,"column":82}},"type":"binary-expr","locations":[{"start":{"line":18,"column":53},"end":{"line":18,"column":62}},{"start":{"line":18,"column":66},"end":{"line":18,"column":82}}]}},"s":{"0":2,"1":2,"2":2,"3":2,"4":5,"5":5,"6":2,"7":2},"f":{"0":5,"1":5},"b":{"0":[5,1],"1":[5,0]}}
,"/home/runner/workspace/src/components/research/ChatInput.tsx": {"path":"/home/runner/workspace/src/components/research/ChatInput.tsx","statementMap":{"0":{"start":{"line":1,"column":0},"end":{"line":1,"column":48}},"1":{"start":{"line":2,"column":0},"end":{"line":2,"column":48}},"2":{"start":{"line":3,"column":0},"end":{"line":3,"column":52}},"3":{"start":{"line":4,"column":0},"end":{"line":4,"column":36}},"4":{"start":{"line":11,"column":25},"end":{"line":48,"column":1}},"5":{"start":{"line":12,"column":32},"end":{"line":12,"column":44}},"6":{"start":{"line":14,"column":21},"end":{"line":19,"column":3}},"7":{"start":{"line":15,"column":4},"end":{"line":18,"column":5}},"8":{"start":{"line":16,"column":6},"end":{"line":16,"column":29}},"9":{"start":{"line":17,"column":6},"end":{"line":17,"column":21}},"10":{"start":{"line":21,"column":25},"end":{"line":26,"column":3}},"11":{"start":{"line":22,"column":4},"end":{"line":25,"column":5}},"12":{"start":{"line":23,"column":6},"end":{"line":23,"column":25}},"13":{"start":{"line":24,"column":6},"end":{"line":24,"column":19}},"14":{"start":{"line":28,"column":2},"end":{"line":47,"column":4}},"15":{"start":{"line":32,"column":25},"end":{"line":32,"column":51}},"16":{"start":{"line":11,"column":13},"end":{"line":11,"column":25}}},"fnMap":{"0":{"name":"(anonymous_0)","decl":{"start":{"line":11,"column":25},"end":{"line":11,"column":26}},"loc":{"start":{"line":11,"column":66},"end":{"line":48,"column":1}}},"1":{"name":"(anonymous_1)","decl":{"start":{"line":14,"column":21},"end":{"line":14,"column":24}},"loc":{"start":{"line":14,"column":26},"end":{"line":19,"column":3}}},"2":{"name":"(anonymous_2)","decl":{"start":{"line":21,"column":25},"end":{"line":21,"column":26}},"loc":{"start":{"line":21,"column":67},"end":{"line":26,"column":3}}},"3":{"name":"(anonymous_3)","decl":{"start":{"line":32,"column":18},"end":{"line":32,"column":19}},"loc":{"start":{"line":32,"column":25},"end":{"line":32,"column":51}}}},"branchMap":{"0":{"loc":{"start":{"line":15,"column":4},"end":{"line":18,"column":5}},"type":"if","locations":[{"start":{"line":15,"column":4},"end":{"line":18,"column":5}},{"start":{},"end":{}}]},"1":{"loc":{"start":{"line":15,"column":8},"end":{"line":15,"column":35}},"type":"binary-expr","locations":[{"start":{"line":15,"column":8},"end":{"line":15,"column":22}},{"start":{"line":15,"column":26},"end":{"line":15,"column":35}}]},"2":{"loc":{"start":{"line":22,"column":4},"end":{"line":25,"column":5}},"type":"if","locations":[{"start":{"line":22,"column":4},"end":{"line":25,"column":5}},{"start":{},"end":{}}]},"3":{"loc":{"start":{"line":22,"column":8},"end":{"line":22,"column":40}},"type":"binary-expr","locations":[{"start":{"line":22,"column":8},"end":{"line":22,"column":25}},{"start":{"line":22,"column":29},"end":{"line":22,"column":40}}]},"4":{"loc":{"start":{"line":40,"column":18},"end":{"line":40,"column":45}},"type":"binary-expr","locations":[{"start":{"line":40,"column":18},"end":{"line":40,"column":26}},{"start":{"line":40,"column":30},"end":{"line":40,"column":45}}]}},"s":{"0":5,"1":5,"2":5,"3":5,"4":5,"5":79,"6":79,"7":4,"8":4,"9":4,"10":79,"11":29,"12":1,"13":1,"14":79,"15":29,"16":5},"f":{"0":79,"1":4,"2":29,"3":29},"b":{"0":[4,0],"1":[4,4],"2":[1,28],"3":[29,2],"4":[79,77]}}
,"/home/runner/workspace/src/components/research/ChatMessage.tsx": {"path":"/home/runner/workspace/src/components/research/ChatMessage.tsx","statementMap":{"0":{"start":{"line":2,"column":0},"end":{"line":2,"column":44}},"1":{"start":{"line":3,"column":0},"end":{"line":3,"column":64}},"2":{"start":{"line":4,"column":0},"end":{"line":4,"column":41}},"3":{"start":{"line":5,"column":0},"end":{"line":5,"column":43}},"4":{"start":{"line":6,"column":0},"end":{"line":6,"column":33}},"5":{"start":{"line":12,"column":27},"end":{"line":52,"column":1}},"6":{"start":{"line":13,"column":17},"end":{"line":13,"column":40}},"7":{"start":{"line":15,"column":2},"end":{"line":51,"column":4}},"8":{"start":{"line":12,"column":13},"end":{"line":12,"column":27}}},"fnMap":{"0":{"name":"(anonymous_1)","decl":{"start":{"line":12,"column":27},"end":{"line":12,"column":28}},"loc":{"start":{"line":12,"column":61},"end":{"line":52,"column":1}}}},"branchMap":{"0":{"loc":{"start":{"line":16,"column":37},"end":{"line":16,"column":77}},"type":"cond-expr","locations":[{"start":{"line":16,"column":46},"end":{"line":16,"column":59}},{"start":{"line":16,"column":62},"end":{"line":16,"column":77}}]},"1":{"loc":{"start":{"line":17,"column":7},"end":{"line":22,"column":null}},"type":"binary-expr","locations":[{"start":{"line":17,"column":7},"end":{"line":17,"column":14}},{"start":{"line":18,"column":8},"end":{"line":21,"column":null}}]},"2":{"loc":{"start":{"line":27,"column":8},"end":{"line":27,"column":65}},"type":"cond-expr","locations":[{"start":{"line":27,"column":17},"end":{"line":27,"column":53}},{"start":{"line":27,"column":56},"end":{"line":27,"column":65}}]},"3":{"loc":{"start":{"line":29,"column":9},"end":{"line":34,"column":null}},"type":"cond-expr","locations":[{"start":{"line":30,"column":10},"end":{"line":30,"column":66}},{"start":{"line":32,"column":10},"end":{"line":33,"column":null}}]},"4":{"loc":{"start":{"line":36,"column":9},"end":{"line":39,"column":null}},"type":"binary-expr","locations":[{"start":{"line":36,"column":9},"end":{"line":36,"column":22}},{"start":{"line":36,"column":26},"end":{"line":36,"column":33}},{"start":{"line":37,"column":10},"end":{"line":38,"column":null}}]},"5":{"loc":{"start":{"line":43,"column":7},"end":{"line":48,"column":null}},"type":"binary-expr","locations":[{"start":{"line":43,"column":7},"end":{"line":43,"column":13}},{"start":{"line":44,"column":8},"end":{"line":47,"column":null}}]}},"s":{"0":5,"1":5,"2":5,"3":5,"4":5,"5":5,"6":7,"7":7,"8":5},"f":{"0":7},"b":{"0":[4,3],"1":[7,3],"2":[4,3],"3":[4,3],"4":[7,2,2],"5":[7,4]}}
,"/home/runner/workspace/src/components/research/KeyboardShortcuts.tsx": {"path":"/home/runner/workspace/src/components/research/KeyboardShortcuts.tsx","statementMap":{"0":{"start":{"line":1,"column":0},"end":{"line":1,"column":34}},"1":{"start":{"line":2,"column":0},"end":{"line":2,"column":105}},"2":{"start":{"line":3,"column":0},"end":{"line":3,"column":48}},"3":{"start":{"line":4,"column":0},"end":{"line":4,"column":40}},"4":{"start":{"line":5,"column":0},"end":{"line":5,"column":46}},"5":{"start":{"line":11,"column":33},"end":{"line":60,"column":1}},"6":{"start":{"line":12,"column":2},"end":{"line":23,"column":18}},"7":{"start":{"line":13,"column":27},"end":{"line":19,"column":5}},"8":{"start":{"line":15,"column":6},"end":{"line":18,"column":7}},"9":{"start":{"line":16,"column":8},"end":{"line":16,"column":27}},"10":{"start":{"line":17,"column":8},"end":{"line":17,"column":22}},"11":{"start":{"line":21,"column":4},"end":{"line":21,"column":55}},"12":{"start":{"line":22,"column":4},"end":{"line":22,"column":71}},"13":{"start":{"line":22,"column":17},"end":{"line":22,"column":70}},"14":{"start":{"line":25,"column":20},"end":{"line":30,"column":4}},"15":{"start":{"line":32,"column":2},"end":{"line":59,"column":4}},"16":{"start":{"line":45,"column":12},"end":{"line":45,"column":29}},"17":{"start":{"line":49,"column":18},"end":{"line":49,"column":33}},"18":{"start":{"line":11,"column":13},"end":{"line":11,"column":33}}},"fnMap":{"0":{"name":"(anonymous_0)","decl":{"start":{"line":11,"column":33},"end":{"line":11,"column":34}},"loc":{"start":{"line":11,"column":75},"end":{"line":60,"column":1}}},"1":{"name":"(anonymous_1)","decl":{"start":{"line":12,"column":12},"end":{"line":12,"column":15}},"loc":{"start":{"line":12,"column":17},"end":{"line":23,"column":3}}},"2":{"name":"(anonymous_2)","decl":{"start":{"line":13,"column":27},"end":{"line":13,"column":28}},"loc":{"start":{"line":13,"column":48},"end":{"line":19,"column":5}}},"3":{"name":"(anonymous_3)","decl":{"start":{"line":22,"column":11},"end":{"line":22,"column":14}},"loc":{"start":{"line":22,"column":17},"end":{"line":22,"column":70}}},"4":{"name":"(anonymous_4)","decl":{"start":{"line":44,"column":25},"end":{"line":44,"column":26}},"loc":{"start":{"line":45,"column":12},"end":{"line":45,"column":29}}},"5":{"name":"(anonymous_5)","decl":{"start":{"line":48,"column":35},"end":{"line":48,"column":36}},"loc":{"start":{"line":49,"column":18},"end":{"line":49,"column":33}}}},"branchMap":{"0":{"loc":{"start":{"line":15,"column":6},"end":{"line":18,"column":7}},"type":"if","locations":[{"start":{"line":15,"column":6},"end":{"line":18,"column":7}},{"start":{},"end":{}}]},"1":{"loc":{"start":{"line":15,"column":10},"end":{"line":15,"column":51}},"type":"binary-expr","locations":[{"start":{"line":15,"column":11},"end":{"line":15,"column":20}},{"start":{"line":15,"column":24},"end":{"line":15,"column":33}},{"start":{"line":15,"column":38},"end":{"line":15,"column":51}}]}},"s":{"0":5,"1":5,"2":5,"3":5,"4":5,"5":5,"6":47,"7":47,"8":5,"9":4,"10":4,"11":47,"12":47,"13":47,"14":47,"15":47,"16":188,"17":282,"18":5},"f":{"0":47,"1":47,"2":5,"3":47,"4":188,"5":282},"b":{"0":[4,1],"1":[5,2,5]}}
,"/home/runner/workspace/src/components/research/ModelSelector.tsx": {"path":"/home/runner/workspace/src/components/research/ModelSelector.tsx","statementMap":{"0":{"start":{"line":1,"column":0},"end":{"line":1,"column":103}},"1":{"start":{"line":2,"column":0},"end":{"line":2,"column":52}},"2":{"start":{"line":3,"column":0},"end":{"line":3,"column":46}},"3":{"start":{"line":10,"column":29},"end":{"line":51,"column":1}},"4":{"start":{"line":11,"column":28},"end":{"line":11,"column":73}},"5":{"start":{"line":11,"column":50},"end":{"line":11,"column":72}},"6":{"start":{"line":13,"column":2},"end":{"line":50,"column":4}},"7":{"start":{"line":32,"column":12},"end":{"line":32,"column":39}},"8":{"start":{"line":10,"column":13},"end":{"line":10,"column":29}}},"fnMap":{"0":{"name":"(anonymous_0)","decl":{"start":{"line":10,"column":29},"end":{"line":10,"column":30}},"loc":{"start":{"line":10,"column":86},"end":{"line":51,"column":1}}},"1":{"name":"(anonymous_1)","decl":{"start":{"line":11,"column":43},"end":{"line":11,"column":44}},"loc":{"start":{"line":11,"column":50},"end":{"line":11,"column":72}}},"2":{"name":"(anonymous_2)","decl":{"start":{"line":31,"column":25},"end":{"line":31,"column":26}},"loc":{"start":{"line":32,"column":12},"end":{"line":32,"column":39}}}},"branchMap":{"0":{"loc":{"start":{"line":19,"column":13},"end":{"line":26,"column":null}},"type":"binary-expr","locations":[{"start":{"line":19,"column":13},"end":{"line":19,"column":30}},{"start":{"line":20,"column":14},"end":{"line":25,"column":null}}]},"1":{"loc":{"start":{"line":23,"column":32},"end":{"line":23,"column":98}},"type":"cond-expr","locations":[{"start":{"line":23,"column":75},"end":{"line":23,"column":84}},{"start":{"line":23,"column":87},"end":{"line":23,"column":98}}]},"2":{"loc":{"start":{"line":41,"column":32},"end":{"line":41,"column":86}},"type":"cond-expr","locations":[{"start":{"line":41,"column":63},"end":{"line":41,"column":72}},{"start":{"line":41,"column":75},"end":{"line":41,"column":86}}]}},"s":{"0":5,"1":5,"2":5,"3":5,"4":41,"5":123,"6":41,"7":287,"8":5},"f":{"0":41,"1":123,"2":287},"b":{"0":[41,41],"1":[0,41],"2":[123,164]}}
,"/home/runner/workspace/src/components/research/QuickActions.tsx": {"path":"/home/runner/workspace/src/components/research/QuickActions.tsx","statementMap":{"0":{"start":{"line":1,"column":0},"end":{"line":1,"column":48}},"1":{"start":{"line":2,"column":0},"end":{"line":2,"column":44}},"2":{"start":{"line":3,"column":0},"end":{"line":3,"column":69}},"3":{"start":{"line":10,"column":22},"end":{"line":31,"column":2}},"4":{"start":{"line":33,"column":28},"end":{"line":56,"column":1}},"5":{"start":{"line":34,"column":2},"end":{"line":55,"column":4}},"6":{"start":{"line":39,"column":23},"end":{"line":39,"column":34}},"7":{"start":{"line":40,"column":10},"end":{"line":51,"column":12}},"8":{"start":{"line":45,"column":29},"end":{"line":45,"column":55}},"9":{"start":{"line":33,"column":13},"end":{"line":33,"column":28}}},"fnMap":{"0":{"name":"(anonymous_0)","decl":{"start":{"line":33,"column":28},"end":{"line":33,"column":29}},"loc":{"start":{"line":33,"column":78},"end":{"line":56,"column":1}}},"1":{"name":"(anonymous_1)","decl":{"start":{"line":38,"column":27},"end":{"line":38,"column":28}},"loc":{"start":{"line":38,"column":45},"end":{"line":52,"column":9}}},"2":{"name":"(anonymous_2)","decl":{"start":{"line":45,"column":23},"end":{"line":45,"column":26}},"loc":{"start":{"line":45,"column":29},"end":{"line":45,"column":55}}}},"branchMap":{},"s":{"0":5,"1":5,"2":5,"3":5,"4":5,"5":41,"6":164,"7":164,"8":2,"9":5},"f":{"0":41,"1":164,"2":2},"b":{}}
,"/home/runner/workspace/src/components/research/ResearchHistory.tsx": {"path":"/home/runner/workspace/src/components/research/ResearchHistory.tsx","statementMap":{"0":{"start":{"line":1,"column":0},"end":{"line":1,"column":44}},"1":{"start":{"line":2,"column":0},"end":{"line":2,"column":57}},"2":{"start":{"line":3,"column":0},"end":{"line":3,"column":52}},"3":{"start":{"line":10,"column":31},"end":{"line":50,"column":1}},"4":{"start":{"line":11,"column":2},"end":{"line":13,"column":3}},"5":{"start":{"line":12,"column":4},"end":{"line":12,"column":16}},"6":{"start":{"line":15,"column":28},"end":{"line":15,"column":76}},"7":{"start":{"line":15,"column":51},"end":{"line":15,"column":68}},"8":{"start":{"line":17,"column":2},"end":{"line":49,"column":4}},"9":{"start":{"line":32,"column":27},"end":{"line":32,"column":44}},"10":{"start":{"line":34,"column":14},"end":{"line":35,"column":null}},"11":{"start":{"line":10,"column":13},"end":{"line":10,"column":31}}},"fnMap":{"0":{"name":"(anonymous_0)","decl":{"start":{"line":10,"column":31},"end":{"line":10,"column":32}},"loc":{"start":{"line":10,"column":70},"end":{"line":50,"column":1}}},"1":{"name":"(anonymous_1)","decl":{"start":{"line":15,"column":44},"end":{"line":15,"column":45}},"loc":{"start":{"line":15,"column":51},"end":{"line":15,"column":68}}},"2":{"name":"(anonymous_2)","decl":{"start":{"line":32,"column":20},"end":{"line":32,"column":21}},"loc":{"start":{"line":32,"column":27},"end":{"line":32,"column":44}}},"3":{"name":"(anonymous_3)","decl":{"start":{"line":33,"column":17},"end":{"line":33,"column":18}},"loc":{"start":{"line":34,"column":14},"end":{"line":35,"column":null}}}},"branchMap":{"0":{"loc":{"start":{"line":11,"column":2},"end":{"line":13,"column":3}},"type":"if","locations":[{"start":{"line":11,"column":2},"end":{"line":13,"column":3}},{"start":{},"end":{}}]},"1":{"loc":{"start":{"line":26,"column":31},"end":{"line":26,"column":76}},"type":"cond-expr","locations":[{"start":{"line":26,"column":57},"end":{"line":26,"column":64}},{"start":{"line":26,"column":67},"end":{"line":26,"column":76}}]},"2":{"loc":{"start":{"line":39,"column":17},"end":{"line":42,"column":null}},"type":"binary-expr","locations":[{"start":{"line":39,"column":17},"end":{"line":39,"column":34}},{"start":{"line":40,"column":18},"end":{"line":41,"column":null}}]}},"s":{"0":5,"1":5,"2":5,"3":5,"4":8,"5":3,"6":5,"7":8,"8":5,"9":8,"10":6,"11":5},"f":{"0":8,"1":8,"2":8,"3":6},"b":{"0":[3,5],"1":[4,1],"2":[6,1]}}
,"/home/runner/workspace/src/components/research/ResearchModeSelector.tsx": {"path":"/home/runner/workspace/src/components/research/ResearchModeSelector.tsx","statementMap":{"0":{"start":{"line":79,"column":0},"end":{"line":79,"column":16}},"1":{"start":{"line":1,"column":0},"end":{"line":1,"column":33}},"2":{"start":{"line":2,"column":0},"end":{"line":2,"column":48}},"3":{"start":{"line":3,"column":0},"end":{"line":3,"column":null}},"4":{"start":{"line":10,"column":0},"end":{"line":10,"column":46}},"5":{"start":{"line":11,"column":0},"end":{"line":11,"column":48}},"6":{"start":{"line":12,"column":0},"end":{"line":12,"column":null}},"7":{"start":{"line":20,"column":0},"end":{"line":20,"column":77}},"8":{"start":{"line":21,"column":0},"end":{"line":21,"column":71}},"9":{"start":{"line":36,"column":23},"end":{"line":61,"column":2}},"10":{"start":{"line":63,"column":14},"end":{"line":69,"column":2}},"11":{"start":{"line":71,"column":18},"end":{"line":77,"column":2}},"12":{"start":{"line":83,"column":30},"end":{"line":83,"column":45}},"13":{"start":{"line":85,"column":25},"end":{"line":87,"column":3}},"14":{"start":{"line":86,"column":4},"end":{"line":86,"column":50}},"15":{"start":{"line":89,"column":22},"end":{"line":89,"column":81}},"16":{"start":{"line":89,"column":49},"end":{"line":89,"column":80}},"17":{"start":{"line":91,"column":2},"end":{"line":242,"column":4}},"18":{"start":{"line":113,"column":29},"end":{"line":113,"column":38}},"19":{"start":{"line":114,"column":16},"end":{"line":132,"column":18}},"20":{"start":{"line":117,"column":35},"end":{"line":117,"column":77}},"21":{"start":{"line":142,"column":40},"end":{"line":142,"column":79}},"22":{"start":{"line":149,"column":18},"end":{"line":149,"column":43}},"23":{"start":{"line":162,"column":40},"end":{"line":162,"column":79}},"24":{"start":{"line":169,"column":18},"end":{"line":169,"column":47}},"25":{"start":{"line":187,"column":42},"end":{"line":187,"column":79}},"26":{"start":{"line":205,"column":40},"end":{"line":205,"column":75}},"27":{"start":{"line":212,"column":18},"end":{"line":212,"column":47}}},"fnMap":{"0":{"name":"ResearchModeSelector","decl":{"start":{"line":79,"column":16},"end":{"line":79,"column":36}},"loc":{"start":{"line":82,"column":28},"end":{"line":243,"column":1}}},"1":{"name":"(anonymous_1)","decl":{"start":{"line":85,"column":25},"end":{"line":85,"column":26}},"loc":{"start":{"line":85,"column":68},"end":{"line":87,"column":3}}},"2":{"name":"(anonymous_2)","decl":{"start":{"line":89,"column":42},"end":{"line":89,"column":43}},"loc":{"start":{"line":89,"column":49},"end":{"line":89,"column":80}}},"3":{"name":"(anonymous_3)","decl":{"start":{"line":112,"column":34},"end":{"line":112,"column":35}},"loc":{"start":{"line":112,"column":43},"end":{"line":133,"column":15}}},"4":{"name":"(anonymous_4)","decl":{"start":{"line":117,"column":29},"end":{"line":117,"column":32}},"loc":{"start":{"line":117,"column":35},"end":{"line":117,"column":77}}},"5":{"name":"(anonymous_5)","decl":{"start":{"line":142,"column":29},"end":{"line":142,"column":30}},"loc":{"start":{"line":142,"column":40},"end":{"line":142,"column":79}}},"6":{"name":"(anonymous_6)","decl":{"start":{"line":148,"column":36},"end":{"line":148,"column":37}},"loc":{"start":{"line":149,"column":18},"end":{"line":149,"column":43}}},"7":{"name":"(anonymous_7)","decl":{"start":{"line":162,"column":29},"end":{"line":162,"column":30}},"loc":{"start":{"line":162,"column":40},"end":{"line":162,"column":79}}},"8":{"name":"(anonymous_8)","decl":{"start":{"line":168,"column":27},"end":{"line":168,"column":28}},"loc":{"start":{"line":169,"column":18},"end":{"line":169,"column":47}}},"9":{"name":"(anonymous_9)","decl":{"start":{"line":187,"column":29},"end":{"line":187,"column":30}},"loc":{"start":{"line":187,"column":42},"end":{"line":187,"column":79}}},"10":{"name":"(anonymous_10)","decl":{"start":{"line":205,"column":29},"end":{"line":205,"column":30}},"loc":{"start":{"line":205,"column":40},"end":{"line":205,"column":75}}},"11":{"name":"(anonymous_11)","decl":{"start":{"line":211,"column":31},"end":{"line":211,"column":32}},"loc":{"start":{"line":212,"column":18},"end":{"line":212,"column":47}}}},"branchMap":{"0":{"loc":{"start":{"line":119,"column":22},"end":{"line":121,"column":null}},"type":"cond-expr","locations":[{"start":{"line":120,"column":26},"end":{"line":120,"column":55}},{"start":{"line":121,"column":26},"end":{"line":121,"column":null}}]},"1":{"loc":{"start":{"line":221,"column":11},"end":{"line":237,"column":null}},"type":"binary-expr","locations":[{"start":{"line":221,"column":11},"end":{"line":221,"column":22}},{"start":{"line":222,"column":12},"end":{"line":236,"column":null}}]},"2":{"loc":{"start":{"line":228,"column":17},"end":{"line":229,"column":150}},"type":"binary-expr","locations":[{"start":{"line":228,"column":17},"end":{"line":228,"column":62}},{"start":{"line":229,"column":18},"end":{"line":229,"column":150}}]},"3":{"loc":{"start":{"line":230,"column":17},"end":{"line":231,"column":109}},"type":"binary-expr","locations":[{"start":{"line":230,"column":17},"end":{"line":230,"column":64}},{"start":{"line":231,"column":18},"end":{"line":231,"column":109}}]},"4":{"loc":{"start":{"line":232,"column":17},"end":{"line":233,"column":112}},"type":"binary-expr","locations":[{"start":{"line":232,"column":17},"end":{"line":232,"column":64}},{"start":{"line":233,"column":18},"end":{"line":233,"column":112}}]},"5":{"loc":{"start":{"line":234,"column":17},"end":{"line":235,"column":118}},"type":"binary-expr","locations":[{"start":{"line":234,"column":17},"end":{"line":234,"column":63}},{"start":{"line":235,"column":18},"end":{"line":235,"column":118}}]}},"s":{"0":6,"1":6,"2":6,"3":6,"4":6,"5":6,"6":6,"7":6,"8":6,"9":6,"10":6,"11":6,"12":81,"13":81,"14":0,"15":81,"16":98,"17":81,"18":324,"19":324,"20":0,"21":0,"22":486,"23":0,"24":405,"25":0,"26":0,"27":405},"f":{"0":81,"1":0,"2":98,"3":324,"4":0,"5":0,"6":486,"7":0,"8":405,"9":0,"10":0,"11":405},"b":{"0":[80,244],"1":[81,80],"2":[80,4],"3":[80,72],"4":[80,2],"5":[80,2]}}
,"/home/runner/workspace/src/components/research/UsageStats.tsx": {"path":"/home/runner/workspace/src/components/research/UsageStats.tsx","statementMap":{"0":{"start":{"line":1,"column":0},"end":{"line":1,"column":44}},"1":{"start":{"line":3,"column":0},"end":{"line":3,"column":57}},"2":{"start":{"line":10,"column":26},"end":{"line":57,"column":1}},"3":{"start":{"line":11,"column":23},"end":{"line":11,"column":71}},"4":{"start":{"line":11,"column":46},"end":{"line":11,"column":63}},"5":{"start":{"line":12,"column":28},"end":{"line":12,"column":81}},"6":{"start":{"line":12,"column":51},"end":{"line":12,"column":73}},"7":{"start":{"line":14,"column":26},"end":{"line":16,"column":7}},"8":{"start":{"line":18,"column":30},"end":{"line":21,"column":7}},"9":{"start":{"line":20,"column":4},"end":{"line":20,"column":51}},"10":{"start":{"line":23,"column":2},"end":{"line":23,"column":41}},"11":{"start":{"line":23,"column":29},"end":{"line":23,"column":41}},"12":{"start":{"line":25,"column":2},"end":{"line":56,"column":4}},"13":{"start":{"line":10,"column":13},"end":{"line":10,"column":26}}},"fnMap":{"0":{"name":"(anonymous_0)","decl":{"start":{"line":10,"column":26},"end":{"line":10,"column":27}},"loc":{"start":{"line":10,"column":71},"end":{"line":57,"column":1}}},"1":{"name":"(anonymous_1)","decl":{"start":{"line":11,"column":39},"end":{"line":11,"column":40}},"loc":{"start":{"line":11,"column":46},"end":{"line":11,"column":63}}},"2":{"name":"(anonymous_2)","decl":{"start":{"line":12,"column":44},"end":{"line":12,"column":45}},"loc":{"start":{"line":12,"column":51},"end":{"line":12,"column":73}}},"3":{"name":"(anonymous_3)","decl":{"start":{"line":18,"column":46},"end":{"line":18,"column":47}},"loc":{"start":{"line":18,"column":59},"end":{"line":21,"column":3}}}},"branchMap":{"0":{"loc":{"start":{"line":14,"column":26},"end":{"line":16,"column":7}},"type":"cond-expr","locations":[{"start":{"line":15,"column":6},"end":{"line":15,"column":54}},{"start":{"line":16,"column":6},"end":{"line":16,"column":7}}]},"1":{"loc":{"start":{"line":23,"column":2},"end":{"line":23,"column":41}},"type":"if","locations":[{"start":{"line":23,"column":2},"end":{"line":23,"column":41}},{"start":{},"end":{}}]}},"s":{"0":5,"1":5,"2":5,"3":8,"4":5,"5":8,"6":5,"7":8,"8":8,"9":5,"10":8,"11":4,"12":4,"13":5},"f":{"0":8,"1":5,"2":5,"3":5},"b":{"0":[8,0],"1":[4,4]}}
,"/home/runner/workspace/src/hooks/use-mobile.tsx": {"path":"/home/runner/workspace/src/hooks/use-mobile.tsx","statementMap":{"0":{"start":{"line":5,"column":0},"end":{"line":5,"column":16}},"1":{"start":{"line":1,"column":0},"end":{"line":1,"column":31}},"2":{"start":{"line":3,"column":26},"end":{"line":3,"column":29}},"3":{"start":{"line":6,"column":34},"end":{"line":6,"column":80}},"4":{"start":{"line":8,"column":2},"end":{"line":16,"column":9}},"5":{"start":{"line":9,"column":16},"end":{"line":9,"column":76}},"6":{"start":{"line":10,"column":21},"end":{"line":12,"column":5}},"7":{"start":{"line":11,"column":6},"end":{"line":11,"column":57}},"8":{"start":{"line":13,"column":4},"end":{"line":13,"column":45}},"9":{"start":{"line":14,"column":4},"end":{"line":14,"column":55}},"10":{"start":{"line":15,"column":4},"end":{"line":15,"column":61}},"11":{"start":{"line":15,"column":17},"end":{"line":15,"column":60}},"12":{"start":{"line":18,"column":2},"end":{"line":18,"column":20}}},"fnMap":{"0":{"name":"useIsMobile","decl":{"start":{"line":5,"column":16},"end":{"line":5,"column":27}},"loc":{"start":{"line":5,"column":27},"end":{"line":19,"column":1}}},"1":{"name":"(anonymous_10)","decl":{"start":{"line":8,"column":18},"end":{"line":8,"column":21}},"loc":{"start":{"line":8,"column":23},"end":{"line":16,"column":3}}},"2":{"name":"(anonymous_11)","decl":{"start":{"line":10,"column":21},"end":{"line":10,"column":24}},"loc":{"start":{"line":10,"column":26},"end":{"line":12,"column":5}}},"3":{"name":"(anonymous_12)","decl":{"start":{"line":15,"column":11},"end":{"line":15,"column":14}},"loc":{"start":{"line":15,"column":17},"end":{"line":15,"column":60}}}},"branchMap":{},"s":{"0":1,"1":1,"2":1,"3":11,"4":11,"5":5,"6":5,"7":0,"8":5,"9":5,"10":5,"11":5,"12":11},"f":{"0":11,"1":5,"2":0,"3":5},"b":{}}
,"/home/runner/workspace/src/hooks/use-toast.ts": {"path":"/home/runner/workspace/src/hooks/use-toast.ts","statementMap":{"0":{"start":{"line":186,"column":9},"end":{"line":186,"column":17}},"1":{"start":{"line":186,"column":19},"end":{"line":186,"column":24}},"2":{"start":{"line":1,"column":0},"end":{"line":1,"column":31}},"3":{"start":{"line":5,"column":20},"end":{"line":5,"column":21}},"4":{"start":{"line":6,"column":27},"end":{"line":6,"column":34}},"5":{"start":{"line":15,"column":20},"end":{"line":20,"column":11}},"6":{"start":{"line":22,"column":12},"end":{"line":22,"column":13}},"7":{"start":{"line":25,"column":2},"end":{"line":25,"column":48}},"8":{"start":{"line":26,"column":2},"end":{"line":26,"column":26}},"9":{"start":{"line":53,"column":22},"end":{"line":53,"column":70}},"10":{"start":{"line":55,"column":25},"end":{"line":69,"column":1}},"11":{"start":{"line":56,"column":2},"end":{"line":58,"column":3}},"12":{"start":{"line":57,"column":4},"end":{"line":57,"column":11}},"13":{"start":{"line":60,"column":18},"end":{"line":66,"column":24}},"14":{"start":{"line":61,"column":4},"end":{"line":61,"column":34}},"15":{"start":{"line":62,"column":4},"end":{"line":65,"column":7}},"16":{"start":{"line":68,"column":2},"end":{"line":68,"column":38}},"17":{"start":{"line":71,"column":23},"end":{"line":122,"column":1}},"18":{"start":{"line":72,"column":2},"end":{"line":121,"column":3}},"19":{"start":{"line":74,"column":6},"end":{"line":77,"column":8}},"20":{"start":{"line":80,"column":6},"end":{"line":83,"column":8}},"21":{"start":{"line":82,"column":41},"end":{"line":82,"column":97}},"22":{"start":{"line":86,"column":26},"end":{"line":86,"column":32}},"23":{"start":{"line":90,"column":6},"end":{"line":96,"column":7}},"24":{"start":{"line":91,"column":8},"end":{"line":91,"column":34}},"25":{"start":{"line":93,"column":8},"end":{"line":95,"column":11}},"26":{"start":{"line":94,"column":10},"end":{"line":94,"column":37}},"27":{"start":{"line":98,"column":6},"end":{"line":108,"column":8}},"28":{"start":{"line":101,"column":10},"end":{"line":106,"column":15}},"29":{"start":{"line":111,"column":6},"end":{"line":116,"column":7}},"30":{"start":{"line":112,"column":8},"end":{"line":115,"column":10}},"31":{"start":{"line":117,"column":6},"end":{"line":120,"column":8}},"32":{"start":{"line":119,"column":43},"end":{"line":119,"column":66}},"33":{"start":{"line":71,"column":13},"end":{"line":71,"column":23}},"34":{"start":{"line":124,"column":49},"end":{"line":124,"column":51}},"35":{"start":{"line":126,"column":25},"end":{"line":126,"column":39}},"36":{"start":{"line":129,"column":2},"end":{"line":129,"column":45}},"37":{"start":{"line":130,"column":2},"end":{"line":132,"column":5}},"38":{"start":{"line":131,"column":4},"end":{"line":131,"column":26}},"39":{"start":{"line":138,"column":13},"end":{"line":138,"column":20}},"40":{"start":{"line":140,"column":17},"end":{"line":144,"column":6}},"41":{"start":{"line":141,"column":4},"end":{"line":144,"column":6}},"42":{"start":{"line":145,"column":18},"end":{"line":145,"column":72}},"43":{"start":{"line":145,"column":24},"end":{"line":145,"column":72}},"44":{"start":{"line":147,"column":2},"end":{"line":157,"column":5}},"45":{"start":{"line":154,"column":8},"end":{"line":154,"column":29}},"46":{"start":{"line":154,"column":19},"end":{"line":154,"column":29}},"47":{"start":{"line":159,"column":2},"end":{"line":163,"column":4}},"48":{"start":{"line":167,"column":28},"end":{"line":167,"column":62}},"49":{"start":{"line":169,"column":2},"end":{"line":177,"column":14}},"50":{"start":{"line":170,"column":4},"end":{"line":170,"column":29}},"51":{"start":{"line":171,"column":4},"end":{"line":176,"column":6}},"52":{"start":{"line":172,"column":20},"end":{"line":172,"column":47}},"53":{"start":{"line":173,"column":6},"end":{"line":175,"column":7}},"54":{"start":{"line":174,"column":8},"end":{"line":174,"column":35}},"55":{"start":{"line":179,"column":2},"end":{"line":183,"column":4}},"56":{"start":{"line":182,"column":35},"end":{"line":182,"column":79}}},"fnMap":{"0":{"name":"genId","decl":{"start":{"line":24,"column":9},"end":{"line":24,"column":14}},"loc":{"start":{"line":24,"column":14},"end":{"line":27,"column":1}}},"1":{"name":"(anonymous_10)","decl":{"start":{"line":55,"column":25},"end":{"line":55,"column":26}},"loc":{"start":{"line":55,"column":45},"end":{"line":69,"column":1}}},"2":{"name":"(anonymous_11)","decl":{"start":{"line":60,"column":29},"end":{"line":60,"column":32}},"loc":{"start":{"line":60,"column":34},"end":{"line":66,"column":3}}},"3":{"name":"(anonymous_12)","decl":{"start":{"line":71,"column":23},"end":{"line":71,"column":24}},"loc":{"start":{"line":71,"column":63},"end":{"line":122,"column":1}}},"4":{"name":"(anonymous_13)","decl":{"start":{"line":82,"column":33},"end":{"line":82,"column":34}},"loc":{"start":{"line":82,"column":41},"end":{"line":82,"column":97}}},"5":{"name":"(anonymous_14)","decl":{"start":{"line":93,"column":29},"end":{"line":93,"column":30}},"loc":{"start":{"line":93,"column":39},"end":{"line":95,"column":9}}},"6":{"name":"(anonymous_15)","decl":{"start":{"line":100,"column":33},"end":{"line":100,"column":34}},"loc":{"start":{"line":101,"column":10},"end":{"line":106,"column":15}}},"7":{"name":"(anonymous_16)","decl":{"start":{"line":119,"column":36},"end":{"line":119,"column":37}},"loc":{"start":{"line":119,"column":43},"end":{"line":119,"column":66}}},"8":{"name":"dispatch","decl":{"start":{"line":128,"column":9},"end":{"line":128,"column":17}},"loc":{"start":{"line":128,"column":32},"end":{"line":133,"column":1}}},"9":{"name":"(anonymous_18)","decl":{"start":{"line":130,"column":20},"end":{"line":130,"column":21}},"loc":{"start":{"line":130,"column":33},"end":{"line":132,"column":3}}},"10":{"name":"toast","decl":{"start":{"line":137,"column":9},"end":{"line":137,"column":14}},"loc":{"start":{"line":137,"column":34},"end":{"line":164,"column":1}}},"11":{"name":"(anonymous_20)","decl":{"start":{"line":140,"column":17},"end":{"line":140,"column":18}},"loc":{"start":{"line":141,"column":4},"end":{"line":144,"column":6}}},"12":{"name":"(anonymous_21)","decl":{"start":{"line":145,"column":18},"end":{"line":145,"column":21}},"loc":{"start":{"line":145,"column":24},"end":{"line":145,"column":72}}},"13":{"name":"(anonymous_22)","decl":{"start":{"line":153,"column":20},"end":{"line":153,"column":21}},"loc":{"start":{"line":153,"column":29},"end":{"line":155,"column":7}}},"14":{"name":"useToast","decl":{"start":{"line":166,"column":9},"end":{"line":166,"column":17}},"loc":{"start":{"line":166,"column":17},"end":{"line":184,"column":1}}},"15":{"name":"(anonymous_24)","decl":{"start":{"line":169,"column":18},"end":{"line":169,"column":21}},"loc":{"start":{"line":169,"column":23},"end":{"line":177,"column":3}}},"16":{"name":"(anonymous_25)","decl":{"start":{"line":171,"column":11},"end":{"line":171,"column":14}},"loc":{"start":{"line":171,"column":16},"end":{"line":176,"column":5}}},"17":{"name":"(anonymous_26)","decl":{"start":{"line":182,"column":13},"end":{"line":182,"column":14}},"loc":{"start":{"line":182,"column":35},"end":{"line":182,"column":79}}}},"branchMap":{"0":{"loc":{"start":{"line":56,"column":2},"end":{"line":58,"column":3}},"type":"if","locations":[{"start":{"line":56,"column":2},"end":{"line":58,"column":3}},{"start":{},"end":{}}]},"1":{"loc":{"start":{"line":72,"column":2},"end":{"line":121,"column":3}},"type":"switch","locations":[{"start":{"line":73,"column":4},"end":{"line":77,"column":8}},{"start":{"line":79,"column":4},"end":{"line":83,"column":8}},{"start":{"line":85,"column":4},"end":{"line":109,"column":5}},{"start":{"line":110,"column":4},"end":{"line":120,"column":8}}]},"2":{"loc":{"start":{"line":82,"column":41},"end":{"line":82,"column":97}},"type":"cond-expr","locations":[{"start":{"line":82,"column":68},"end":{"line":82,"column":93}},{"start":{"line":82,"column":96},"end":{"line":82,"column":97}}]},"3":{"loc":{"start":{"line":90,"column":6},"end":{"line":96,"column":7}},"type":"if","locations":[{"start":{"line":90,"column":6},"end":{"line":96,"column":7}},{"start":{"line":92,"column":13},"end":{"line":96,"column":7}}]},"4":{"loc":{"start":{"line":101,"column":10},"end":{"line":106,"column":15}},"type":"cond-expr","locations":[{"start":{"line":102,"column":14},"end":{"line":105,"column":null}},{"start":{"line":106,"column":14},"end":{"line":106,"column":15}}]},"5":{"loc":{"start":{"line":101,"column":10},"end":{"line":101,"column":51}},"type":"binary-expr","locations":[{"start":{"line":101,"column":10},"end":{"line":101,"column":26}},{"start":{"line":101,"column":30},"end":{"line":101,"column":51}}]},"6":{"loc":{"start":{"line":111,"column":6},"end":{"line":116,"column":7}},"type":"if","locations":[{"start":{"line":111,"column":6},"end":{"line":116,"column":7}},{"start":{},"end":{}}]},"7":{"loc":{"start":{"line":154,"column":8},"end":{"line":154,"column":29}},"type":"if","locations":[{"start":{"line":154,"column":8},"end":{"line":154,"column":29}},{"start":{},"end":{}}]},"8":{"loc":{"start":{"line":173,"column":6},"end":{"line":175,"column":7}},"type":"if","locations":[{"start":{"line":173,"column":6},"end":{"line":175,"column":7}},{"start":{},"end":{}}]}},"s":{"0":8,"1":8,"2":8,"3":8,"4":8,"5":8,"6":8,"7":22,"8":22,"9":8,"10":8,"11":25,"12":9,"13":16,"14":3,"15":3,"16":16,"17":8,"18":101,"19":50,"20":14,"21":13,"22":21,"23":21,"24":12,"25":9,"26":13,"27":21,"28":26,"29":16,"30":5,"31":11,"32":14,"33":8,"34":8,"35":8,"36":33,"37":33,"38":24,"39":22,"40":22,"41":1,"42":22,"43":2,"44":22,"45":2,"46":1,"47":22,"48":46,"49":46,"50":45,"51":45,"52":45,"53":45,"54":45,"55":46,"56":5},"f":{"0":22,"1":25,"2":3,"3":101,"4":13,"5":13,"6":26,"7":14,"8":33,"9":24,"10":22,"11":1,"12":2,"13":2,"14":46,"15":45,"16":45,"17":5},"b":{"0":[9,16],"1":[50,14,21,16],"2":[10,3],"3":[12,9],"4":[24,2],"5":[26,15],"6":[5,11],"7":[1,1],"8":[45,0]}}
,"/home/runner/workspace/src/hooks/useStreamingChat.ts": {"path":"/home/runner/workspace/src/hooks/useStreamingChat.ts","statementMap":{"0":{"start":{"line":1,"column":0},"end":{"line":1,"column":46}},"1":{"start":{"line":2,"column":0},"end":{"line":2,"column":35}},"2":{"start":{"line":16,"column":32},"end":{"line":141,"column":1}},"3":{"start":{"line":17,"column":34},"end":{"line":17,"column":57}},"4":{"start":{"line":18,"column":36},"end":{"line":18,"column":51}},"5":{"start":{"line":20,"column":22},"end":{"line":128,"column":null}},"6":{"start":{"line":22,"column":38},"end":{"line":26,"column":8}},"7":{"start":{"line":28,"column":6},"end":{"line":28,"column":55}},"8":{"start":{"line":28,"column":28},"end":{"line":28,"column":53}},"9":{"start":{"line":29,"column":6},"end":{"line":29,"column":25}},"10":{"start":{"line":31,"column":29},"end":{"line":31,"column":31}},"11":{"start":{"line":33,"column":6},"end":{"line":126,"column":7}},"12":{"start":{"line":34,"column":20},"end":{"line":34,"column":28}},"13":{"start":{"line":35,"column":25},"end":{"line":35,"column":76}},"14":{"start":{"line":37,"column":25},"end":{"line":48,"column":10}},"15":{"start":{"line":50,"column":8},"end":{"line":53,"column":9}},"16":{"start":{"line":51,"column":28},"end":{"line":51,"column":67}},"17":{"start":{"line":51,"column":63},"end":{"line":51,"column":65}},"18":{"start":{"line":52,"column":10},"end":{"line":52,"column":83}},"19":{"start":{"line":55,"column":8},"end":{"line":57,"column":9}},"20":{"start":{"line":56,"column":10},"end":{"line":56,"column":46}},"21":{"start":{"line":59,"column":23},"end":{"line":59,"column":48}},"22":{"start":{"line":60,"column":24},"end":{"line":60,"column":41}},"23":{"start":{"line":61,"column":21},"end":{"line":61,"column":23}},"24":{"start":{"line":63,"column":8},"end":{"line":110,"column":9}},"25":{"start":{"line":64,"column":34},"end":{"line":64,"column":53}},"26":{"start":{"line":65,"column":10},"end":{"line":65,"column":26}},"27":{"start":{"line":65,"column":20},"end":{"line":65,"column":26}},"28":{"start":{"line":67,"column":10},"end":{"line":67,"column":60}},"29":{"start":{"line":70,"column":10},"end":{"line":109,"column":11}},"30":{"start":{"line":71,"column":23},"end":{"line":71,"column":52}},"31":{"start":{"line":72,"column":12},"end":{"line":72,"column":52}},"32":{"start":{"line":74,"column":12},"end":{"line":74,"column":62}},"33":{"start":{"line":74,"column":37},"end":{"line":74,"column":62}},"34":{"start":{"line":75,"column":12},"end":{"line":75,"column":69}},"35":{"start":{"line":75,"column":60},"end":{"line":75,"column":69}},"36":{"start":{"line":76,"column":12},"end":{"line":76,"column":53}},"37":{"start":{"line":76,"column":44},"end":{"line":76,"column":53}},"38":{"start":{"line":78,"column":28},"end":{"line":78,"column":48}},"39":{"start":{"line":79,"column":12},"end":{"line":79,"column":44}},"40":{"start":{"line":79,"column":38},"end":{"line":79,"column":44}},"41":{"start":{"line":81,"column":12},"end":{"line":108,"column":13}},"42":{"start":{"line":82,"column":29},"end":{"line":82,"column":48}},"43":{"start":{"line":83,"column":30},"end":{"line":83,"column":65}},"44":{"start":{"line":84,"column":14},"end":{"line":105,"column":15}},"45":{"start":{"line":85,"column":16},"end":{"line":85,"column":44}},"46":{"start":{"line":86,"column":16},"end":{"line":104,"column":19}},"47":{"start":{"line":87,"column":38},"end":{"line":87,"column":59}},"48":{"start":{"line":88,"column":18},"end":{"line":94,"column":19}},"49":{"start":{"line":89,"column":20},"end":{"line":93,"column":22}},"50":{"start":{"line":90,"column":22},"end":{"line":92,"column":29}},"51":{"start":{"line":95,"column":18},"end":{"line":103,"column":20}},"52":{"start":{"line":107,"column":14},"end":{"line":107,"column":69}},"53":{"start":{"line":112,"column":8},"end":{"line":112,"column":28}},"54":{"start":{"line":114,"column":8},"end":{"line":114,"column":49}},"55":{"start":{"line":115,"column":8},"end":{"line":115,"column":28}},"56":{"start":{"line":116,"column":29},"end":{"line":116,"column":94}},"57":{"start":{"line":117,"column":8},"end":{"line":117,"column":32}},"58":{"start":{"line":119,"column":8},"end":{"line":125,"column":11}},"59":{"start":{"line":121,"column":27},"end":{"line":122,"column":null}},"60":{"start":{"line":122,"column":12},"end":{"line":122,"column":82}},"61":{"start":{"line":124,"column":10},"end":{"line":124,"column":26}},"62":{"start":{"line":131,"column":24},"end":{"line":133,"column":8}},"63":{"start":{"line":132,"column":4},"end":{"line":132,"column":20}},"64":{"start":{"line":135,"column":2},"end":{"line":140,"column":4}},"65":{"start":{"line":16,"column":13},"end":{"line":16,"column":32}}},"fnMap":{"0":{"name":"(anonymous_0)","decl":{"start":{"line":16,"column":32},"end":{"line":16,"column":33}},"loc":{"start":{"line":16,"column":78},"end":{"line":141,"column":1}}},"1":{"name":"(anonymous_1)","decl":{"start":{"line":21,"column":4},"end":{"line":21,"column":9}},"loc":{"start":{"line":21,"column":34},"end":{"line":127,"column":5}}},"2":{"name":"(anonymous_2)","decl":{"start":{"line":28,"column":18},"end":{"line":28,"column":19}},"loc":{"start":{"line":28,"column":28},"end":{"line":28,"column":53}}},"3":{"name":"(anonymous_3)","decl":{"start":{"line":51,"column":56},"end":{"line":51,"column":59}},"loc":{"start":{"line":51,"column":63},"end":{"line":51,"column":65}}},"4":{"name":"(anonymous_4)","decl":{"start":{"line":86,"column":28},"end":{"line":86,"column":29}},"loc":{"start":{"line":86,"column":37},"end":{"line":104,"column":17}}},"5":{"name":"(anonymous_5)","decl":{"start":{"line":89,"column":36},"end":{"line":89,"column":37}},"loc":{"start":{"line":90,"column":22},"end":{"line":92,"column":29}}},"6":{"name":"(anonymous_6)","decl":{"start":{"line":119,"column":20},"end":{"line":119,"column":21}},"loc":{"start":{"line":119,"column":29},"end":{"line":125,"column":9}}},"7":{"name":"(anonymous_7)","decl":{"start":{"line":121,"column":39},"end":{"line":121,"column":40}},"loc":{"start":{"line":122,"column":12},"end":{"line":122,"column":82}}},"8":{"name":"(anonymous_8)","decl":{"start":{"line":131,"column":36},"end":{"line":131,"column":39}},"loc":{"start":{"line":131,"column":41},"end":{"line":133,"column":3}}}},"branchMap":{"0":{"loc":{"start":{"line":50,"column":8},"end":{"line":53,"column":9}},"type":"if","locations":[{"start":{"line":50,"column":8},"end":{"line":53,"column":9}},{"start":{},"end":{}}]},"1":{"loc":{"start":{"line":52,"column":26},"end":{"line":52,"column":81}},"type":"binary-expr","locations":[{"start":{"line":52,"column":26},"end":{"line":52,"column":41}},{"start":{"line":52,"column":45},"end":{"line":52,"column":81}}]},"2":{"loc":{"start":{"line":55,"column":8},"end":{"line":57,"column":9}},"type":"if","locations":[{"start":{"line":55,"column":8},"end":{"line":57,"column":9}},{"start":{},"end":{}}]},"3":{"loc":{"start":{"line":65,"column":10},"end":{"line":65,"column":26}},"type":"if","locations":[{"start":{"line":65,"column":10},"end":{"line":65,"column":26}},{"start":{},"end":{}}]},"4":{"loc":{"start":{"line":74,"column":12},"end":{"line":74,"column":62}},"type":"if","locations":[{"start":{"line":74,"column":12},"end":{"line":74,"column":62}},{"start":{},"end":{}}]},"5":{"loc":{"start":{"line":75,"column":12},"end":{"line":75,"column":69}},"type":"if","locations":[{"start":{"line":75,"column":12},"end":{"line":75,"column":69}},{"start":{},"end":{}}]},"6":{"loc":{"start":{"line":75,"column":16},"end":{"line":75,"column":58}},"type":"binary-expr","locations":[{"start":{"line":75,"column":16},"end":{"line":75,"column":36}},{"start":{"line":75,"column":40},"end":{"line":75,"column":58}}]},"7":{"loc":{"start":{"line":76,"column":12},"end":{"line":76,"column":53}},"type":"if","locations":[{"start":{"line":76,"column":12},"end":{"line":76,"column":53}},{"start":{},"end":{}}]},"8":{"loc":{"start":{"line":79,"column":12},"end":{"line":79,"column":44}},"type":"if","locations":[{"start":{"line":79,"column":12},"end":{"line":79,"column":44}},{"start":{},"end":{}}]},"9":{"loc":{"start":{"line":84,"column":14},"end":{"line":105,"column":15}},"type":"if","locations":[{"start":{"line":84,"column":14},"end":{"line":105,"column":15}},{"start":{},"end":{}}]},"10":{"loc":{"start":{"line":88,"column":18},"end":{"line":94,"column":19}},"type":"if","locations":[{"start":{"line":88,"column":18},"end":{"line":94,"column":19}},{"start":{},"end":{}}]},"11":{"loc":{"start":{"line":90,"column":22},"end":{"line":92,"column":29}},"type":"cond-expr","locations":[{"start":{"line":91,"column":26},"end":{"line":91,"column":63}},{"start":{"line":92,"column":26},"end":{"line":92,"column":29}}]},"12":{"loc":{"start":{"line":116,"column":29},"end":{"line":116,"column":94}},"type":"cond-expr","locations":[{"start":{"line":116,"column":54},"end":{"line":116,"column":67}},{"start":{"line":116,"column":70},"end":{"line":116,"column":94}}]},"13":{"loc":{"start":{"line":122,"column":14},"end":{"line":122,"column":81}},"type":"binary-expr","locations":[{"start":{"line":122,"column":14},"end":{"line":122,"column":37}},{"start":{"line":122,"column":41},"end":{"line":122,"column":65}},{"start":{"line":122,"column":69},"end":{"line":122,"column":81}}]}},"s":{"0":4,"1":4,"2":4,"3":53,"4":53,"5":53,"6":24,"7":24,"8":24,"9":24,"10":24,"11":24,"12":24,"13":24,"14":24,"15":20,"16":3,"17":1,"18":3,"19":17,"20":2,"21":15,"22":15,"23":15,"24":15,"25":26,"26":24,"27":13,"28":11,"29":11,"30":15,"31":15,"32":15,"33":1,"34":15,"35":3,"36":12,"37":1,"38":11,"39":11,"40":1,"41":10,"42":10,"43":9,"44":9,"45":8,"46":8,"47":8,"48":8,"49":1,"50":2,"51":7,"52":1,"53":13,"54":11,"55":11,"56":11,"57":11,"58":11,"59":11,"60":12,"61":11,"62":53,"63":2,"64":53,"65":4},"f":{"0":53,"1":24,"2":24,"3":1,"4":8,"5":2,"6":11,"7":12,"8":2},"b":{"0":[3,17],"1":[3,1],"2":[2,15],"3":[13,11],"4":[1,14],"5":[3,12],"6":[15,14],"7":[1,11],"8":[1,10],"9":[8,1],"10":[1,7],"11":[1,1],"12":[10,1],"13":[12,11,1]}}
,"/home/runner/workspace/src/lib/aiModels.ts": {"path":"/home/runner/workspace/src/lib/aiModels.ts","statementMap":{"0":{"start":{"line":11,"column":13},"end":{"line":75,"column":2}},"1":{"start":{"line":77,"column":28},"end":{"line":79,"column":1}},"2":{"start":{"line":78,"column":2},"end":{"line":78,"column":52}},"3":{"start":{"line":78,"column":35},"end":{"line":78,"column":50}},"4":{"start":{"line":77,"column":13},"end":{"line":77,"column":28}},"5":{"start":{"line":81,"column":35},"end":{"line":83,"column":1}},"6":{"start":{"line":82,"column":2},"end":{"line":82,"column":66}},"7":{"start":{"line":82,"column":37},"end":{"line":82,"column":64}},"8":{"start":{"line":81,"column":13},"end":{"line":81,"column":35}}},"fnMap":{"0":{"name":"(anonymous_0)","decl":{"start":{"line":77,"column":28},"end":{"line":77,"column":29}},"loc":{"start":{"line":77,"column":64},"end":{"line":79,"column":1}}},"1":{"name":"(anonymous_1)","decl":{"start":{"line":78,"column":24},"end":{"line":78,"column":25}},"loc":{"start":{"line":78,"column":35},"end":{"line":78,"column":50}}},"2":{"name":"(anonymous_2)","decl":{"start":{"line":81,"column":35},"end":{"line":81,"column":36}},"loc":{"start":{"line":81,"column":67},"end":{"line":83,"column":1}}},"3":{"name":"(anonymous_3)","decl":{"start":{"line":82,"column":26},"end":{"line":82,"column":27}},"loc":{"start":{"line":82,"column":37},"end":{"line":82,"column":64}}}},"branchMap":{},"s":{"0":6,"1":6,"2":3,"3":17,"4":6,"5":6,"6":4,"7":28,"8":6},"f":{"0":3,"1":17,"2":4,"3":28},"b":{}}
,"/home/runner/workspace/src/lib/env.ts": {"path":"/home/runner/workspace/src/lib/env.ts","statementMap":{"0":{"start":{"line":9,"column":0},"end":{"line":9,"column":16}},"1":{"start":{"line":52,"column":0},"end":{"line":52,"column":16}},"2":{"start":{"line":7,"column":36},"end":{"line":7,"column":40}},"3":{"start":{"line":10,"column":2},"end":{"line":12,"column":3}},"4":{"start":{"line":11,"column":4},"end":{"line":11,"column":21}},"5":{"start":{"line":14,"column":2},"end":{"line":14,"column":24}},"6":{"start":{"line":15,"column":2},"end":{"line":15,"column":19}},"7":{"start":{"line":20,"column":14},"end":{"line":20,"column":57}},"8":{"start":{"line":21,"column":14},"end":{"line":21,"column":69}},"9":{"start":{"line":23,"column":2},"end":{"line":25,"column":3}},"10":{"start":{"line":24,"column":4},"end":{"line":24,"column":74}},"11":{"start":{"line":27,"column":2},"end":{"line":30,"column":4}},"12":{"start":{"line":35,"column":2},"end":{"line":37,"column":3}},"13":{"start":{"line":36,"column":4},"end":{"line":36,"column":34}},"14":{"start":{"line":40,"column":2},"end":{"line":42,"column":3}},"15":{"start":{"line":41,"column":4},"end":{"line":41,"column":38}},"16":{"start":{"line":45,"column":2},"end":{"line":47,"column":3}},"17":{"start":{"line":46,"column":4},"end":{"line":46,"column":36}},"18":{"start":{"line":49,"column":2},"end":{"line":49,"column":12}},"19":{"start":{"line":53,"column":2},"end":{"line":53,"column":19}}},"fnMap":{"0":{"name":"getEnv","decl":{"start":{"line":9,"column":16},"end":{"line":9,"column":22}},"loc":{"start":{"line":9,"column":22},"end":{"line":16,"column":1}}},"1":{"name":"loadEnv","decl":{"start":{"line":18,"column":9},"end":{"line":18,"column":16}},"loc":{"start":{"line":18,"column":16},"end":{"line":31,"column":1}}},"2":{"name":"getEnvironmentVariable","decl":{"start":{"line":33,"column":9},"end":{"line":33,"column":31}},"loc":{"start":{"line":33,"column":43},"end":{"line":50,"column":1}}},"3":{"name":"resetEnv","decl":{"start":{"line":52,"column":16},"end":{"line":52,"column":24}},"loc":{"start":{"line":52,"column":24},"end":{"line":54,"column":1}}}},"branchMap":{"0":{"loc":{"start":{"line":10,"column":2},"end":{"line":12,"column":3}},"type":"if","locations":[{"start":{"line":10,"column":2},"end":{"line":12,"column":3}},{"start":{},"end":{}}]},"1":{"loc":{"start":{"line":23,"column":2},"end":{"line":25,"column":3}},"type":"if","locations":[{"start":{"line":23,"column":2},"end":{"line":25,"column":3}},{"start":{},"end":{}}]},"2":{"loc":{"start":{"line":23,"column":6},"end":{"line":23,"column":16}},"type":"binary-expr","locations":[{"start":{"line":23,"column":6},"end":{"line":23,"column":9}},{"start":{"line":23,"column":13},"end":{"line":23,"column":16}}]},"3":{"loc":{"start":{"line":28,"column":23},"end":{"line":28,"column":32}},"type":"binary-expr","locations":[{"start":{"line":28,"column":23},"end":{"line":28,"column":26}},{"start":{"line":28,"column":30},"end":{"line":28,"column":32}}]},"4":{"loc":{"start":{"line":29,"column":35},"end":{"line":29,"column":44}},"type":"binary-expr","locations":[{"start":{"line":29,"column":35},"end":{"line":29,"column":38}},{"start":{"line":29,"column":42},"end":{"line":29,"column":44}}]},"5":{"loc":{"start":{"line":35,"column":2},"end":{"line":37,"column":3}},"type":"if","locations":[{"start":{"line":35,"column":2},"end":{"line":37,"column":3}},{"start":{},"end":{}}]},"6":{"loc":{"start":{"line":35,"column":6},"end":{"line":35,"column":56}},"type":"binary-expr","locations":[{"start":{"line":35,"column":6},"end":{"line":35,"column":36}},{"start":{"line":35,"column":40},"end":{"line":35,"column":56}}]},"7":{"loc":{"start":{"line":36,"column":11},"end":{"line":36,"column":33}},"type":"binary-expr","locations":[{"start":{"line":36,"column":11},"end":{"line":36,"column":27}},{"start":{"line":36,"column":31},"end":{"line":36,"column":33}}]},"8":{"loc":{"start":{"line":40,"column":2},"end":{"line":42,"column":3}},"type":"if","locations":[{"start":{"line":40,"column":2},"end":{"line":42,"column":3}},{"start":{},"end":{}}]},"9":{"loc":{"start":{"line":40,"column":6},"end":{"line":40,"column":67}},"type":"binary-expr","locations":[{"start":{"line":40,"column":6},"end":{"line":40,"column":35}},{"start":{"line":40,"column":40},"end":{"line":40,"column":67}}]},"10":{"loc":{"start":{"line":45,"column":2},"end":{"line":47,"column":3}},"type":"if","locations":[{"start":{"line":45,"column":2},"end":{"line":47,"column":3}},{"start":{},"end":{}}]},"11":{"loc":{"start":{"line":45,"column":6},"end":{"line":45,"column":67}},"type":"binary-expr","locations":[{"start":{"line":45,"column":6},"end":{"line":45,"column":39}},{"start":{"line":45,"column":44},"end":{"line":45,"column":67}}]}},"s":{"0":4,"1":4,"2":4,"3":38,"4":4,"5":34,"6":34,"7":34,"8":34,"9":34,"10":2,"11":32,"12":68,"13":8,"14":60,"15":3,"16":57,"17":1,"18":56,"19":79},"f":{"0":38,"1":34,"2":68,"3":79},"b":{"0":[4,34],"1":[2,32],"2":[34,8],"3":[32,26],"4":[32,30],"5":[8,60],"6":[68,68],"7":[8,0],"8":[3,57],"9":[60,60],"10":[1,56],"11":[57,57]}}
,"/home/runner/workspace/src/lib/researchPrompts.ts": {"path":"/home/runner/workspace/src/lib/researchPrompts.ts","statementMap":{"0":{"start":{"line":27,"column":4},"end":{"line":55,"column":78}},"1":{"start":{"line":63,"column":4},"end":{"line":76,"column":148}},"2":{"start":{"line":90,"column":17},"end":{"line":92,"column":16}},"3":{"start":{"line":94,"column":26},"end":{"line":99,"column":10}},"4":{"start":{"line":101,"column":27},"end":{"line":101,"column":105}},"5":{"start":{"line":101,"column":75},"end":{"line":101,"column":93}},"6":{"start":{"line":102,"column":24},"end":{"line":102,"column":114}},"7":{"start":{"line":104,"column":4},"end":{"line":110,"column":44}},"8":{"start":{"line":126,"column":8},"end":{"line":126,"column":14}},"9":{"start":{"line":128,"column":28},"end":{"line":134,"column":174}},"10":{"start":{"line":136,"column":23},"end":{"line":136,"column":72}},"11":{"start":{"line":137,"column":24},"end":{"line":137,"column":114}},"12":{"start":{"line":139,"column":4},"end":{"line":161,"column":49}},"13":{"start":{"line":169,"column":4},"end":{"line":198,"column":109}},"14":{"start":{"line":214,"column":8},"end":{"line":214,"column":14}},"15":{"start":{"line":216,"column":28},"end":{"line":219,"column":174}},"16":{"start":{"line":221,"column":23},"end":{"line":221,"column":56}},"17":{"start":{"line":223,"column":4},"end":{"line":233,"column":15}},"18":{"start":{"line":241,"column":4},"end":{"line":243,"column":16}},"19":{"start":{"line":256,"column":8},"end":{"line":256,"column":14}},"20":{"start":{"line":258,"column":4},"end":{"line":258,"column":618}},"21":{"start":{"line":274,"column":8},"end":{"line":274,"column":14}},"22":{"start":{"line":276,"column":28},"end":{"line":282,"column":174}},"23":{"start":{"line":284,"column":23},"end":{"line":284,"column":72}},"24":{"start":{"line":285,"column":24},"end":{"line":285,"column":114}},"25":{"start":{"line":287,"column":4},"end":{"line":317,"column":44}},"26":{"start":{"line":325,"column":4},"end":{"line":347,"column":3}},"27":{"start":{"line":355,"column":4},"end":{"line":358,"column":83}},"28":{"start":{"line":371,"column":4},"end":{"line":386,"column":86}},"29":{"start":{"line":405,"column":24},"end":{"line":405,"column":114}},"30":{"start":{"line":407,"column":4},"end":{"line":460,"column":34}},"31":{"start":{"line":473,"column":4},"end":{"line":496,"column":50}},"32":{"start":{"line":509,"column":24},"end":{"line":509,"column":114}},"33":{"start":{"line":511,"column":4},"end":{"line":519,"column":47}},"34":{"start":{"line":532,"column":4},"end":{"line":549,"column":23}},"35":{"start":{"line":558,"column":4},"end":{"line":558,"column":168}},"36":{"start":{"line":566,"column":25},"end":{"line":568,"column":10}},"37":{"start":{"line":570,"column":4},"end":{"line":577,"column":17}},"38":{"start":{"line":582,"column":4},"end":{"line":582,"column":94}},"39":{"start":{"line":586,"column":4},"end":{"line":596,"column":46}},"40":{"start":{"line":601,"column":4},"end":{"line":601,"column":160}},"41":{"start":{"line":610,"column":24},"end":{"line":610,"column":117}},"42":{"start":{"line":612,"column":4},"end":{"line":621,"column":82}},"43":{"start":{"line":626,"column":4},"end":{"line":626,"column":206}},"44":{"start":{"line":634,"column":24},"end":{"line":634,"column":117}},"45":{"start":{"line":635,"column":32},"end":{"line":637,"column":10}},"46":{"start":{"line":639,"column":4},"end":{"line":647,"column":131}},"47":{"start":{"line":656,"column":4},"end":{"line":658,"column":227}},"48":{"start":{"line":667,"column":24},"end":{"line":667,"column":51}},"49":{"start":{"line":669,"column":4},"end":{"line":680,"column":63}},"50":{"start":{"line":685,"column":4},"end":{"line":689,"column":12}},"51":{"start":{"line":696,"column":24},"end":{"line":696,"column":51}},"52":{"start":{"line":698,"column":4},"end":{"line":711,"column":19}},"53":{"start":{"line":718,"column":4},"end":{"line":763,"column":50}},"54":{"start":{"line":17,"column":0},"end":{"line":17,"column":13}},"55":{"start":{"line":767,"column":0},"end":{"line":767,"column":31}}},"fnMap":{"0":{"name":"(anonymous_0)","decl":{"start":{"line":22,"column":2},"end":{"line":22,"column":8}},"loc":{"start":{"line":25,"column":24},"end":{"line":56,"column":3}}},"1":{"name":"(anonymous_1)","decl":{"start":{"line":62,"column":2},"end":{"line":62,"column":8}},"loc":{"start":{"line":62,"column":73},"end":{"line":77,"column":3}}},"2":{"name":"(anonymous_2)","decl":{"start":{"line":83,"column":2},"end":{"line":83,"column":8}},"loc":{"start":{"line":88,"column":23},"end":{"line":111,"column":3}}},"3":{"name":"(anonymous_3)","decl":{"start":{"line":101,"column":65},"end":{"line":101,"column":66}},"loc":{"start":{"line":101,"column":75},"end":{"line":101,"column":93}}},"4":{"name":"(anonymous_4)","decl":{"start":{"line":117,"column":2},"end":{"line":117,"column":8}},"loc":{"start":{"line":117,"column":50},"end":{"line":162,"column":3}}},"5":{"name":"(anonymous_5)","decl":{"start":{"line":168,"column":2},"end":{"line":168,"column":8}},"loc":{"start":{"line":168,"column":84},"end":{"line":199,"column":3}}},"6":{"name":"(anonymous_6)","decl":{"start":{"line":205,"column":2},"end":{"line":205,"column":8}},"loc":{"start":{"line":205,"column":58},"end":{"line":234,"column":3}}},"7":{"name":"(anonymous_7)","decl":{"start":{"line":240,"column":2},"end":{"line":240,"column":8}},"loc":{"start":{"line":240,"column":72},"end":{"line":244,"column":3}}},"8":{"name":"(anonymous_8)","decl":{"start":{"line":250,"column":2},"end":{"line":250,"column":8}},"loc":{"start":{"line":250,"column":57},"end":{"line":259,"column":3}}},"9":{"name":"(anonymous_9)","decl":{"start":{"line":265,"column":2},"end":{"line":265,"column":8}},"loc":{"start":{"line":265,"column":56},"end":{"line":318,"column":3}}},"10":{"name":"(anonymous_10)","decl":{"start":{"line":324,"column":2},"end":{"line":324,"column":8}},"loc":{"start":{"line":324,"column":30},"end":{"line":348,"column":3}}},"11":{"name":"(anonymous_11)","decl":{"start":{"line":354,"column":2},"end":{"line":354,"column":8}},"loc":{"start":{"line":354,"column":58},"end":{"line":359,"column":3}}},"12":{"name":"(anonymous_12)","decl":{"start":{"line":365,"column":2},"end":{"line":365,"column":8}},"loc":{"start":{"line":369,"column":28},"end":{"line":387,"column":3}}},"13":{"name":"(anonymous_13)","decl":{"start":{"line":393,"column":2},"end":{"line":393,"column":8}},"loc":{"start":{"line":403,"column":32},"end":{"line":461,"column":3}}},"14":{"name":"(anonymous_14)","decl":{"start":{"line":467,"column":2},"end":{"line":467,"column":8}},"loc":{"start":{"line":471,"column":30},"end":{"line":497,"column":3}}},"15":{"name":"(anonymous_15)","decl":{"start":{"line":503,"column":2},"end":{"line":503,"column":8}},"loc":{"start":{"line":507,"column":32},"end":{"line":520,"column":3}}},"16":{"name":"(anonymous_16)","decl":{"start":{"line":526,"column":2},"end":{"line":526,"column":8}},"loc":{"start":{"line":530,"column":32},"end":{"line":550,"column":3}}},"17":{"name":"(anonymous_17)","decl":{"start":{"line":557,"column":2},"end":{"line":557,"column":8}},"loc":{"start":{"line":557,"column":31},"end":{"line":559,"column":3}}},"18":{"name":"(anonymous_18)","decl":{"start":{"line":561,"column":2},"end":{"line":561,"column":8}},"loc":{"start":{"line":564,"column":30},"end":{"line":578,"column":3}}},"19":{"name":"(anonymous_19)","decl":{"start":{"line":581,"column":2},"end":{"line":581,"column":8}},"loc":{"start":{"line":581,"column":28},"end":{"line":583,"column":3}}},"20":{"name":"(anonymous_20)","decl":{"start":{"line":585,"column":2},"end":{"line":585,"column":8}},"loc":{"start":{"line":585,"column":61},"end":{"line":597,"column":3}}},"21":{"name":"(anonymous_21)","decl":{"start":{"line":600,"column":2},"end":{"line":600,"column":8}},"loc":{"start":{"line":600,"column":27},"end":{"line":602,"column":3}}},"22":{"name":"(anonymous_22)","decl":{"start":{"line":604,"column":2},"end":{"line":604,"column":8}},"loc":{"start":{"line":608,"column":37},"end":{"line":622,"column":3}}},"23":{"name":"(anonymous_23)","decl":{"start":{"line":625,"column":2},"end":{"line":625,"column":8}},"loc":{"start":{"line":625,"column":27},"end":{"line":627,"column":3}}},"24":{"name":"(anonymous_24)","decl":{"start":{"line":629,"column":2},"end":{"line":629,"column":8}},"loc":{"start":{"line":632,"column":27},"end":{"line":648,"column":3}}},"25":{"name":"(anonymous_25)","decl":{"start":{"line":655,"column":2},"end":{"line":655,"column":8}},"loc":{"start":{"line":655,"column":80},"end":{"line":659,"column":3}}},"26":{"name":"(anonymous_26)","decl":{"start":{"line":662,"column":2},"end":{"line":662,"column":8}},"loc":{"start":{"line":665,"column":28},"end":{"line":681,"column":3}}},"27":{"name":"(anonymous_27)","decl":{"start":{"line":684,"column":2},"end":{"line":684,"column":8}},"loc":{"start":{"line":684,"column":62},"end":{"line":690,"column":3}}},"28":{"name":"(anonymous_28)","decl":{"start":{"line":695,"column":2},"end":{"line":695,"column":8}},"loc":{"start":{"line":695,"column":45},"end":{"line":712,"column":3}}},"29":{"name":"(anonymous_29)","decl":{"start":{"line":717,"column":2},"end":{"line":717,"column":8}},"loc":{"start":{"line":717,"column":31},"end":{"line":764,"column":3}}}},"branchMap":{"0":{"loc":{"start":{"line":25,"column":4},"end":{"line":25,"column":24}},"type":"default-arg","locations":[{"start":{"line":25,"column":23},"end":{"line":25,"column":24}}]},"1":{"loc":{"start":{"line":85,"column":4},"end":{"line":85,"column":28}},"type":"default-arg","locations":[{"start":{"line":85,"column":26},"end":{"line":85,"column":28}}]},"2":{"loc":{"start":{"line":86,"column":4},"end":{"line":86,"column":42}},"type":"default-arg","locations":[{"start":{"line":86,"column":25},"end":{"line":86,"column":42}}]},"3":{"loc":{"start":{"line":87,"column":4},"end":{"line":87,"column":29}},"type":"default-arg","locations":[{"start":{"line":87,"column":28},"end":{"line":87,"column":29}}]},"4":{"loc":{"start":{"line":88,"column":4},"end":{"line":88,"column":23}},"type":"default-arg","locations":[{"start":{"line":88,"column":21},"end":{"line":88,"column":23}}]},"5":{"loc":{"start":{"line":90,"column":17},"end":{"line":92,"column":16}},"type":"cond-expr","locations":[{"start":{"line":91,"column":8},"end":{"line":91,"column":38}},{"start":{"line":92,"column":8},"end":{"line":92,"column":16}}]},"6":{"loc":{"start":{"line":90,"column":17},"end":{"line":90,"column":85}},"type":"binary-expr","locations":[{"start":{"line":90,"column":17},"end":{"line":90,"column":49}},{"start":{"line":90,"column":53},"end":{"line":90,"column":85}}]},"7":{"loc":{"start":{"line":94,"column":26},"end":{"line":99,"column":10}},"type":"cond-expr","locations":[{"start":{"line":95,"column":8},"end":{"line":98,"column":null}},{"start":{"line":99,"column":8},"end":{"line":99,"column":10}}]},"8":{"loc":{"start":{"line":120,"column":6},"end":{"line":120,"column":18}},"type":"default-arg","locations":[{"start":{"line":120,"column":16},"end":{"line":120,"column":18}}]},"9":{"loc":{"start":{"line":121,"column":6},"end":{"line":121,"column":26}},"type":"default-arg","locations":[{"start":{"line":121,"column":21},"end":{"line":121,"column":26}}]},"10":{"loc":{"start":{"line":122,"column":6},"end":{"line":122,"column":23}},"type":"default-arg","locations":[{"start":{"line":122,"column":19},"end":{"line":122,"column":23}}]},"11":{"loc":{"start":{"line":123,"column":6},"end":{"line":123,"column":15}},"type":"default-arg","locations":[{"start":{"line":123,"column":13},"end":{"line":123,"column":15}}]},"12":{"loc":{"start":{"line":124,"column":6},"end":{"line":124,"column":26}},"type":"default-arg","locations":[{"start":{"line":124,"column":17},"end":{"line":124,"column":26}}]},"13":{"loc":{"start":{"line":125,"column":6},"end":{"line":125,"column":26}},"type":"default-arg","locations":[{"start":{"line":125,"column":21},"end":{"line":125,"column":26}}]},"14":{"loc":{"start":{"line":128,"column":28},"end":{"line":134,"column":174}},"type":"cond-expr","locations":[{"start":{"line":129,"column":8},"end":{"line":133,"column":null}},{"start":{"line":134,"column":8},"end":{"line":134,"column":174}}]},"15":{"loc":{"start":{"line":136,"column":23},"end":{"line":136,"column":72}},"type":"cond-expr","locations":[{"start":{"line":136,"column":30},"end":{"line":136,"column":67}},{"start":{"line":136,"column":70},"end":{"line":136,"column":72}}]},"16":{"loc":{"start":{"line":168,"column":61},"end":{"line":168,"column":84}},"type":"default-arg","locations":[{"start":{"line":168,"column":82},"end":{"line":168,"column":84}}]},"17":{"loc":{"start":{"line":208,"column":6},"end":{"line":208,"column":18}},"type":"default-arg","locations":[{"start":{"line":208,"column":16},"end":{"line":208,"column":18}}]},"18":{"loc":{"start":{"line":209,"column":6},"end":{"line":209,"column":26}},"type":"default-arg","locations":[{"start":{"line":209,"column":21},"end":{"line":209,"column":26}}]},"19":{"loc":{"start":{"line":210,"column":6},"end":{"line":210,"column":15}},"type":"default-arg","locations":[{"start":{"line":210,"column":13},"end":{"line":210,"column":15}}]},"20":{"loc":{"start":{"line":211,"column":6},"end":{"line":211,"column":23}},"type":"default-arg","locations":[{"start":{"line":211,"column":19},"end":{"line":211,"column":23}}]},"21":{"loc":{"start":{"line":212,"column":6},"end":{"line":212,"column":26}},"type":"default-arg","locations":[{"start":{"line":212,"column":17},"end":{"line":212,"column":26}}]},"22":{"loc":{"start":{"line":213,"column":6},"end":{"line":213,"column":26}},"type":"default-arg","locations":[{"start":{"line":213,"column":21},"end":{"line":213,"column":26}}]},"23":{"loc":{"start":{"line":216,"column":28},"end":{"line":219,"column":174}},"type":"cond-expr","locations":[{"start":{"line":217,"column":8},"end":{"line":218,"column":null}},{"start":{"line":219,"column":8},"end":{"line":219,"column":174}}]},"24":{"loc":{"start":{"line":221,"column":23},"end":{"line":221,"column":56}},"type":"cond-expr","locations":[{"start":{"line":221,"column":30},"end":{"line":221,"column":51}},{"start":{"line":221,"column":54},"end":{"line":221,"column":56}}]},"25":{"loc":{"start":{"line":253,"column":6},"end":{"line":253,"column":18}},"type":"default-arg","locations":[{"start":{"line":253,"column":16},"end":{"line":253,"column":18}}]},"26":{"loc":{"start":{"line":254,"column":6},"end":{"line":254,"column":23}},"type":"default-arg","locations":[{"start":{"line":254,"column":19},"end":{"line":254,"column":23}}]},"27":{"loc":{"start":{"line":255,"column":6},"end":{"line":255,"column":26}},"type":"default-arg","locations":[{"start":{"line":255,"column":17},"end":{"line":255,"column":26}}]},"28":{"loc":{"start":{"line":268,"column":6},"end":{"line":268,"column":18}},"type":"default-arg","locations":[{"start":{"line":268,"column":16},"end":{"line":268,"column":18}}]},"29":{"loc":{"start":{"line":269,"column":6},"end":{"line":269,"column":26}},"type":"default-arg","locations":[{"start":{"line":269,"column":21},"end":{"line":269,"column":26}}]},"30":{"loc":{"start":{"line":270,"column":6},"end":{"line":270,"column":15}},"type":"default-arg","locations":[{"start":{"line":270,"column":13},"end":{"line":270,"column":15}}]},"31":{"loc":{"start":{"line":271,"column":6},"end":{"line":271,"column":23}},"type":"default-arg","locations":[{"start":{"line":271,"column":19},"end":{"line":271,"column":23}}]},"32":{"loc":{"start":{"line":272,"column":6},"end":{"line":272,"column":26}},"type":"default-arg","locations":[{"start":{"line":272,"column":17},"end":{"line":272,"column":26}}]},"33":{"loc":{"start":{"line":273,"column":6},"end":{"line":273,"column":26}},"type":"default-arg","locations":[{"start":{"line":273,"column":21},"end":{"line":273,"column":26}}]},"34":{"loc":{"start":{"line":276,"column":28},"end":{"line":282,"column":174}},"type":"cond-expr","locations":[{"start":{"line":277,"column":8},"end":{"line":281,"column":null}},{"start":{"line":282,"column":8},"end":{"line":282,"column":174}}]},"35":{"loc":{"start":{"line":284,"column":23},"end":{"line":284,"column":72}},"type":"cond-expr","locations":[{"start":{"line":284,"column":30},"end":{"line":284,"column":67}},{"start":{"line":284,"column":70},"end":{"line":284,"column":72}}]},"36":{"loc":{"start":{"line":369,"column":4},"end":{"line":369,"column":28}},"type":"default-arg","locations":[{"start":{"line":369,"column":27},"end":{"line":369,"column":28}}]},"37":{"loc":{"start":{"line":399,"column":4},"end":{"line":399,"column":32}},"type":"default-arg","locations":[{"start":{"line":399,"column":27},"end":{"line":399,"column":32}}]},"38":{"loc":{"start":{"line":400,"column":4},"end":{"line":400,"column":30}},"type":"default-arg","locations":[{"start":{"line":400,"column":29},"end":{"line":400,"column":30}}]},"39":{"loc":{"start":{"line":401,"column":4},"end":{"line":401,"column":28}},"type":"default-arg","locations":[{"start":{"line":401,"column":25},"end":{"line":401,"column":28}}]},"40":{"loc":{"start":{"line":402,"column":4},"end":{"line":402,"column":30}},"type":"default-arg","locations":[{"start":{"line":402,"column":19},"end":{"line":402,"column":30}}]},"41":{"loc":{"start":{"line":403,"column":4},"end":{"line":403,"column":32}},"type":"default-arg","locations":[{"start":{"line":403,"column":23},"end":{"line":403,"column":32}}]},"42":{"loc":{"start":{"line":471,"column":4},"end":{"line":471,"column":30}},"type":"default-arg","locations":[{"start":{"line":471,"column":29},"end":{"line":471,"column":30}}]},"43":{"loc":{"start":{"line":505,"column":4},"end":{"line":505,"column":32}},"type":"default-arg","locations":[{"start":{"line":505,"column":30},"end":{"line":505,"column":32}}]},"44":{"loc":{"start":{"line":506,"column":4},"end":{"line":506,"column":32}},"type":"default-arg","locations":[{"start":{"line":506,"column":23},"end":{"line":506,"column":32}}]},"45":{"loc":{"start":{"line":507,"column":4},"end":{"line":507,"column":32}},"type":"default-arg","locations":[{"start":{"line":507,"column":27},"end":{"line":507,"column":32}}]},"46":{"loc":{"start":{"line":529,"column":4},"end":{"line":529,"column":32}},"type":"default-arg","locations":[{"start":{"line":529,"column":23},"end":{"line":529,"column":32}}]},"47":{"loc":{"start":{"line":530,"column":4},"end":{"line":530,"column":32}},"type":"default-arg","locations":[{"start":{"line":530,"column":27},"end":{"line":530,"column":32}}]},"48":{"loc":{"start":{"line":564,"column":4},"end":{"line":564,"column":30}},"type":"default-arg","locations":[{"start":{"line":564,"column":28},"end":{"line":564,"column":30}}]},"49":{"loc":{"start":{"line":566,"column":25},"end":{"line":568,"column":10}},"type":"cond-expr","locations":[{"start":{"line":567,"column":8},"end":{"line":567,"column":120}},{"start":{"line":568,"column":8},"end":{"line":568,"column":10}}]},"50":{"loc":{"start":{"line":607,"column":4},"end":{"line":607,"column":27}},"type":"default-arg","locations":[{"start":{"line":607,"column":25},"end":{"line":607,"column":27}}]},"51":{"loc":{"start":{"line":608,"column":4},"end":{"line":608,"column":37}},"type":"default-arg","locations":[{"start":{"line":608,"column":32},"end":{"line":608,"column":37}}]},"52":{"loc":{"start":{"line":619,"column":2},"end":{"line":619,"column":82}},"type":"cond-expr","locations":[{"start":{"line":619,"column":21},"end":{"line":619,"column":77}},{"start":{"line":619,"column":80},"end":{"line":619,"column":82}}]},"53":{"loc":{"start":{"line":631,"column":4},"end":{"line":631,"column":30}},"type":"default-arg","locations":[{"start":{"line":631,"column":28},"end":{"line":631,"column":30}}]},"54":{"loc":{"start":{"line":632,"column":4},"end":{"line":632,"column":27}},"type":"default-arg","locations":[{"start":{"line":632,"column":26},"end":{"line":632,"column":27}}]},"55":{"loc":{"start":{"line":635,"column":32},"end":{"line":637,"column":10}},"type":"cond-expr","locations":[{"start":{"line":636,"column":8},"end":{"line":636,"column":99}},{"start":{"line":637,"column":8},"end":{"line":637,"column":10}}]},"56":{"loc":{"start":{"line":635,"column":32},"end":{"line":635,"column":71}},"type":"binary-expr","locations":[{"start":{"line":635,"column":32},"end":{"line":635,"column":45}},{"start":{"line":635,"column":49},"end":{"line":635,"column":71}}]},"57":{"loc":{"start":{"line":655,"column":58},"end":{"line":655,"column":80}},"type":"default-arg","locations":[{"start":{"line":655,"column":79},"end":{"line":655,"column":80}}]},"58":{"loc":{"start":{"line":665,"column":4},"end":{"line":665,"column":28}},"type":"default-arg","locations":[{"start":{"line":665,"column":27},"end":{"line":665,"column":28}}]},"59":{"loc":{"start":{"line":695,"column":26},"end":{"line":695,"column":45}},"type":"default-arg","locations":[{"start":{"line":695,"column":43},"end":{"line":695,"column":45}}]}},"s":{"0":20,"1":14,"2":30,"3":30,"4":30,"5":106,"6":30,"7":30,"8":43,"9":43,"10":43,"11":43,"12":43,"13":4,"14":10,"15":10,"16":10,"17":10,"18":1,"19":2,"20":2,"21":6,"22":6,"23":6,"24":6,"25":6,"26":1,"27":1,"28":3,"29":2,"30":2,"31":1,"32":4,"33":4,"34":1,"35":1,"36":2,"37":2,"38":1,"39":1,"40":2,"41":8,"42":8,"43":2,"44":10,"45":10,"46":10,"47":5,"48":7,"49":7,"50":4,"51":6,"52":6,"53":4,"54":6,"55":6},"f":{"0":20,"1":14,"2":30,"3":106,"4":43,"5":4,"6":10,"7":1,"8":2,"9":6,"10":1,"11":1,"12":3,"13":2,"14":1,"15":4,"16":1,"17":1,"18":2,"19":1,"20":1,"21":2,"22":8,"23":2,"24":10,"25":5,"26":7,"27":4,"28":6,"29":4},"b":{"0":[13],"1":[8],"2":[8],"3":[13],"4":[24],"5":[6,24],"6":[30,26],"7":[4,26],"8":[38],"9":[24],"10":[37],"11":[37],"12":[33],"13":[35],"14":[40,3],"15":[6,37],"16":[1],"17":[9],"18":[5],"19":[9],"20":[10],"21":[10],"22":[7],"23":[9,1],"24":[1,9],"25":[2],"26":[1],"27":[2],"28":[6],"29":[6],"30":[2],"31":[6],"32":[6],"33":[4],"34":[5,1],"35":[4,2],"36":[1],"37":[0],"38":[1],"39":[1],"40":[1],"41":[1],"42":[0],"43":[0],"44":[0],"45":[3],"46":[0],"47":[0],"48":[1],"49":[1,1],"50":[5],"51":[5],"52":[2,6],"53":[5],"54":[7],"55":[2,8],"56":[10,3],"57":[3],"58":[5],"59":[4]}}
,"/home/runner/workspace/src/lib/researchTypes.ts": {"path":"/home/runner/workspace/src/lib/researchTypes.ts","statementMap":{"0":{"start":{"line":6,"column":0},"end":{"line":6,"column":null}},"1":{"start":{"line":7,"column":2},"end":{"line":7,"column":null}},"2":{"start":{"line":8,"column":2},"end":{"line":8,"column":null}},"3":{"start":{"line":9,"column":2},"end":{"line":9,"column":null}},"4":{"start":{"line":10,"column":2},"end":{"line":10,"column":null}},"5":{"start":{"line":11,"column":2},"end":{"line":11,"column":null}},"6":{"start":{"line":12,"column":2},"end":{"line":12,"column":null}},"7":{"start":{"line":13,"column":2},"end":{"line":13,"column":null}},"8":{"start":{"line":16,"column":0},"end":{"line":16,"column":null}},"9":{"start":{"line":17,"column":2},"end":{"line":17,"column":null}},"10":{"start":{"line":18,"column":2},"end":{"line":18,"column":null}},"11":{"start":{"line":19,"column":2},"end":{"line":19,"column":null}},"12":{"start":{"line":22,"column":0},"end":{"line":22,"column":null}},"13":{"start":{"line":23,"column":2},"end":{"line":23,"column":null}},"14":{"start":{"line":24,"column":2},"end":{"line":24,"column":null}},"15":{"start":{"line":25,"column":2},"end":{"line":25,"column":null}},"16":{"start":{"line":26,"column":2},"end":{"line":26,"column":null}},"17":{"start":{"line":27,"column":2},"end":{"line":27,"column":null}},"18":{"start":{"line":28,"column":2},"end":{"line":28,"column":null}},"19":{"start":{"line":29,"column":2},"end":{"line":29,"column":null}},"20":{"start":{"line":30,"column":2},"end":{"line":30,"column":null}},"21":{"start":{"line":31,"column":2},"end":{"line":31,"column":null}},"22":{"start":{"line":32,"column":2},"end":{"line":32,"column":null}},"23":{"start":{"line":33,"column":2},"end":{"line":33,"column":null}},"24":{"start":{"line":34,"column":2},"end":{"line":34,"column":null}},"25":{"start":{"line":35,"column":2},"end":{"line":35,"column":null}},"26":{"start":{"line":36,"column":2},"end":{"line":36,"column":null}},"27":{"start":{"line":37,"column":2},"end":{"line":37,"column":null}},"28":{"start":{"line":95,"column":13},"end":{"line":102,"column":11}},"29":{"start":{"line":106,"column":13},"end":{"line":118,"column":11}}},"fnMap":{"0":{"name":"(anonymous_0)","decl":{"start":{"line":6,"column":0},"end":{"line":6,"column":12}},"loc":{"start":{"line":6,"column":22},"end":{"line":14,"column":1}}},"1":{"name":"(anonymous_1)","decl":{"start":{"line":16,"column":0},"end":{"line":16,"column":12}},"loc":{"start":{"line":16,"column":24},"end":{"line":20,"column":1}}},"2":{"name":"(anonymous_2)","decl":{"start":{"line":22,"column":0},"end":{"line":22,"column":12}},"loc":{"start":{"line":22,"column":16},"end":{"line":38,"column":1}}}},"branchMap":{"0":{"loc":{"start":{"line":6,"column":12},"end":{"line":6,"column":null}},"type":"binary-expr","locations":[{"start":{"line":6,"column":12},"end":{"line":6,"column":22}},{"start":{"line":6,"column":22},"end":{"line":6,"column":null}}]},"1":{"loc":{"start":{"line":16,"column":12},"end":{"line":16,"column":null}},"type":"binary-expr","locations":[{"start":{"line":16,"column":12},"end":{"line":16,"column":24}},{"start":{"line":16,"column":24},"end":{"line":16,"column":null}}]},"2":{"loc":{"start":{"line":22,"column":12},"end":{"line":22,"column":null}},"type":"binary-expr","locations":[{"start":{"line":22,"column":12},"end":{"line":22,"column":16}},{"start":{"line":22,"column":16},"end":{"line":22,"column":null}}]}},"s":{"0":8,"1":8,"2":8,"3":8,"4":8,"5":8,"6":8,"7":8,"8":8,"9":8,"10":8,"11":8,"12":8,"13":8,"14":8,"15":8,"16":8,"17":8,"18":8,"19":8,"20":8,"21":8,"22":8,"23":8,"24":8,"25":8,"26":8,"27":8,"28":8,"29":8},"f":{"0":8,"1":8,"2":8},"b":{"0":[8,8],"1":[8,8],"2":[8,8]}}
,"/home/runner/workspace/src/lib/utils.ts": {"path":"/home/runner/workspace/src/lib/utils.ts","statementMap":{"0":{"start":{"line":4,"column":0},"end":{"line":4,"column":16}},"1":{"start":{"line":1,"column":0},"end":{"line":1,"column":45}},"2":{"start":{"line":2,"column":0},"end":{"line":2,"column":41}},"3":{"start":{"line":5,"column":2},"end":{"line":5,"column":31}}},"fnMap":{"0":{"name":"cn","decl":{"start":{"line":4,"column":16},"end":{"line":4,"column":18}},"loc":{"start":{"line":4,"column":42},"end":{"line":6,"column":1}}}},"branchMap":{},"s":{"0":17,"1":17,"2":17,"3":1640},"f":{"0":1640},"b":{}}
,"/home/runner/workspace/src/pages/Index.tsx": {"path":"/home/runner/workspace/src/pages/Index.tsx","statementMap":{"0":{"start":{"line":1,"column":0},"end":{"line":1,"column":33}},"1":{"start":{"line":2,"column":0},"end":{"line":2,"column":68}},"2":{"start":{"line":3,"column":0},"end":{"line":3,"column":64}},"3":{"start":{"line":4,"column":0},"end":{"line":4,"column":60}},"4":{"start":{"line":5,"column":0},"end":{"line":5,"column":66}},"5":{"start":{"line":6,"column":0},"end":{"line":6,"column":72}},"6":{"start":{"line":7,"column":0},"end":{"line":7,"column":76}},"7":{"start":{"line":8,"column":0},"end":{"line":8,"column":62}},"8":{"start":{"line":9,"column":0},"end":{"line":9,"column":82}},"9":{"start":{"line":10,"column":0},"end":{"line":10,"column":60}},"10":{"start":{"line":11,"column":0},"end":{"line":11,"column":48}},"11":{"start":{"line":12,"column":0},"end":{"line":12,"column":57}},"12":{"start":{"line":13,"column":0},"end":{"line":13,"column":48}},"13":{"start":{"line":14,"column":0},"end":{"line":14,"column":31}},"14":{"start":{"line":15,"column":0},"end":{"line":15,"column":55}},"15":{"start":{"line":17,"column":14},"end":{"line":129,"column":1}},"16":{"start":{"line":18,"column":44},"end":{"line":18,"column":79}},"17":{"start":{"line":19,"column":29},"end":{"line":19,"column":49}},"18":{"start":{"line":20,"column":50},"end":{"line":26,"column":4}},"19":{"start":{"line":28,"column":62},"end":{"line":33,"column":4}},"20":{"start":{"line":31,"column":6},"end":{"line":31,"column":25}},"21":{"start":{"line":35,"column":2},"end":{"line":128,"column":4}},"22":{"start":{"line":110,"column":20},"end":{"line":110,"column":45}},"23":{"start":{"line":131,"column":0},"end":{"line":131,"column":21}}},"fnMap":{"0":{"name":"(anonymous_0)","decl":{"start":{"line":17,"column":14},"end":{"line":17,"column":17}},"loc":{"start":{"line":17,"column":19},"end":{"line":129,"column":1}}},"1":{"name":"(anonymous_1)","decl":{"start":{"line":30,"column":13},"end":{"line":30,"column":14}},"loc":{"start":{"line":30,"column":23},"end":{"line":32,"column":5}}},"2":{"name":"(anonymous_2)","decl":{"start":{"line":109,"column":32},"end":{"line":109,"column":33}},"loc":{"start":{"line":110,"column":20},"end":{"line":110,"column":45}}}},"branchMap":{"0":{"loc":{"start":{"line":65,"column":13},"end":{"line":80,"column":null}},"type":"cond-expr","locations":[{"start":{"line":66,"column":14},"end":{"line":66,"column":78}},{"start":{"line":68,"column":14},"end":{"line":79,"column":null}}]},"1":{"loc":{"start":{"line":97,"column":15},"end":{"line":117,"column":null}},"type":"cond-expr","locations":[{"start":{"line":98,"column":16},"end":{"line":105,"column":null}},{"start":{"line":108,"column":16},"end":{"line":116,"column":null}}]},"2":{"loc":{"start":{"line":112,"column":19},"end":{"line":115,"column":null}},"type":"binary-expr","locations":[{"start":{"line":112,"column":19},"end":{"line":112,"column":28}},{"start":{"line":113,"column":20},"end":{"line":114,"column":null}}]}},"s":{"0":4,"1":4,"2":4,"3":4,"4":4,"5":4,"6":4,"7":4,"8":4,"9":4,"10":4,"11":4,"12":4,"13":4,"14":4,"15":4,"16":36,"17":36,"18":36,"19":36,"20":0,"21":36,"22":2,"23":4},"f":{"0":36,"1":0,"2":2},"b":{"0":[34,2],"1":[34,2],"2":[2,0]}}
,"/home/runner/workspace/src/pages/NotFound.tsx": {"path":"/home/runner/workspace/src/pages/NotFound.tsx","statementMap":{"0":{"start":{"line":1,"column":0},"end":{"line":1,"column":47}},"1":{"start":{"line":2,"column":0},"end":{"line":2,"column":34}},"2":{"start":{"line":4,"column":17},"end":{"line":22,"column":1}},"3":{"start":{"line":5,"column":19},"end":{"line":5,"column":32}},"4":{"start":{"line":7,"column":2},"end":{"line":9,"column":26}},"5":{"start":{"line":8,"column":4},"end":{"line":8,"column":96}},"6":{"start":{"line":11,"column":2},"end":{"line":21,"column":4}},"7":{"start":{"line":24,"column":0},"end":{"line":24,"column":24}}},"fnMap":{"0":{"name":"(anonymous_0)","decl":{"start":{"line":4,"column":17},"end":{"line":4,"column":20}},"loc":{"start":{"line":4,"column":22},"end":{"line":22,"column":1}}},"1":{"name":"(anonymous_1)","decl":{"start":{"line":7,"column":12},"end":{"line":7,"column":15}},"loc":{"start":{"line":7,"column":17},"end":{"line":9,"column":3}}}},"branchMap":{},"s":{"0":2,"1":2,"2":2,"3":5,"4":5,"5":5,"6":5,"7":2},"f":{"0":5,"1":5},"b":{}}
}
