{"/home/runner/workspace/src/App.tsx": {"path":"/home/runner/workspace/src/App.tsx","statementMap":{"0":{"start":{"line":1,"column":0},"end":{"line":1,"column":50}},"1":{"start":{"line":2,"column":0},"end":{"line":2,"column":59}},"2":{"start":{"line":3,"column":0},"end":{"line":3,"column":58}},"3":{"start":{"line":4,"column":0},"end":{"line":4,"column":73}},"4":{"start":{"line":5,"column":0},"end":{"line":5,"column":64}},"5":{"start":{"line":6,"column":0},"end":{"line":6,"column":34}},"6":{"start":{"line":7,"column":0},"end":{"line":7,"column":40}},"7":{"start":{"line":9,"column":20},"end":{"line":9,"column":37}},"8":{"start":{"line":11,"column":12},"end":{"line":24,"column":null}},"9":{"start":{"line":12,"column":2},"end":{"line":23,"column":null}},"10":{"start":{"line":27,"column":0},"end":{"line":27,"column":19}}},"fnMap":{"0":{"name":"(anonymous_1)","decl":{"start":{"line":11,"column":12},"end":{"line":11,"column":15}},"loc":{"start":{"line":12,"column":2},"end":{"line":23,"column":null}}}},"branchMap":{},"s":{"0":1,"1":1,"2":1,"3":1,"4":1,"5":1,"6":1,"7":1,"8":1,"9":11,"10":1},"f":{"0":11},"b":{}}
,"/home/runner/workspace/src/components/NavLink.tsx": {"path":"/home/runner/workspace/src/components/NavLink.tsx","statementMap":{"0":{"start":{"line":11,"column":0},"end":{"line":11,"column":16}},"1":{"start":{"line":1,"column":0},"end":{"line":1,"column":74}},"2":{"start":{"line":2,"column":0},"end":{"line":2,"column":35}},"3":{"start":{"line":3,"column":0},"end":{"line":3,"column":33}},"4":{"start":{"line":18,"column":2},"end":{"line":18,"column":83}},"5":{"start":{"line":21,"column":16},"end":{"line":33,"column":null}},"6":{"start":{"line":23,"column":4},"end":{"line":32,"column":6}},"7":{"start":{"line":28,"column":10},"end":{"line":28,"column":96}},"8":{"start":{"line":38,"column":9},"end":{"line":38,"column":16}},"9":{"start":{"line":36,"column":0},"end":{"line":36,"column":32}}},"fnMap":{"0":{"name":"getNavLinkClassName","decl":{"start":{"line":11,"column":16},"end":{"line":11,"column":35}},"loc":{"start":{"line":16,"column":27},"end":{"line":19,"column":1}}},"1":{"name":"(anonymous_1)","decl":{"start":{"line":22,"column":2},"end":{"line":22,"column":3}},"loc":{"start":{"line":22,"column":74},"end":{"line":33,"column":3}}},"2":{"name":"(anonymous_2)","decl":{"start":{"line":27,"column":19},"end":{"line":27,"column":20}},"loc":{"start":{"line":28,"column":10},"end":{"line":28,"column":96}}}},"branchMap":{"0":{"loc":{"start":{"line":18,"column":23},"end":{"line":18,"column":50}},"type":"binary-expr","locations":[{"start":{"line":18,"column":23},"end":{"line":18,"column":31}},{"start":{"line":18,"column":35},"end":{"line":18,"column":50}}]},"1":{"loc":{"start":{"line":18,"column":52},"end":{"line":18,"column":81}},"type":"binary-expr","locations":[{"start":{"line":18,"column":52},"end":{"line":18,"column":61}},{"start":{"line":18,"column":65},"end":{"line":18,"column":81}}]}},"s":{"0":1,"1":1,"2":1,"3":1,"4":5,"5":1,"6":1,"7":1,"8":1,"9":1},"f":{"0":5,"1":1,"2":1},"b":{"0":[5,3],"1":[5,2]}}
,"/home/runner/workspace/src/components/research/ChatInput.tsx": {"path":"/home/runner/workspace/src/components/research/ChatInput.tsx","statementMap":{"0":{"start":{"line":1,"column":0},"end":{"line":1,"column":48}},"1":{"start":{"line":2,"column":0},"end":{"line":2,"column":48}},"2":{"start":{"line":3,"column":0},"end":{"line":3,"column":52}},"3":{"start":{"line":4,"column":0},"end":{"line":4,"column":36}},"4":{"start":{"line":5,"column":0},"end":{"line":5,"column":92}},"5":{"start":{"line":12,"column":25},"end":{"line":49,"column":1}},"6":{"start":{"line":13,"column":32},"end":{"line":13,"column":44}},"7":{"start":{"line":15,"column":21},"end":{"line":20,"column":3}},"8":{"start":{"line":16,"column":4},"end":{"line":19,"column":5}},"9":{"start":{"line":17,"column":6},"end":{"line":17,"column":29}},"10":{"start":{"line":18,"column":6},"end":{"line":18,"column":21}},"11":{"start":{"line":22,"column":25},"end":{"line":27,"column":3}},"12":{"start":{"line":23,"column":4},"end":{"line":26,"column":5}},"13":{"start":{"line":24,"column":6},"end":{"line":24,"column":25}},"14":{"start":{"line":25,"column":6},"end":{"line":25,"column":19}},"15":{"start":{"line":29,"column":2},"end":{"line":48,"column":4}},"16":{"start":{"line":33,"column":25},"end":{"line":33,"column":51}},"17":{"start":{"line":12,"column":13},"end":{"line":12,"column":25}}},"fnMap":{"0":{"name":"(anonymous_0)","decl":{"start":{"line":12,"column":25},"end":{"line":12,"column":26}},"loc":{"start":{"line":12,"column":66},"end":{"line":49,"column":1}}},"1":{"name":"(anonymous_1)","decl":{"start":{"line":15,"column":21},"end":{"line":15,"column":24}},"loc":{"start":{"line":15,"column":26},"end":{"line":20,"column":3}}},"2":{"name":"(anonymous_2)","decl":{"start":{"line":22,"column":25},"end":{"line":22,"column":26}},"loc":{"start":{"line":22,"column":67},"end":{"line":27,"column":3}}},"3":{"name":"(anonymous_3)","decl":{"start":{"line":33,"column":18},"end":{"line":33,"column":19}},"loc":{"start":{"line":33,"column":25},"end":{"line":33,"column":51}}}},"branchMap":{"0":{"loc":{"start":{"line":16,"column":4},"end":{"line":19,"column":5}},"type":"if","locations":[{"start":{"line":16,"column":4},"end":{"line":19,"column":5}},{"start":{},"end":{}}]},"1":{"loc":{"start":{"line":23,"column":4},"end":{"line":26,"column":5}},"type":"if","locations":[{"start":{"line":23,"column":4},"end":{"line":26,"column":5}},{"start":{},"end":{}}]},"2":{"loc":{"start":{"line":23,"column":8},"end":{"line":23,"column":40}},"type":"binary-expr","locations":[{"start":{"line":23,"column":8},"end":{"line":23,"column":25}},{"start":{"line":23,"column":29},"end":{"line":23,"column":40}}]}},"s":{"0":14,"1":14,"2":14,"3":14,"4":14,"5":14,"6":292,"7":292,"8":0,"9":0,"10":0,"11":292,"12":0,"13":0,"14":0,"15":292,"16":0,"17":14},"f":{"0":292,"1":0,"2":0,"3":0},"b":{"0":[0,0],"1":[0,0],"2":[0,0]}}
,"/home/runner/workspace/src/components/research/ChatMessage.tsx": {"path":"/home/runner/workspace/src/components/research/ChatMessage.tsx","statementMap":{"0":{"start":{"line":2,"column":0},"end":{"line":2,"column":44}},"1":{"start":{"line":3,"column":0},"end":{"line":3,"column":64}},"2":{"start":{"line":4,"column":0},"end":{"line":4,"column":41}},"3":{"start":{"line":5,"column":0},"end":{"line":5,"column":43}},"4":{"start":{"line":6,"column":0},"end":{"line":6,"column":33}},"5":{"start":{"line":12,"column":27},"end":{"line":52,"column":1}},"6":{"start":{"line":13,"column":17},"end":{"line":13,"column":40}},"7":{"start":{"line":15,"column":2},"end":{"line":51,"column":4}},"8":{"start":{"line":12,"column":13},"end":{"line":12,"column":27}}},"fnMap":{"0":{"name":"(anonymous_1)","decl":{"start":{"line":12,"column":27},"end":{"line":12,"column":28}},"loc":{"start":{"line":12,"column":61},"end":{"line":52,"column":1}}}},"branchMap":{"0":{"loc":{"start":{"line":16,"column":37},"end":{"line":16,"column":77}},"type":"cond-expr","locations":[{"start":{"line":16,"column":46},"end":{"line":16,"column":59}},{"start":{"line":16,"column":62},"end":{"line":16,"column":77}}]},"1":{"loc":{"start":{"line":17,"column":7},"end":{"line":22,"column":null}},"type":"binary-expr","locations":[{"start":{"line":17,"column":7},"end":{"line":17,"column":14}},{"start":{"line":18,"column":8},"end":{"line":21,"column":null}}]},"2":{"loc":{"start":{"line":27,"column":8},"end":{"line":27,"column":65}},"type":"cond-expr","locations":[{"start":{"line":27,"column":17},"end":{"line":27,"column":53}},{"start":{"line":27,"column":56},"end":{"line":27,"column":65}}]},"3":{"loc":{"start":{"line":29,"column":9},"end":{"line":34,"column":null}},"type":"cond-expr","locations":[{"start":{"line":30,"column":10},"end":{"line":30,"column":66}},{"start":{"line":32,"column":10},"end":{"line":33,"column":null}}]},"4":{"loc":{"start":{"line":36,"column":9},"end":{"line":39,"column":null}},"type":"binary-expr","locations":[{"start":{"line":36,"column":9},"end":{"line":36,"column":22}},{"start":{"line":36,"column":26},"end":{"line":36,"column":33}},{"start":{"line":37,"column":10},"end":{"line":38,"column":null}}]},"5":{"loc":{"start":{"line":43,"column":7},"end":{"line":48,"column":null}},"type":"binary-expr","locations":[{"start":{"line":43,"column":7},"end":{"line":43,"column":13}},{"start":{"line":44,"column":8},"end":{"line":47,"column":null}}]}},"s":{"0":10,"1":10,"2":10,"3":10,"4":10,"5":10,"6":7,"7":7,"8":10},"f":{"0":7},"b":{"0":[4,3],"1":[7,3],"2":[4,3],"3":[4,3],"4":[7,2,2],"5":[7,4]}}
,"/home/runner/workspace/src/components/research/KeyboardShortcuts.tsx": {"path":"/home/runner/workspace/src/components/research/KeyboardShortcuts.tsx","statementMap":{"0":{"start":{"line":1,"column":0},"end":{"line":1,"column":34}},"1":{"start":{"line":2,"column":0},"end":{"line":2,"column":105}},"2":{"start":{"line":3,"column":0},"end":{"line":3,"column":48}},"3":{"start":{"line":4,"column":0},"end":{"line":4,"column":40}},"4":{"start":{"line":5,"column":0},"end":{"line":5,"column":46}},"5":{"start":{"line":11,"column":33},"end":{"line":60,"column":1}},"6":{"start":{"line":12,"column":2},"end":{"line":23,"column":18}},"7":{"start":{"line":13,"column":27},"end":{"line":19,"column":5}},"8":{"start":{"line":15,"column":6},"end":{"line":18,"column":7}},"9":{"start":{"line":16,"column":8},"end":{"line":16,"column":27}},"10":{"start":{"line":17,"column":8},"end":{"line":17,"column":22}},"11":{"start":{"line":21,"column":4},"end":{"line":21,"column":55}},"12":{"start":{"line":22,"column":4},"end":{"line":22,"column":71}},"13":{"start":{"line":22,"column":17},"end":{"line":22,"column":70}},"14":{"start":{"line":25,"column":20},"end":{"line":30,"column":4}},"15":{"start":{"line":32,"column":2},"end":{"line":59,"column":4}},"16":{"start":{"line":45,"column":12},"end":{"line":45,"column":29}},"17":{"start":{"line":49,"column":18},"end":{"line":49,"column":33}},"18":{"start":{"line":11,"column":13},"end":{"line":11,"column":33}}},"fnMap":{"0":{"name":"(anonymous_0)","decl":{"start":{"line":11,"column":33},"end":{"line":11,"column":34}},"loc":{"start":{"line":11,"column":75},"end":{"line":60,"column":1}}},"1":{"name":"(anonymous_1)","decl":{"start":{"line":12,"column":12},"end":{"line":12,"column":15}},"loc":{"start":{"line":12,"column":17},"end":{"line":23,"column":3}}},"2":{"name":"(anonymous_2)","decl":{"start":{"line":13,"column":27},"end":{"line":13,"column":28}},"loc":{"start":{"line":13,"column":48},"end":{"line":19,"column":5}}},"3":{"name":"(anonymous_3)","decl":{"start":{"line":22,"column":11},"end":{"line":22,"column":14}},"loc":{"start":{"line":22,"column":17},"end":{"line":22,"column":70}}},"4":{"name":"(anonymous_4)","decl":{"start":{"line":44,"column":25},"end":{"line":44,"column":26}},"loc":{"start":{"line":45,"column":12},"end":{"line":45,"column":29}}},"5":{"name":"(anonymous_5)","decl":{"start":{"line":48,"column":35},"end":{"line":48,"column":36}},"loc":{"start":{"line":49,"column":18},"end":{"line":49,"column":33}}}},"branchMap":{"0":{"loc":{"start":{"line":15,"column":6},"end":{"line":18,"column":7}},"type":"if","locations":[{"start":{"line":15,"column":6},"end":{"line":18,"column":7}},{"start":{},"end":{}}]},"1":{"loc":{"start":{"line":15,"column":10},"end":{"line":15,"column":51}},"type":"binary-expr","locations":[{"start":{"line":15,"column":11},"end":{"line":15,"column":20}},{"start":{"line":15,"column":24},"end":{"line":15,"column":33}},{"start":{"line":15,"column":38},"end":{"line":15,"column":51}}]}},"s":{"0":10,"1":10,"2":10,"3":10,"4":10,"5":10,"6":83,"7":11,"8":5,"9":4,"10":4,"11":11,"12":11,"13":11,"14":83,"15":83,"16":332,"17":498,"18":10},"f":{"0":83,"1":11,"2":5,"3":11,"4":332,"5":498},"b":{"0":[4,1],"1":[5,2,5]}}
,"/home/runner/workspace/src/components/research/ModelSelector.tsx": {"path":"/home/runner/workspace/src/components/research/ModelSelector.tsx","statementMap":{"0":{"start":{"line":1,"column":0},"end":{"line":1,"column":103}},"1":{"start":{"line":2,"column":0},"end":{"line":2,"column":52}},"2":{"start":{"line":3,"column":0},"end":{"line":3,"column":46}},"3":{"start":{"line":10,"column":29},"end":{"line":51,"column":1}},"4":{"start":{"line":11,"column":28},"end":{"line":11,"column":73}},"5":{"start":{"line":11,"column":50},"end":{"line":11,"column":72}},"6":{"start":{"line":13,"column":2},"end":{"line":50,"column":4}},"7":{"start":{"line":32,"column":12},"end":{"line":32,"column":39}},"8":{"start":{"line":10,"column":13},"end":{"line":10,"column":29}}},"fnMap":{"0":{"name":"(anonymous_0)","decl":{"start":{"line":10,"column":29},"end":{"line":10,"column":30}},"loc":{"start":{"line":10,"column":86},"end":{"line":51,"column":1}}},"1":{"name":"(anonymous_1)","decl":{"start":{"line":11,"column":43},"end":{"line":11,"column":44}},"loc":{"start":{"line":11,"column":50},"end":{"line":11,"column":72}}},"2":{"name":"(anonymous_2)","decl":{"start":{"line":31,"column":25},"end":{"line":31,"column":26}},"loc":{"start":{"line":32,"column":12},"end":{"line":32,"column":39}}}},"branchMap":{"0":{"loc":{"start":{"line":19,"column":13},"end":{"line":26,"column":null}},"type":"binary-expr","locations":[{"start":{"line":19,"column":13},"end":{"line":19,"column":30}},{"start":{"line":20,"column":14},"end":{"line":25,"column":null}}]},"1":{"loc":{"start":{"line":23,"column":32},"end":{"line":23,"column":109}},"type":"cond-expr","locations":[{"start":{"line":23,"column":75},"end":{"line":23,"column":84}},{"start":{"line":23,"column":88},"end":{"line":23,"column":109}}]},"2":{"loc":{"start":{"line":41,"column":32},"end":{"line":41,"column":86}},"type":"cond-expr","locations":[{"start":{"line":41,"column":63},"end":{"line":41,"column":72}},{"start":{"line":41,"column":75},"end":{"line":41,"column":86}}]}},"s":{"0":12,"1":12,"2":12,"3":12,"4":80,"5":246,"6":80,"7":560,"8":12},"f":{"0":80,"1":246,"2":560},"b":{"0":[80,78],"1":[1,77],"2":[240,320]}}
,"/home/runner/workspace/src/components/research/QuickActions.tsx": {"path":"/home/runner/workspace/src/components/research/QuickActions.tsx","statementMap":{"0":{"start":{"line":1,"column":0},"end":{"line":1,"column":48}},"1":{"start":{"line":2,"column":0},"end":{"line":2,"column":44}},"2":{"start":{"line":3,"column":0},"end":{"line":3,"column":69}},"3":{"start":{"line":10,"column":22},"end":{"line":31,"column":2}},"4":{"start":{"line":33,"column":28},"end":{"line":56,"column":1}},"5":{"start":{"line":34,"column":2},"end":{"line":55,"column":4}},"6":{"start":{"line":39,"column":23},"end":{"line":39,"column":34}},"7":{"start":{"line":40,"column":10},"end":{"line":51,"column":12}},"8":{"start":{"line":45,"column":29},"end":{"line":45,"column":55}},"9":{"start":{"line":33,"column":13},"end":{"line":33,"column":28}}},"fnMap":{"0":{"name":"(anonymous_0)","decl":{"start":{"line":33,"column":28},"end":{"line":33,"column":29}},"loc":{"start":{"line":33,"column":78},"end":{"line":56,"column":1}}},"1":{"name":"(anonymous_1)","decl":{"start":{"line":38,"column":27},"end":{"line":38,"column":28}},"loc":{"start":{"line":38,"column":45},"end":{"line":52,"column":9}}},"2":{"name":"(anonymous_2)","decl":{"start":{"line":45,"column":23},"end":{"line":45,"column":26}},"loc":{"start":{"line":45,"column":29},"end":{"line":45,"column":55}}}},"branchMap":{},"s":{"0":10,"1":10,"2":10,"3":10,"4":10,"5":77,"6":308,"7":308,"8":2,"9":10},"f":{"0":77,"1":308,"2":2},"b":{}}
,"/home/runner/workspace/src/components/research/ResearchHistory.tsx": {"path":"/home/runner/workspace/src/components/research/ResearchHistory.tsx","statementMap":{"0":{"start":{"line":1,"column":0},"end":{"line":1,"column":44}},"1":{"start":{"line":2,"column":0},"end":{"line":2,"column":57}},"2":{"start":{"line":3,"column":0},"end":{"line":3,"column":52}},"3":{"start":{"line":10,"column":31},"end":{"line":50,"column":1}},"4":{"start":{"line":11,"column":2},"end":{"line":13,"column":3}},"5":{"start":{"line":12,"column":4},"end":{"line":12,"column":16}},"6":{"start":{"line":15,"column":28},"end":{"line":15,"column":76}},"7":{"start":{"line":15,"column":51},"end":{"line":15,"column":68}},"8":{"start":{"line":17,"column":2},"end":{"line":49,"column":4}},"9":{"start":{"line":32,"column":27},"end":{"line":32,"column":44}},"10":{"start":{"line":34,"column":14},"end":{"line":35,"column":null}},"11":{"start":{"line":10,"column":13},"end":{"line":10,"column":31}}},"fnMap":{"0":{"name":"(anonymous_0)","decl":{"start":{"line":10,"column":31},"end":{"line":10,"column":32}},"loc":{"start":{"line":10,"column":70},"end":{"line":50,"column":1}}},"1":{"name":"(anonymous_1)","decl":{"start":{"line":15,"column":44},"end":{"line":15,"column":45}},"loc":{"start":{"line":15,"column":51},"end":{"line":15,"column":68}}},"2":{"name":"(anonymous_2)","decl":{"start":{"line":32,"column":20},"end":{"line":32,"column":21}},"loc":{"start":{"line":32,"column":27},"end":{"line":32,"column":44}}},"3":{"name":"(anonymous_3)","decl":{"start":{"line":33,"column":17},"end":{"line":33,"column":18}},"loc":{"start":{"line":34,"column":14},"end":{"line":35,"column":null}}}},"branchMap":{"0":{"loc":{"start":{"line":11,"column":2},"end":{"line":13,"column":3}},"type":"if","locations":[{"start":{"line":11,"column":2},"end":{"line":13,"column":3}},{"start":{},"end":{}}]},"1":{"loc":{"start":{"line":26,"column":31},"end":{"line":26,"column":76}},"type":"cond-expr","locations":[{"start":{"line":26,"column":57},"end":{"line":26,"column":64}},{"start":{"line":26,"column":67},"end":{"line":26,"column":76}}]},"2":{"loc":{"start":{"line":39,"column":17},"end":{"line":42,"column":null}},"type":"binary-expr","locations":[{"start":{"line":39,"column":17},"end":{"line":39,"column":34}},{"start":{"line":40,"column":18},"end":{"line":41,"column":null}}]}},"s":{"0":10,"1":10,"2":10,"3":10,"4":8,"5":3,"6":5,"7":8,"8":5,"9":8,"10":6,"11":10},"f":{"0":8,"1":8,"2":8,"3":6},"b":{"0":[3,5],"1":[4,1],"2":[6,1]}}
,"/home/runner/workspace/src/components/research/ResearchModeSelector.tsx": {"path":"/home/runner/workspace/src/components/research/ResearchModeSelector.tsx","statementMap":{"0":{"start":{"line":86,"column":0},"end":{"line":86,"column":16}},"1":{"start":{"line":1,"column":0},"end":{"line":1,"column":33}},"2":{"start":{"line":2,"column":0},"end":{"line":2,"column":48}},"3":{"start":{"line":3,"column":0},"end":{"line":3,"column":null}},"4":{"start":{"line":10,"column":0},"end":{"line":10,"column":46}},"5":{"start":{"line":11,"column":0},"end":{"line":11,"column":48}},"6":{"start":{"line":12,"column":0},"end":{"line":12,"column":null}},"7":{"start":{"line":20,"column":0},"end":{"line":20,"column":77}},"8":{"start":{"line":21,"column":0},"end":{"line":21,"column":71}},"9":{"start":{"line":22,"column":0},"end":{"line":22,"column":110}},"10":{"start":{"line":23,"column":0},"end":{"line":23,"column":null}},"11":{"start":{"line":43,"column":23},"end":{"line":68,"column":2}},"12":{"start":{"line":70,"column":14},"end":{"line":76,"column":2}},"13":{"start":{"line":78,"column":18},"end":{"line":84,"column":2}},"14":{"start":{"line":90,"column":30},"end":{"line":90,"column":45}},"15":{"start":{"line":92,"column":25},"end":{"line":94,"column":3}},"16":{"start":{"line":93,"column":4},"end":{"line":93,"column":50}},"17":{"start":{"line":97,"column":29},"end":{"line":97,"column":70}},"18":{"start":{"line":98,"column":27},"end":{"line":98,"column":60}},"19":{"start":{"line":99,"column":31},"end":{"line":99,"column":68}},"20":{"start":{"line":100,"column":28},"end":{"line":100,"column":67}},"21":{"start":{"line":102,"column":22},"end":{"line":102,"column":81}},"22":{"start":{"line":102,"column":49},"end":{"line":102,"column":80}},"23":{"start":{"line":104,"column":2},"end":{"line":246,"column":4}},"24":{"start":{"line":126,"column":29},"end":{"line":126,"column":38}},"25":{"start":{"line":127,"column":16},"end":{"line":143,"column":18}},"26":{"start":{"line":130,"column":35},"end":{"line":130,"column":77}},"27":{"start":{"line":160,"column":18},"end":{"line":160,"column":43}},"28":{"start":{"line":180,"column":18},"end":{"line":180,"column":47}},"29":{"start":{"line":223,"column":18},"end":{"line":223,"column":47}}},"fnMap":{"0":{"name":"ResearchModeSelector","decl":{"start":{"line":86,"column":16},"end":{"line":86,"column":36}},"loc":{"start":{"line":89,"column":28},"end":{"line":247,"column":1}}},"1":{"name":"(anonymous_1)","decl":{"start":{"line":92,"column":25},"end":{"line":92,"column":26}},"loc":{"start":{"line":92,"column":68},"end":{"line":94,"column":3}}},"2":{"name":"(anonymous_2)","decl":{"start":{"line":102,"column":42},"end":{"line":102,"column":43}},"loc":{"start":{"line":102,"column":49},"end":{"line":102,"column":80}}},"3":{"name":"(anonymous_3)","decl":{"start":{"line":125,"column":34},"end":{"line":125,"column":35}},"loc":{"start":{"line":125,"column":43},"end":{"line":144,"column":15}}},"4":{"name":"(anonymous_4)","decl":{"start":{"line":130,"column":29},"end":{"line":130,"column":32}},"loc":{"start":{"line":130,"column":35},"end":{"line":130,"column":77}}},"5":{"name":"(anonymous_5)","decl":{"start":{"line":159,"column":36},"end":{"line":159,"column":37}},"loc":{"start":{"line":160,"column":18},"end":{"line":160,"column":43}}},"6":{"name":"(anonymous_6)","decl":{"start":{"line":179,"column":27},"end":{"line":179,"column":28}},"loc":{"start":{"line":180,"column":18},"end":{"line":180,"column":47}}},"7":{"name":"(anonymous_7)","decl":{"start":{"line":222,"column":31},"end":{"line":222,"column":32}},"loc":{"start":{"line":223,"column":18},"end":{"line":223,"column":47}}}},"branchMap":{"0":{"loc":{"start":{"line":232,"column":11},"end":{"line":241,"column":null}},"type":"binary-expr","locations":[{"start":{"line":232,"column":11},"end":{"line":232,"column":22}},{"start":{"line":232,"column":26},"end":{"line":232,"column":70}},{"start":{"line":233,"column":12},"end":{"line":240,"column":null}}]}},"s":{"0":11,"1":11,"2":11,"3":11,"4":11,"5":11,"6":11,"7":11,"8":11,"9":11,"10":11,"11":11,"12":11,"13":11,"14":232,"15":232,"16":0,"17":232,"18":232,"19":0,"20":0,"21":0,"22":0,"23":0,"24":0,"25":0,"26":0,"27":0,"28":0,"29":0},"f":{"0":232,"1":0,"2":0,"3":0,"4":0,"5":0,"6":0,"7":0},"b":{"0":[0,0,0]}}
,"/home/runner/workspace/src/components/research/UsageStats.tsx": {"path":"/home/runner/workspace/src/components/research/UsageStats.tsx","statementMap":{"0":{"start":{"line":1,"column":0},"end":{"line":1,"column":44}},"1":{"start":{"line":3,"column":0},"end":{"line":3,"column":57}},"2":{"start":{"line":10,"column":26},"end":{"line":57,"column":1}},"3":{"start":{"line":11,"column":23},"end":{"line":11,"column":71}},"4":{"start":{"line":11,"column":46},"end":{"line":11,"column":63}},"5":{"start":{"line":12,"column":28},"end":{"line":12,"column":81}},"6":{"start":{"line":12,"column":51},"end":{"line":12,"column":73}},"7":{"start":{"line":14,"column":26},"end":{"line":16,"column":18}},"8":{"start":{"line":18,"column":30},"end":{"line":21,"column":7}},"9":{"start":{"line":20,"column":4},"end":{"line":20,"column":51}},"10":{"start":{"line":23,"column":2},"end":{"line":23,"column":41}},"11":{"start":{"line":23,"column":29},"end":{"line":23,"column":41}},"12":{"start":{"line":25,"column":2},"end":{"line":56,"column":4}},"13":{"start":{"line":10,"column":13},"end":{"line":10,"column":26}}},"fnMap":{"0":{"name":"(anonymous_0)","decl":{"start":{"line":10,"column":26},"end":{"line":10,"column":27}},"loc":{"start":{"line":10,"column":71},"end":{"line":57,"column":1}}},"1":{"name":"(anonymous_1)","decl":{"start":{"line":11,"column":39},"end":{"line":11,"column":40}},"loc":{"start":{"line":11,"column":46},"end":{"line":11,"column":63}}},"2":{"name":"(anonymous_2)","decl":{"start":{"line":12,"column":44},"end":{"line":12,"column":45}},"loc":{"start":{"line":12,"column":51},"end":{"line":12,"column":73}}},"3":{"name":"(anonymous_3)","decl":{"start":{"line":18,"column":46},"end":{"line":18,"column":47}},"loc":{"start":{"line":18,"column":59},"end":{"line":21,"column":3}}}},"branchMap":{"0":{"loc":{"start":{"line":14,"column":26},"end":{"line":16,"column":18}},"type":"cond-expr","locations":[{"start":{"line":15,"column":6},"end":{"line":15,"column":54}},{"start":{"line":16,"column":7},"end":{"line":16,"column":18}}]},"1":{"loc":{"start":{"line":23,"column":2},"end":{"line":23,"column":41}},"type":"if","locations":[{"start":{"line":23,"column":2},"end":{"line":23,"column":41}},{"start":{},"end":{}}]}},"s":{"0":12,"1":12,"2":12,"3":13,"4":12,"5":13,"6":12,"7":13,"8":13,"9":12,"10":13,"11":4,"12":9,"13":12},"f":{"0":13,"1":12,"2":12,"3":12},"b":{"0":[11,2],"1":[4,9]}}
,"/home/runner/workspace/src/components/research/research-mode-functions.ts": {"path":"/home/runner/workspace/src/components/research/research-mode-functions.ts","statementMap":{"0":{"start":{"line":3,"column":0},"end":{"line":3,"column":16}},"1":{"start":{"line":9,"column":0},"end":{"line":9,"column":16}},"2":{"start":{"line":16,"column":0},"end":{"line":16,"column":16}},"3":{"start":{"line":1,"column":0},"end":{"line":1,"column":49}},"4":{"start":{"line":4,"column":2},"end":{"line":6,"column":46}},"5":{"start":{"line":10,"column":2},"end":{"line":13,"column":44}},"6":{"start":{"line":17,"column":2},"end":{"line":19,"column":3}},"7":{"start":{"line":18,"column":4},"end":{"line":18,"column":144}},"8":{"start":{"line":20,"column":2},"end":{"line":22,"column":3}},"9":{"start":{"line":21,"column":4},"end":{"line":21,"column":103}},"10":{"start":{"line":23,"column":2},"end":{"line":25,"column":3}},"11":{"start":{"line":24,"column":4},"end":{"line":24,"column":106}},"12":{"start":{"line":26,"column":2},"end":{"line":28,"column":3}},"13":{"start":{"line":27,"column":4},"end":{"line":27,"column":112}},"14":{"start":{"line":29,"column":2},"end":{"line":29,"column":12}}},"fnMap":{"0":{"name":"getModeButtonClass","decl":{"start":{"line":3,"column":16},"end":{"line":3,"column":34}},"loc":{"start":{"line":3,"column":54},"end":{"line":7,"column":1}}},"1":{"name":"shouldShowModeDescription","decl":{"start":{"line":9,"column":16},"end":{"line":9,"column":41}},"loc":{"start":{"line":9,"column":64},"end":{"line":14,"column":1}}},"2":{"name":"getModeDescription","decl":{"start":{"line":16,"column":16},"end":{"line":16,"column":34}},"loc":{"start":{"line":16,"column":57},"end":{"line":30,"column":1}}}},"branchMap":{"0":{"loc":{"start":{"line":4,"column":9},"end":{"line":6,"column":45}},"type":"cond-expr","locations":[{"start":{"line":5,"column":6},"end":{"line":5,"column":35}},{"start":{"line":6,"column":6},"end":{"line":6,"column":45}}]},"1":{"loc":{"start":{"line":10,"column":9},"end":{"line":13,"column":43}},"type":"binary-expr","locations":[{"start":{"line":10,"column":9},"end":{"line":10,"column":47}},{"start":{"line":11,"column":4},"end":{"line":11,"column":44}},{"start":{"line":12,"column":4},"end":{"line":12,"column":44}},{"start":{"line":13,"column":4},"end":{"line":13,"column":43}}]},"2":{"loc":{"start":{"line":17,"column":2},"end":{"line":19,"column":3}},"type":"if","locations":[{"start":{"line":17,"column":2},"end":{"line":19,"column":3}},{"start":{},"end":{}}]},"3":{"loc":{"start":{"line":20,"column":2},"end":{"line":22,"column":3}},"type":"if","locations":[{"start":{"line":20,"column":2},"end":{"line":22,"column":3}},{"start":{},"end":{}}]},"4":{"loc":{"start":{"line":23,"column":2},"end":{"line":25,"column":3}},"type":"if","locations":[{"start":{"line":23,"column":2},"end":{"line":25,"column":3}},{"start":{},"end":{}}]},"5":{"loc":{"start":{"line":26,"column":2},"end":{"line":28,"column":3}},"type":"if","locations":[{"start":{"line":26,"column":2},"end":{"line":28,"column":3}},{"start":{},"end":{}}]}},"s":{"0":11,"1":11,"2":11,"3":11,"4":2,"5":4,"6":4,"7":1,"8":3,"9":1,"10":2,"11":1,"12":1,"13":1,"14":0},"f":{"0":2,"1":4,"2":4},"b":{"0":[1,1],"1":[4,3,2,1],"2":[1,3],"3":[1,2],"4":[1,1],"5":[1,0]}}
,"/home/runner/workspace/src/hooks/use-mobile-helpers.ts": {"path":"/home/runner/workspace/src/hooks/use-mobile-helpers.ts","statementMap":{"0":{"start":{"line":5,"column":0},"end":{"line":5,"column":16}},"1":{"start":{"line":9,"column":0},"end":{"line":9,"column":16}},"2":{"start":{"line":13,"column":0},"end":{"line":13,"column":16}},"3":{"start":{"line":17,"column":0},"end":{"line":17,"column":16}},"4":{"start":{"line":3,"column":26},"end":{"line":3,"column":29}},"5":{"start":{"line":6,"column":2},"end":{"line":6,"column":40}},"6":{"start":{"line":10,"column":2},"end":{"line":10,"column":27}},"7":{"start":{"line":14,"column":2},"end":{"line":14,"column":35}},"8":{"start":{"line":18,"column":2},"end":{"line":18,"column":51}}},"fnMap":{"0":{"name":"checkIsMobile","decl":{"start":{"line":5,"column":16},"end":{"line":5,"column":29}},"loc":{"start":{"line":5,"column":48},"end":{"line":7,"column":1}}},"1":{"name":"getBreakpoint","decl":{"start":{"line":9,"column":16},"end":{"line":9,"column":29}},"loc":{"start":{"line":9,"column":29},"end":{"line":11,"column":1}}},"2":{"name":"handleMediaQueryChange","decl":{"start":{"line":13,"column":16},"end":{"line":13,"column":38}},"loc":{"start":{"line":13,"column":57},"end":{"line":15,"column":1}}},"3":{"name":"createMediaQueryString","decl":{"start":{"line":17,"column":16},"end":{"line":17,"column":38}},"loc":{"start":{"line":17,"column":38},"end":{"line":19,"column":1}}}},"branchMap":{},"s":{"0":1,"1":1,"2":1,"3":1,"4":1,"5":6,"6":1,"7":2,"8":1},"f":{"0":6,"1":1,"2":2,"3":1},"b":{}}
,"/home/runner/workspace/src/hooks/use-mobile.tsx": {"path":"/home/runner/workspace/src/hooks/use-mobile.tsx","statementMap":{"0":{"start":{"line":6,"column":0},"end":{"line":6,"column":16}},"1":{"start":{"line":1,"column":0},"end":{"line":1,"column":31}},"2":{"start":{"line":2,"column":0},"end":{"line":2,"column":61}},"3":{"start":{"line":4,"column":26},"end":{"line":4,"column":29}},"4":{"start":{"line":7,"column":34},"end":{"line":7,"column":80}},"5":{"start":{"line":9,"column":2},"end":{"line":21,"column":9}},"6":{"start":{"line":10,"column":24},"end":{"line":10,"column":97}},"7":{"start":{"line":10,"column":30},"end":{"line":10,"column":97}},"8":{"start":{"line":12,"column":16},"end":{"line":12,"column":76}},"9":{"start":{"line":13,"column":21},"end":{"line":13,"column":40}},"10":{"start":{"line":13,"column":27},"end":{"line":13,"column":40}},"11":{"start":{"line":15,"column":4},"end":{"line":15,"column":45}},"12":{"start":{"line":16,"column":4},"end":{"line":16,"column":18}},"13":{"start":{"line":18,"column":4},"end":{"line":20,"column":6}},"14":{"start":{"line":19,"column":6},"end":{"line":19,"column":50}},"15":{"start":{"line":23,"column":2},"end":{"line":23,"column":20}}},"fnMap":{"0":{"name":"useIsMobile","decl":{"start":{"line":6,"column":16},"end":{"line":6,"column":27}},"loc":{"start":{"line":6,"column":27},"end":{"line":24,"column":1}}},"1":{"name":"(anonymous_10)","decl":{"start":{"line":9,"column":18},"end":{"line":9,"column":21}},"loc":{"start":{"line":9,"column":23},"end":{"line":21,"column":3}}},"2":{"name":"(anonymous_11)","decl":{"start":{"line":10,"column":24},"end":{"line":10,"column":27}},"loc":{"start":{"line":10,"column":30},"end":{"line":10,"column":97}}},"3":{"name":"(anonymous_12)","decl":{"start":{"line":13,"column":21},"end":{"line":13,"column":24}},"loc":{"start":{"line":13,"column":27},"end":{"line":13,"column":40}}},"4":{"name":"(anonymous_13)","decl":{"start":{"line":18,"column":11},"end":{"line":18,"column":14}},"loc":{"start":{"line":18,"column":16},"end":{"line":20,"column":5}}}},"branchMap":{},"s":{"0":3,"1":3,"2":3,"3":3,"4":9,"5":9,"6":9,"7":9,"8":9,"9":9,"10":0,"11":9,"12":9,"13":0,"14":0,"15":9},"f":{"0":9,"1":9,"2":9,"3":0,"4":0},"b":{}}
,"/home/runner/workspace/src/hooks/use-toast-helpers.ts": {"path":"/home/runner/workspace/src/hooks/use-toast-helpers.ts","statementMap":{"0":{"start":{"line":3,"column":0},"end":{"line":3,"column":16}},"1":{"start":{"line":7,"column":0},"end":{"line":7,"column":16}},"2":{"start":{"line":11,"column":0},"end":{"line":11,"column":16}},"3":{"start":{"line":19,"column":0},"end":{"line":19,"column":16}},"4":{"start":{"line":25,"column":0},"end":{"line":25,"column":16}},"5":{"start":{"line":4,"column":2},"end":{"line":4,"column":20}},"6":{"start":{"line":8,"column":2},"end":{"line":8,"column":37}},"7":{"start":{"line":12,"column":23},"end":{"line":12,"column":37}},"8":{"start":{"line":13,"column":2},"end":{"line":15,"column":3}},"9":{"start":{"line":14,"column":4},"end":{"line":14,"column":34}},"10":{"start":{"line":16,"column":2},"end":{"line":16,"column":22}},"11":{"start":{"line":20,"column":2},"end":{"line":22,"column":25}},"12":{"start":{"line":26,"column":2},"end":{"line":26,"column":39}}},"fnMap":{"0":{"name":"shouldRemoveListener","decl":{"start":{"line":3,"column":16},"end":{"line":3,"column":36}},"loc":{"start":{"line":3,"column":50},"end":{"line":5,"column":1}}},"1":{"name":"findListenerIndex","decl":{"start":{"line":7,"column":16},"end":{"line":7,"column":33}},"loc":{"start":{"line":7,"column":64},"end":{"line":9,"column":1}}},"2":{"name":"removeListenerFromArray","decl":{"start":{"line":11,"column":16},"end":{"line":11,"column":39}},"loc":{"start":{"line":11,"column":72},"end":{"line":17,"column":1}}},"3":{"name":"addToRemoveQueue","decl":{"start":{"line":19,"column":16},"end":{"line":19,"column":32}},"loc":{"start":{"line":19,"column":76},"end":{"line":23,"column":1}}},"4":{"name":"(anonymous_4)","decl":{"start":{"line":20,"column":20},"end":{"line":20,"column":23}},"loc":{"start":{"line":20,"column":25},"end":{"line":22,"column":3}}},"5":{"name":"handleToastDismiss","decl":{"start":{"line":25,"column":16},"end":{"line":25,"column":34}},"loc":{"start":{"line":25,"column":51},"end":{"line":27,"column":1}}}},"branchMap":{"0":{"loc":{"start":{"line":13,"column":2},"end":{"line":15,"column":3}},"type":"if","locations":[{"start":{"line":13,"column":2},"end":{"line":15,"column":3}},{"start":{},"end":{}}]}},"s":{"0":1,"1":1,"2":1,"3":1,"4":1,"5":3,"6":2,"7":3,"8":3,"9":2,"10":3,"11":1,"12":3},"f":{"0":3,"1":2,"2":3,"3":1,"4":0,"5":3},"b":{"0":[2,1]}}
,"/home/runner/workspace/src/hooks/use-toast.ts": {"path":"/home/runner/workspace/src/hooks/use-toast.ts","statementMap":{"0":{"start":{"line":188,"column":9},"end":{"line":188,"column":17}},"1":{"start":{"line":188,"column":19},"end":{"line":188,"column":24}},"2":{"start":{"line":1,"column":0},"end":{"line":1,"column":31}},"3":{"start":{"line":5,"column":20},"end":{"line":5,"column":21}},"4":{"start":{"line":6,"column":27},"end":{"line":6,"column":34}},"5":{"start":{"line":15,"column":20},"end":{"line":20,"column":11}},"6":{"start":{"line":22,"column":12},"end":{"line":22,"column":13}},"7":{"start":{"line":25,"column":2},"end":{"line":25,"column":48}},"8":{"start":{"line":26,"column":2},"end":{"line":26,"column":26}},"9":{"start":{"line":53,"column":22},"end":{"line":53,"column":70}},"10":{"start":{"line":55,"column":25},"end":{"line":69,"column":1}},"11":{"start":{"line":56,"column":2},"end":{"line":58,"column":3}},"12":{"start":{"line":57,"column":4},"end":{"line":57,"column":11}},"13":{"start":{"line":60,"column":18},"end":{"line":66,"column":24}},"14":{"start":{"line":61,"column":4},"end":{"line":61,"column":34}},"15":{"start":{"line":62,"column":4},"end":{"line":65,"column":7}},"16":{"start":{"line":68,"column":2},"end":{"line":68,"column":38}},"17":{"start":{"line":71,"column":23},"end":{"line":122,"column":1}},"18":{"start":{"line":72,"column":2},"end":{"line":121,"column":3}},"19":{"start":{"line":74,"column":6},"end":{"line":77,"column":8}},"20":{"start":{"line":80,"column":6},"end":{"line":83,"column":8}},"21":{"start":{"line":82,"column":41},"end":{"line":82,"column":97}},"22":{"start":{"line":86,"column":26},"end":{"line":86,"column":32}},"23":{"start":{"line":90,"column":6},"end":{"line":96,"column":7}},"24":{"start":{"line":91,"column":8},"end":{"line":91,"column":34}},"25":{"start":{"line":93,"column":8},"end":{"line":95,"column":11}},"26":{"start":{"line":94,"column":10},"end":{"line":94,"column":37}},"27":{"start":{"line":98,"column":6},"end":{"line":108,"column":8}},"28":{"start":{"line":101,"column":10},"end":{"line":106,"column":15}},"29":{"start":{"line":111,"column":6},"end":{"line":116,"column":7}},"30":{"start":{"line":112,"column":8},"end":{"line":115,"column":10}},"31":{"start":{"line":117,"column":6},"end":{"line":120,"column":8}},"32":{"start":{"line":119,"column":43},"end":{"line":119,"column":66}},"33":{"start":{"line":71,"column":13},"end":{"line":71,"column":23}},"34":{"start":{"line":124,"column":49},"end":{"line":124,"column":51}},"35":{"start":{"line":126,"column":25},"end":{"line":126,"column":39}},"36":{"start":{"line":129,"column":2},"end":{"line":129,"column":45}},"37":{"start":{"line":130,"column":2},"end":{"line":132,"column":5}},"38":{"start":{"line":131,"column":4},"end":{"line":131,"column":26}},"39":{"start":{"line":138,"column":13},"end":{"line":138,"column":20}},"40":{"start":{"line":140,"column":17},"end":{"line":144,"column":6}},"41":{"start":{"line":141,"column":4},"end":{"line":144,"column":6}},"42":{"start":{"line":145,"column":18},"end":{"line":145,"column":72}},"43":{"start":{"line":145,"column":24},"end":{"line":145,"column":72}},"44":{"start":{"line":147,"column":2},"end":{"line":157,"column":5}},"45":{"start":{"line":154,"column":8},"end":{"line":154,"column":29}},"46":{"start":{"line":154,"column":19},"end":{"line":154,"column":29}},"47":{"start":{"line":159,"column":2},"end":{"line":163,"column":4}},"48":{"start":{"line":166,"column":0},"end":{"line":166,"column":107}},"49":{"start":{"line":169,"column":28},"end":{"line":169,"column":62}},"50":{"start":{"line":171,"column":2},"end":{"line":179,"column":14}},"51":{"start":{"line":172,"column":4},"end":{"line":172,"column":29}},"52":{"start":{"line":173,"column":4},"end":{"line":178,"column":6}},"53":{"start":{"line":174,"column":20},"end":{"line":174,"column":58}},"54":{"start":{"line":175,"column":6},"end":{"line":177,"column":7}},"55":{"start":{"line":176,"column":8},"end":{"line":176,"column":48}},"56":{"start":{"line":181,"column":2},"end":{"line":185,"column":4}},"57":{"start":{"line":184,"column":35},"end":{"line":184,"column":79}}},"fnMap":{"0":{"name":"genId","decl":{"start":{"line":24,"column":9},"end":{"line":24,"column":14}},"loc":{"start":{"line":24,"column":14},"end":{"line":27,"column":1}}},"1":{"name":"(anonymous_10)","decl":{"start":{"line":55,"column":25},"end":{"line":55,"column":26}},"loc":{"start":{"line":55,"column":45},"end":{"line":69,"column":1}}},"2":{"name":"(anonymous_11)","decl":{"start":{"line":60,"column":29},"end":{"line":60,"column":32}},"loc":{"start":{"line":60,"column":34},"end":{"line":66,"column":3}}},"3":{"name":"(anonymous_12)","decl":{"start":{"line":71,"column":23},"end":{"line":71,"column":24}},"loc":{"start":{"line":71,"column":63},"end":{"line":122,"column":1}}},"4":{"name":"(anonymous_13)","decl":{"start":{"line":82,"column":33},"end":{"line":82,"column":34}},"loc":{"start":{"line":82,"column":41},"end":{"line":82,"column":97}}},"5":{"name":"(anonymous_14)","decl":{"start":{"line":93,"column":29},"end":{"line":93,"column":30}},"loc":{"start":{"line":93,"column":39},"end":{"line":95,"column":9}}},"6":{"name":"(anonymous_15)","decl":{"start":{"line":100,"column":33},"end":{"line":100,"column":34}},"loc":{"start":{"line":101,"column":10},"end":{"line":106,"column":15}}},"7":{"name":"(anonymous_16)","decl":{"start":{"line":119,"column":36},"end":{"line":119,"column":37}},"loc":{"start":{"line":119,"column":43},"end":{"line":119,"column":66}}},"8":{"name":"dispatch","decl":{"start":{"line":128,"column":9},"end":{"line":128,"column":17}},"loc":{"start":{"line":128,"column":32},"end":{"line":133,"column":1}}},"9":{"name":"(anonymous_18)","decl":{"start":{"line":130,"column":20},"end":{"line":130,"column":21}},"loc":{"start":{"line":130,"column":33},"end":{"line":132,"column":3}}},"10":{"name":"toast","decl":{"start":{"line":137,"column":9},"end":{"line":137,"column":14}},"loc":{"start":{"line":137,"column":34},"end":{"line":164,"column":1}}},"11":{"name":"(anonymous_20)","decl":{"start":{"line":140,"column":17},"end":{"line":140,"column":18}},"loc":{"start":{"line":141,"column":4},"end":{"line":144,"column":6}}},"12":{"name":"(anonymous_21)","decl":{"start":{"line":145,"column":18},"end":{"line":145,"column":21}},"loc":{"start":{"line":145,"column":24},"end":{"line":145,"column":72}}},"13":{"name":"(anonymous_22)","decl":{"start":{"line":153,"column":20},"end":{"line":153,"column":21}},"loc":{"start":{"line":153,"column":29},"end":{"line":155,"column":7}}},"14":{"name":"useToast","decl":{"start":{"line":168,"column":9},"end":{"line":168,"column":17}},"loc":{"start":{"line":168,"column":17},"end":{"line":186,"column":1}}},"15":{"name":"(anonymous_24)","decl":{"start":{"line":171,"column":18},"end":{"line":171,"column":21}},"loc":{"start":{"line":171,"column":23},"end":{"line":179,"column":3}}},"16":{"name":"(anonymous_25)","decl":{"start":{"line":173,"column":11},"end":{"line":173,"column":14}},"loc":{"start":{"line":173,"column":16},"end":{"line":178,"column":5}}},"17":{"name":"(anonymous_26)","decl":{"start":{"line":184,"column":13},"end":{"line":184,"column":14}},"loc":{"start":{"line":184,"column":35},"end":{"line":184,"column":79}}}},"branchMap":{"0":{"loc":{"start":{"line":56,"column":2},"end":{"line":58,"column":3}},"type":"if","locations":[{"start":{"line":56,"column":2},"end":{"line":58,"column":3}},{"start":{},"end":{}}]},"1":{"loc":{"start":{"line":72,"column":2},"end":{"line":121,"column":3}},"type":"switch","locations":[{"start":{"line":73,"column":4},"end":{"line":77,"column":8}},{"start":{"line":79,"column":4},"end":{"line":83,"column":8}},{"start":{"line":85,"column":4},"end":{"line":109,"column":5}},{"start":{"line":110,"column":4},"end":{"line":120,"column":8}}]},"2":{"loc":{"start":{"line":82,"column":41},"end":{"line":82,"column":97}},"type":"cond-expr","locations":[{"start":{"line":82,"column":68},"end":{"line":82,"column":93}},{"start":{"line":82,"column":96},"end":{"line":82,"column":97}}]},"3":{"loc":{"start":{"line":90,"column":6},"end":{"line":96,"column":7}},"type":"if","locations":[{"start":{"line":90,"column":6},"end":{"line":96,"column":7}},{"start":{"line":92,"column":13},"end":{"line":96,"column":7}}]},"4":{"loc":{"start":{"line":101,"column":10},"end":{"line":106,"column":15}},"type":"cond-expr","locations":[{"start":{"line":102,"column":14},"end":{"line":105,"column":null}},{"start":{"line":106,"column":14},"end":{"line":106,"column":15}}]},"5":{"loc":{"start":{"line":101,"column":10},"end":{"line":101,"column":51}},"type":"binary-expr","locations":[{"start":{"line":101,"column":10},"end":{"line":101,"column":26}},{"start":{"line":101,"column":30},"end":{"line":101,"column":51}}]},"6":{"loc":{"start":{"line":111,"column":6},"end":{"line":116,"column":7}},"type":"if","locations":[{"start":{"line":111,"column":6},"end":{"line":116,"column":7}},{"start":{},"end":{}}]},"7":{"loc":{"start":{"line":154,"column":8},"end":{"line":154,"column":29}},"type":"if","locations":[{"start":{"line":154,"column":8},"end":{"line":154,"column":29}},{"start":{},"end":{}}]},"8":{"loc":{"start":{"line":175,"column":6},"end":{"line":177,"column":7}},"type":"if","locations":[{"start":{"line":175,"column":6},"end":{"line":177,"column":7}},{"start":{},"end":{}}]}},"s":{"0":6,"1":6,"2":6,"3":6,"4":6,"5":6,"6":6,"7":16,"8":16,"9":6,"10":6,"11":19,"12":9,"13":10,"14":0,"15":0,"16":10,"17":6,"18":86,"19":44,"20":14,"21":13,"22":15,"23":15,"24":9,"25":6,"26":10,"27":15,"28":20,"29":13,"30":5,"31":8,"32":11,"33":6,"34":6,"35":6,"36":18,"37":18,"38":109,"39":16,"40":16,"41":1,"42":16,"43":1,"44":16,"45":0,"46":0,"47":16,"48":6,"49":27,"50":27,"51":17,"52":17,"53":17,"54":0,"55":0,"56":27,"57":0},"f":{"0":16,"1":19,"2":0,"3":86,"4":13,"5":10,"6":20,"7":11,"8":18,"9":109,"10":16,"11":1,"12":1,"13":0,"14":27,"15":17,"16":17,"17":0},"b":{"0":[9,10],"1":[44,14,15,13],"2":[10,3],"3":[9,6],"4":[18,2],"5":[20,12],"6":[5,8],"7":[0,0],"8":[0,0]}}
,"/home/runner/workspace/src/hooks/useStreamingChat.ts": {"path":"/home/runner/workspace/src/hooks/useStreamingChat.ts","statementMap":{"0":{"start":{"line":1,"column":0},"end":{"line":1,"column":46}},"1":{"start":{"line":2,"column":0},"end":{"line":2,"column":35}},"2":{"start":{"line":3,"column":0},"end":{"line":3,"column":70}},"3":{"start":{"line":17,"column":32},"end":{"line":140,"column":1}},"4":{"start":{"line":18,"column":34},"end":{"line":18,"column":57}},"5":{"start":{"line":19,"column":36},"end":{"line":19,"column":51}},"6":{"start":{"line":21,"column":22},"end":{"line":127,"column":null}},"7":{"start":{"line":23,"column":38},"end":{"line":27,"column":8}},"8":{"start":{"line":29,"column":6},"end":{"line":29,"column":55}},"9":{"start":{"line":29,"column":28},"end":{"line":29,"column":53}},"10":{"start":{"line":30,"column":6},"end":{"line":30,"column":25}},"11":{"start":{"line":32,"column":29},"end":{"line":32,"column":31}},"12":{"start":{"line":34,"column":6},"end":{"line":125,"column":7}},"13":{"start":{"line":35,"column":20},"end":{"line":35,"column":28}},"14":{"start":{"line":36,"column":25},"end":{"line":36,"column":76}},"15":{"start":{"line":38,"column":25},"end":{"line":49,"column":10}},"16":{"start":{"line":51,"column":8},"end":{"line":54,"column":9}},"17":{"start":{"line":52,"column":28},"end":{"line":52,"column":67}},"18":{"start":{"line":52,"column":63},"end":{"line":52,"column":65}},"19":{"start":{"line":53,"column":10},"end":{"line":53,"column":83}},"20":{"start":{"line":56,"column":8},"end":{"line":58,"column":9}},"21":{"start":{"line":57,"column":10},"end":{"line":57,"column":46}},"22":{"start":{"line":60,"column":23},"end":{"line":60,"column":48}},"23":{"start":{"line":61,"column":24},"end":{"line":61,"column":41}},"24":{"start":{"line":62,"column":21},"end":{"line":62,"column":23}},"25":{"start":{"line":64,"column":8},"end":{"line":111,"column":9}},"26":{"start":{"line":65,"column":34},"end":{"line":65,"column":53}},"27":{"start":{"line":66,"column":10},"end":{"line":66,"column":26}},"28":{"start":{"line":66,"column":20},"end":{"line":66,"column":26}},"29":{"start":{"line":68,"column":10},"end":{"line":68,"column":60}},"30":{"start":{"line":71,"column":10},"end":{"line":110,"column":11}},"31":{"start":{"line":72,"column":23},"end":{"line":72,"column":52}},"32":{"start":{"line":73,"column":12},"end":{"line":73,"column":52}},"33":{"start":{"line":75,"column":12},"end":{"line":75,"column":62}},"34":{"start":{"line":75,"column":37},"end":{"line":75,"column":62}},"35":{"start":{"line":76,"column":12},"end":{"line":76,"column":69}},"36":{"start":{"line":76,"column":60},"end":{"line":76,"column":69}},"37":{"start":{"line":77,"column":12},"end":{"line":77,"column":53}},"38":{"start":{"line":77,"column":44},"end":{"line":77,"column":53}},"39":{"start":{"line":79,"column":28},"end":{"line":79,"column":48}},"40":{"start":{"line":80,"column":12},"end":{"line":80,"column":44}},"41":{"start":{"line":80,"column":38},"end":{"line":80,"column":44}},"42":{"start":{"line":82,"column":12},"end":{"line":109,"column":13}},"43":{"start":{"line":83,"column":29},"end":{"line":83,"column":48}},"44":{"start":{"line":84,"column":30},"end":{"line":84,"column":65}},"45":{"start":{"line":85,"column":14},"end":{"line":106,"column":15}},"46":{"start":{"line":86,"column":16},"end":{"line":86,"column":44}},"47":{"start":{"line":87,"column":16},"end":{"line":105,"column":19}},"48":{"start":{"line":88,"column":38},"end":{"line":88,"column":59}},"49":{"start":{"line":89,"column":18},"end":{"line":95,"column":19}},"50":{"start":{"line":90,"column":20},"end":{"line":94,"column":22}},"51":{"start":{"line":91,"column":22},"end":{"line":93,"column":29}},"52":{"start":{"line":96,"column":18},"end":{"line":104,"column":20}},"53":{"start":{"line":108,"column":14},"end":{"line":108,"column":69}},"54":{"start":{"line":113,"column":8},"end":{"line":113,"column":28}},"55":{"start":{"line":115,"column":8},"end":{"line":115,"column":49}},"56":{"start":{"line":116,"column":8},"end":{"line":116,"column":28}},"57":{"start":{"line":117,"column":29},"end":{"line":117,"column":94}},"58":{"start":{"line":118,"column":8},"end":{"line":118,"column":32}},"59":{"start":{"line":120,"column":8},"end":{"line":124,"column":11}},"60":{"start":{"line":122,"column":27},"end":{"line":122,"column":90}},"61":{"start":{"line":122,"column":53},"end":{"line":122,"column":89}},"62":{"start":{"line":123,"column":10},"end":{"line":123,"column":26}},"63":{"start":{"line":130,"column":24},"end":{"line":132,"column":8}},"64":{"start":{"line":131,"column":4},"end":{"line":131,"column":20}},"65":{"start":{"line":134,"column":2},"end":{"line":139,"column":4}},"66":{"start":{"line":17,"column":13},"end":{"line":17,"column":32}}},"fnMap":{"0":{"name":"(anonymous_0)","decl":{"start":{"line":17,"column":32},"end":{"line":17,"column":33}},"loc":{"start":{"line":17,"column":78},"end":{"line":140,"column":1}}},"1":{"name":"(anonymous_1)","decl":{"start":{"line":22,"column":4},"end":{"line":22,"column":9}},"loc":{"start":{"line":22,"column":34},"end":{"line":126,"column":5}}},"2":{"name":"(anonymous_2)","decl":{"start":{"line":29,"column":18},"end":{"line":29,"column":19}},"loc":{"start":{"line":29,"column":28},"end":{"line":29,"column":53}}},"3":{"name":"(anonymous_3)","decl":{"start":{"line":52,"column":56},"end":{"line":52,"column":59}},"loc":{"start":{"line":52,"column":63},"end":{"line":52,"column":65}}},"4":{"name":"(anonymous_4)","decl":{"start":{"line":87,"column":28},"end":{"line":87,"column":29}},"loc":{"start":{"line":87,"column":37},"end":{"line":105,"column":17}}},"5":{"name":"(anonymous_5)","decl":{"start":{"line":90,"column":36},"end":{"line":90,"column":37}},"loc":{"start":{"line":91,"column":22},"end":{"line":93,"column":29}}},"6":{"name":"(anonymous_6)","decl":{"start":{"line":120,"column":20},"end":{"line":120,"column":21}},"loc":{"start":{"line":120,"column":29},"end":{"line":124,"column":9}}},"7":{"name":"(anonymous_7)","decl":{"start":{"line":122,"column":39},"end":{"line":122,"column":40}},"loc":{"start":{"line":122,"column":53},"end":{"line":122,"column":89}}},"8":{"name":"(anonymous_8)","decl":{"start":{"line":130,"column":36},"end":{"line":130,"column":39}},"loc":{"start":{"line":130,"column":41},"end":{"line":132,"column":3}}}},"branchMap":{"0":{"loc":{"start":{"line":51,"column":8},"end":{"line":54,"column":9}},"type":"if","locations":[{"start":{"line":51,"column":8},"end":{"line":54,"column":9}},{"start":{},"end":{}}]},"1":{"loc":{"start":{"line":53,"column":26},"end":{"line":53,"column":81}},"type":"binary-expr","locations":[{"start":{"line":53,"column":26},"end":{"line":53,"column":41}},{"start":{"line":53,"column":45},"end":{"line":53,"column":81}}]},"2":{"loc":{"start":{"line":56,"column":8},"end":{"line":58,"column":9}},"type":"if","locations":[{"start":{"line":56,"column":8},"end":{"line":58,"column":9}},{"start":{},"end":{}}]},"3":{"loc":{"start":{"line":66,"column":10},"end":{"line":66,"column":26}},"type":"if","locations":[{"start":{"line":66,"column":10},"end":{"line":66,"column":26}},{"start":{},"end":{}}]},"4":{"loc":{"start":{"line":75,"column":12},"end":{"line":75,"column":62}},"type":"if","locations":[{"start":{"line":75,"column":12},"end":{"line":75,"column":62}},{"start":{},"end":{}}]},"5":{"loc":{"start":{"line":76,"column":12},"end":{"line":76,"column":69}},"type":"if","locations":[{"start":{"line":76,"column":12},"end":{"line":76,"column":69}},{"start":{},"end":{}}]},"6":{"loc":{"start":{"line":76,"column":16},"end":{"line":76,"column":58}},"type":"binary-expr","locations":[{"start":{"line":76,"column":16},"end":{"line":76,"column":36}},{"start":{"line":76,"column":40},"end":{"line":76,"column":58}}]},"7":{"loc":{"start":{"line":77,"column":12},"end":{"line":77,"column":53}},"type":"if","locations":[{"start":{"line":77,"column":12},"end":{"line":77,"column":53}},{"start":{},"end":{}}]},"8":{"loc":{"start":{"line":80,"column":12},"end":{"line":80,"column":44}},"type":"if","locations":[{"start":{"line":80,"column":12},"end":{"line":80,"column":44}},{"start":{},"end":{}}]},"9":{"loc":{"start":{"line":85,"column":14},"end":{"line":106,"column":15}},"type":"if","locations":[{"start":{"line":85,"column":14},"end":{"line":106,"column":15}},{"start":{},"end":{}}]},"10":{"loc":{"start":{"line":89,"column":18},"end":{"line":95,"column":19}},"type":"if","locations":[{"start":{"line":89,"column":18},"end":{"line":95,"column":19}},{"start":{},"end":{}}]},"11":{"loc":{"start":{"line":91,"column":22},"end":{"line":93,"column":29}},"type":"cond-expr","locations":[{"start":{"line":92,"column":26},"end":{"line":92,"column":63}},{"start":{"line":93,"column":26},"end":{"line":93,"column":29}}]},"12":{"loc":{"start":{"line":117,"column":29},"end":{"line":117,"column":94}},"type":"cond-expr","locations":[{"start":{"line":117,"column":54},"end":{"line":117,"column":67}},{"start":{"line":117,"column":70},"end":{"line":117,"column":94}}]}},"s":{"0":7,"1":7,"2":7,"3":7,"4":45,"5":45,"6":45,"7":20,"8":20,"9":20,"10":20,"11":20,"12":20,"13":20,"14":20,"15":20,"16":17,"17":3,"18":1,"19":3,"20":14,"21":2,"22":12,"23":12,"24":12,"25":12,"26":21,"27":21,"28":12,"29":9,"30":9,"31":12,"32":12,"33":12,"34":1,"35":12,"36":3,"37":9,"38":0,"39":9,"40":9,"41":1,"42":8,"43":8,"44":7,"45":7,"46":6,"47":6,"48":6,"49":6,"50":1,"51":2,"52":5,"53":1,"54":12,"55":8,"56":8,"57":8,"58":8,"59":8,"60":8,"61":8,"62":8,"63":45,"64":2,"65":45,"66":7},"f":{"0":45,"1":20,"2":20,"3":1,"4":6,"5":2,"6":8,"7":8,"8":2},"b":{"0":[3,14],"1":[3,1],"2":[2,12],"3":[12,9],"4":[1,11],"5":[3,9],"6":[12,11],"7":[0,9],"8":[1,8],"9":[6,1],"10":[1,5],"11":[1,1],"12":[7,1]}}
,"/home/runner/workspace/src/lib/aiModels.ts": {"path":"/home/runner/workspace/src/lib/aiModels.ts","statementMap":{"0":{"start":{"line":11,"column":13},"end":{"line":75,"column":2}},"1":{"start":{"line":77,"column":28},"end":{"line":79,"column":1}},"2":{"start":{"line":78,"column":2},"end":{"line":78,"column":52}},"3":{"start":{"line":78,"column":35},"end":{"line":78,"column":50}},"4":{"start":{"line":77,"column":13},"end":{"line":77,"column":28}},"5":{"start":{"line":81,"column":35},"end":{"line":83,"column":1}},"6":{"start":{"line":82,"column":2},"end":{"line":82,"column":66}},"7":{"start":{"line":82,"column":37},"end":{"line":82,"column":64}},"8":{"start":{"line":81,"column":13},"end":{"line":81,"column":35}}},"fnMap":{"0":{"name":"(anonymous_0)","decl":{"start":{"line":77,"column":28},"end":{"line":77,"column":29}},"loc":{"start":{"line":77,"column":64},"end":{"line":79,"column":1}}},"1":{"name":"(anonymous_1)","decl":{"start":{"line":78,"column":24},"end":{"line":78,"column":25}},"loc":{"start":{"line":78,"column":35},"end":{"line":78,"column":50}}},"2":{"name":"(anonymous_2)","decl":{"start":{"line":81,"column":35},"end":{"line":81,"column":36}},"loc":{"start":{"line":81,"column":67},"end":{"line":83,"column":1}}},"3":{"name":"(anonymous_3)","decl":{"start":{"line":82,"column":26},"end":{"line":82,"column":27}},"loc":{"start":{"line":82,"column":37},"end":{"line":82,"column":64}}}},"branchMap":{},"s":{"0":13,"1":13,"2":3,"3":17,"4":13,"5":13,"6":4,"7":28,"8":13},"f":{"0":3,"1":17,"2":4,"3":28},"b":{}}
,"/home/runner/workspace/src/lib/componentUtils.ts": {"path":"/home/runner/workspace/src/lib/componentUtils.ts","statementMap":{"0":{"start":{"line":4,"column":0},"end":{"line":4,"column":16}},"1":{"start":{"line":5,"column":0},"end":{"line":5,"column":16}},"2":{"start":{"line":8,"column":0},"end":{"line":8,"column":16}},"3":{"start":{"line":9,"column":0},"end":{"line":9,"column":16}},"4":{"start":{"line":12,"column":0},"end":{"line":12,"column":16}},"5":{"start":{"line":13,"column":0},"end":{"line":13,"column":16}},"6":{"start":{"line":16,"column":0},"end":{"line":16,"column":16}},"7":{"start":{"line":17,"column":0},"end":{"line":17,"column":16}},"8":{"start":{"line":20,"column":0},"end":{"line":20,"column":16}},"9":{"start":{"line":21,"column":0},"end":{"line":21,"column":16}},"10":{"start":{"line":22,"column":0},"end":{"line":22,"column":16}},"11":{"start":{"line":23,"column":0},"end":{"line":23,"column":16}},"12":{"start":{"line":26,"column":0},"end":{"line":26,"column":16}},"13":{"start":{"line":27,"column":0},"end":{"line":27,"column":16}},"14":{"start":{"line":28,"column":0},"end":{"line":28,"column":16}},"15":{"start":{"line":29,"column":0},"end":{"line":29,"column":16}},"16":{"start":{"line":30,"column":0},"end":{"line":30,"column":16}},"17":{"start":{"line":31,"column":0},"end":{"line":31,"column":16}},"18":{"start":{"line":32,"column":0},"end":{"line":32,"column":16}},"19":{"start":{"line":33,"column":0},"end":{"line":33,"column":16}},"20":{"start":{"line":36,"column":0},"end":{"line":36,"column":16}},"21":{"start":{"line":37,"column":0},"end":{"line":37,"column":16}},"22":{"start":{"line":38,"column":0},"end":{"line":38,"column":16}},"23":{"start":{"line":39,"column":0},"end":{"line":39,"column":16}},"24":{"start":{"line":40,"column":0},"end":{"line":40,"column":16}},"25":{"start":{"line":41,"column":0},"end":{"line":41,"column":16}},"26":{"start":{"line":44,"column":0},"end":{"line":44,"column":16}},"27":{"start":{"line":45,"column":0},"end":{"line":45,"column":16}},"28":{"start":{"line":48,"column":0},"end":{"line":48,"column":16}},"29":{"start":{"line":49,"column":0},"end":{"line":49,"column":16}},"30":{"start":{"line":52,"column":0},"end":{"line":52,"column":16}},"31":{"start":{"line":55,"column":0},"end":{"line":55,"column":16}},"32":{"start":{"line":56,"column":0},"end":{"line":56,"column":16}},"33":{"start":{"line":57,"column":0},"end":{"line":57,"column":16}},"34":{"start":{"line":58,"column":0},"end":{"line":58,"column":16}},"35":{"start":{"line":59,"column":0},"end":{"line":59,"column":16}},"36":{"start":{"line":60,"column":0},"end":{"line":60,"column":16}},"37":{"start":{"line":61,"column":0},"end":{"line":61,"column":16}},"38":{"start":{"line":62,"column":0},"end":{"line":62,"column":16}},"39":{"start":{"line":63,"column":0},"end":{"line":63,"column":16}},"40":{"start":{"line":64,"column":0},"end":{"line":64,"column":16}},"41":{"start":{"line":65,"column":0},"end":{"line":65,"column":16}},"42":{"start":{"line":66,"column":0},"end":{"line":66,"column":16}},"43":{"start":{"line":69,"column":0},"end":{"line":69,"column":16}},"44":{"start":{"line":70,"column":0},"end":{"line":70,"column":16}},"45":{"start":{"line":71,"column":0},"end":{"line":71,"column":16}},"46":{"start":{"line":74,"column":0},"end":{"line":74,"column":16}},"47":{"start":{"line":75,"column":0},"end":{"line":75,"column":16}},"48":{"start":{"line":76,"column":0},"end":{"line":76,"column":16}},"49":{"start":{"line":77,"column":0},"end":{"line":77,"column":16}},"50":{"start":{"line":78,"column":0},"end":{"line":78,"column":16}},"51":{"start":{"line":79,"column":0},"end":{"line":79,"column":16}},"52":{"start":{"line":80,"column":0},"end":{"line":80,"column":16}},"53":{"start":{"line":81,"column":0},"end":{"line":81,"column":16}},"54":{"start":{"line":84,"column":0},"end":{"line":84,"column":16}},"55":{"start":{"line":85,"column":0},"end":{"line":85,"column":16}},"56":{"start":{"line":88,"column":0},"end":{"line":88,"column":16}},"57":{"start":{"line":89,"column":0},"end":{"line":89,"column":16}},"58":{"start":{"line":92,"column":0},"end":{"line":92,"column":16}},"59":{"start":{"line":93,"column":0},"end":{"line":93,"column":16}},"60":{"start":{"line":94,"column":0},"end":{"line":94,"column":16}},"61":{"start":{"line":95,"column":0},"end":{"line":95,"column":16}},"62":{"start":{"line":96,"column":0},"end":{"line":96,"column":16}},"63":{"start":{"line":97,"column":0},"end":{"line":97,"column":16}},"64":{"start":{"line":98,"column":0},"end":{"line":98,"column":16}},"65":{"start":{"line":99,"column":0},"end":{"line":99,"column":16}},"66":{"start":{"line":100,"column":0},"end":{"line":100,"column":16}},"67":{"start":{"line":101,"column":0},"end":{"line":101,"column":16}},"68":{"start":{"line":104,"column":0},"end":{"line":104,"column":16}},"69":{"start":{"line":105,"column":0},"end":{"line":105,"column":16}},"70":{"start":{"line":108,"column":0},"end":{"line":108,"column":16}},"71":{"start":{"line":109,"column":0},"end":{"line":109,"column":16}},"72":{"start":{"line":1,"column":0},"end":{"line":1,"column":29}},"73":{"start":{"line":4,"column":69},"end":{"line":4,"column":91}},"74":{"start":{"line":5,"column":70},"end":{"line":5,"column":97}},"75":{"start":{"line":8,"column":44},"end":{"line":8,"column":83}},"76":{"start":{"line":9,"column":45},"end":{"line":9,"column":83}},"77":{"start":{"line":12,"column":48},"end":{"line":12,"column":65}},"78":{"start":{"line":13,"column":51},"end":{"line":13,"column":70}},"79":{"start":{"line":16,"column":45},"end":{"line":16,"column":113}},"80":{"start":{"line":17,"column":43},"end":{"line":17,"column":52}},"81":{"start":{"line":20,"column":55},"end":{"line":20,"column":68}},"82":{"start":{"line":21,"column":57},"end":{"line":21,"column":69}},"83":{"start":{"line":22,"column":45},"end":{"line":22,"column":57}},"84":{"start":{"line":23,"column":44},"end":{"line":23,"column":56}},"85":{"start":{"line":26,"column":48},"end":{"line":26,"column":91}},"86":{"start":{"line":27,"column":64},"end":{"line":27,"column":71}},"87":{"start":{"line":27,"column":73},"end":{"line":27,"column":102}},"88":{"start":{"line":28,"column":52},"end":{"line":28,"column":99}},"89":{"start":{"line":29,"column":68},"end":{"line":29,"column":75}},"90":{"start":{"line":29,"column":77},"end":{"line":29,"column":108}},"91":{"start":{"line":30,"column":52},"end":{"line":30,"column":99}},"92":{"start":{"line":31,"column":68},"end":{"line":31,"column":75}},"93":{"start":{"line":31,"column":77},"end":{"line":31,"column":108}},"94":{"start":{"line":32,"column":51},"end":{"line":32,"column":96}},"95":{"start":{"line":33,"column":67},"end":{"line":33,"column":74}},"96":{"start":{"line":33,"column":76},"end":{"line":33,"column":106}},"97":{"start":{"line":36,"column":47},"end":{"line":36,"column":82}},"98":{"start":{"line":37,"column":63},"end":{"line":37,"column":70}},"99":{"start":{"line":37,"column":72},"end":{"line":37,"column":97}},"100":{"start":{"line":38,"column":48},"end":{"line":38,"column":85}},"101":{"start":{"line":39,"column":64},"end":{"line":39,"column":71}},"102":{"start":{"line":39,"column":73},"end":{"line":39,"column":99}},"103":{"start":{"line":40,"column":44},"end":{"line":40,"column":73}},"104":{"start":{"line":41,"column":60},"end":{"line":41,"column":67}},"105":{"start":{"line":41,"column":69},"end":{"line":41,"column":91}},"106":{"start":{"line":44,"column":43},"end":{"line":44,"column":58}},"107":{"start":{"line":45,"column":46},"end":{"line":45,"column":59}},"108":{"start":{"line":48,"column":44},"end":{"line":48,"column":61}},"109":{"start":{"line":49,"column":45},"end":{"line":49,"column":64}},"110":{"start":{"line":55,"column":40},"end":{"line":55,"column":55}},"111":{"start":{"line":56,"column":56},"end":{"line":56,"column":57}},"112":{"start":{"line":56,"column":59},"end":{"line":56,"column":74}},"113":{"start":{"line":57,"column":43},"end":{"line":57,"column":58}},"114":{"start":{"line":58,"column":59},"end":{"line":58,"column":60}},"115":{"start":{"line":58,"column":62},"end":{"line":58,"column":77}},"116":{"start":{"line":59,"column":41},"end":{"line":59,"column":54}},"117":{"start":{"line":60,"column":42},"end":{"line":60,"column":55}},"118":{"start":{"line":61,"column":38},"end":{"line":61,"column":51}},"119":{"start":{"line":62,"column":39},"end":{"line":62,"column":52}},"120":{"start":{"line":63,"column":46},"end":{"line":63,"column":60}},"121":{"start":{"line":64,"column":47},"end":{"line":64,"column":61}},"122":{"start":{"line":65,"column":43},"end":{"line":65,"column":57}},"123":{"start":{"line":66,"column":44},"end":{"line":66,"column":58}},"124":{"start":{"line":69,"column":65},"end":{"line":69,"column":79}},"125":{"start":{"line":70,"column":64},"end":{"line":70,"column":78}},"126":{"start":{"line":71,"column":52},"end":{"line":71,"column":62}},"127":{"start":{"line":74,"column":41},"end":{"line":74,"column":61}},"128":{"start":{"line":75,"column":42},"end":{"line":75,"column":63}},"129":{"start":{"line":76,"column":42},"end":{"line":76,"column":76}},"130":{"start":{"line":77,"column":43},"end":{"line":77,"column":78}},"131":{"start":{"line":78,"column":40},"end":{"line":78,"column":60}},"132":{"start":{"line":79,"column":41},"end":{"line":79,"column":74}},"133":{"start":{"line":80,"column":41},"end":{"line":80,"column":74}},"134":{"start":{"line":81,"column":42},"end":{"line":81,"column":76}},"135":{"start":{"line":84,"column":37},"end":{"line":84,"column":50}},"136":{"start":{"line":85,"column":38},"end":{"line":85,"column":52}},"137":{"start":{"line":88,"column":40},"end":{"line":88,"column":67}},"138":{"start":{"line":89,"column":41},"end":{"line":89,"column":69}},"139":{"start":{"line":92,"column":43},"end":{"line":92,"column":72}},"140":{"start":{"line":93,"column":46},"end":{"line":93,"column":75}},"141":{"start":{"line":94,"column":50},"end":{"line":94,"column":86}},"142":{"start":{"line":94,"column":77},"end":{"line":94,"column":84}},"143":{"start":{"line":95,"column":52},"end":{"line":95,"column":88}},"144":{"start":{"line":95,"column":79},"end":{"line":95,"column":86}},"145":{"start":{"line":96,"column":45},"end":{"line":96,"column":81}},"146":{"start":{"line":96,"column":74},"end":{"line":96,"column":79}},"147":{"start":{"line":97,"column":45},"end":{"line":97,"column":81}},"148":{"start":{"line":97,"column":74},"end":{"line":97,"column":79}},"149":{"start":{"line":98,"column":39},"end":{"line":98,"column":77}},"150":{"start":{"line":98,"column":64},"end":{"line":98,"column":75}},"151":{"start":{"line":99,"column":40},"end":{"line":99,"column":78}},"152":{"start":{"line":99,"column":65},"end":{"line":99,"column":76}},"153":{"start":{"line":100,"column":38},"end":{"line":100,"column":71}},"154":{"start":{"line":100,"column":62},"end":{"line":100,"column":69}},"155":{"start":{"line":101,"column":39},"end":{"line":101,"column":72}},"156":{"start":{"line":101,"column":63},"end":{"line":101,"column":70}},"157":{"start":{"line":104,"column":53},"end":{"line":104,"column":54}},"158":{"start":{"line":104,"column":56},"end":{"line":104,"column":88}},"159":{"start":{"line":104,"column":69},"end":{"line":104,"column":70}},"160":{"start":{"line":104,"column":84},"end":{"line":104,"column":88}},"161":{"start":{"line":104,"column":89},"end":{"line":104,"column":98}},"162":{"start":{"line":105,"column":55},"end":{"line":105,"column":56}},"163":{"start":{"line":105,"column":58},"end":{"line":105,"column":76}},"164":{"start":{"line":105,"column":72},"end":{"line":105,"column":76}},"165":{"start":{"line":105,"column":77},"end":{"line":105,"column":86}},"166":{"start":{"line":108,"column":37},"end":{"line":108,"column":84}},"167":{"start":{"line":108,"column":43},"end":{"line":108,"column":56}},"168":{"start":{"line":108,"column":67},"end":{"line":108,"column":82}},"169":{"start":{"line":109,"column":37},"end":{"line":109,"column":93}},"170":{"start":{"line":109,"column":43},"end":{"line":109,"column":64}},"171":{"start":{"line":109,"column":75},"end":{"line":109,"column":91}}},"fnMap":{"0":{"name":"navLinkClassNameTrue","decl":{"start":{"line":4,"column":16},"end":{"line":4,"column":36}},"loc":{"start":{"line":4,"column":57},"end":{"line":4,"column":93}}},"1":{"name":"navLinkClassNameFalse","decl":{"start":{"line":5,"column":16},"end":{"line":5,"column":37}},"loc":{"start":{"line":5,"column":58},"end":{"line":5,"column":99}}},"2":{"name":"shouldSendTrue","decl":{"start":{"line":8,"column":16},"end":{"line":8,"column":30}},"loc":{"start":{"line":8,"column":30},"end":{"line":8,"column":85}}},"3":{"name":"shouldSendFalse","decl":{"start":{"line":9,"column":16},"end":{"line":9,"column":31}},"loc":{"start":{"line":9,"column":31},"end":{"line":9,"column":85}}},"4":{"name":"badgeVariantTrue","decl":{"start":{"line":12,"column":16},"end":{"line":12,"column":32}},"loc":{"start":{"line":12,"column":32},"end":{"line":12,"column":67}}},"5":{"name":"badgeVariantFalse","decl":{"start":{"line":13,"column":16},"end":{"line":13,"column":33}},"loc":{"start":{"line":13,"column":33},"end":{"line":13,"column":72}}},"6":{"name":"durationWithTime","decl":{"start":{"line":16,"column":16},"end":{"line":16,"column":32}},"loc":{"start":{"line":16,"column":32},"end":{"line":16,"column":115}}},"7":{"name":"durationNoTime","decl":{"start":{"line":17,"column":16},"end":{"line":17,"column":30}},"loc":{"start":{"line":17,"column":30},"end":{"line":17,"column":54}}},"8":{"name":"filterAtEndAssistantEmpty","decl":{"start":{"line":20,"column":16},"end":{"line":20,"column":41}},"loc":{"start":{"line":20,"column":41},"end":{"line":20,"column":70}}},"9":{"name":"filterAtEndAssistantContent","decl":{"start":{"line":21,"column":16},"end":{"line":21,"column":43}},"loc":{"start":{"line":21,"column":43},"end":{"line":21,"column":71}}},"10":{"name":"filterAtEndUser","decl":{"start":{"line":22,"column":16},"end":{"line":22,"column":31}},"loc":{"start":{"line":22,"column":31},"end":{"line":22,"column":59}}},"11":{"name":"filterNotAtEnd","decl":{"start":{"line":23,"column":16},"end":{"line":23,"column":30}},"loc":{"start":{"line":23,"column":30},"end":{"line":23,"column":58}}},"12":{"name":"reportTypeDeepTrue","decl":{"start":{"line":26,"column":16},"end":{"line":26,"column":34}},"loc":{"start":{"line":26,"column":34},"end":{"line":26,"column":93}}},"13":{"name":"reportTypeDeepFalse","decl":{"start":{"line":27,"column":16},"end":{"line":27,"column":35}},"loc":{"start":{"line":27,"column":35},"end":{"line":27,"column":104}}},"14":{"name":"reportTypeResearchTrue","decl":{"start":{"line":28,"column":16},"end":{"line":28,"column":38}},"loc":{"start":{"line":28,"column":38},"end":{"line":28,"column":101}}},"15":{"name":"reportTypeResearchFalse","decl":{"start":{"line":29,"column":16},"end":{"line":29,"column":39}},"loc":{"start":{"line":29,"column":39},"end":{"line":29,"column":110}}},"16":{"name":"reportTypeDetailedTrue","decl":{"start":{"line":30,"column":16},"end":{"line":30,"column":38}},"loc":{"start":{"line":30,"column":38},"end":{"line":30,"column":101}}},"17":{"name":"reportTypeDetailedFalse","decl":{"start":{"line":31,"column":16},"end":{"line":31,"column":39}},"loc":{"start":{"line":31,"column":39},"end":{"line":31,"column":110}}},"18":{"name":"reportTypeOutlineTrue","decl":{"start":{"line":32,"column":16},"end":{"line":32,"column":37}},"loc":{"start":{"line":32,"column":37},"end":{"line":32,"column":98}}},"19":{"name":"reportTypeOutlineFalse","decl":{"start":{"line":33,"column":16},"end":{"line":33,"column":38}},"loc":{"start":{"line":33,"column":38},"end":{"line":33,"column":108}}},"20":{"name":"toneObjectiveTrue","decl":{"start":{"line":36,"column":16},"end":{"line":36,"column":33}},"loc":{"start":{"line":36,"column":33},"end":{"line":36,"column":84}}},"21":{"name":"toneObjectiveFalse","decl":{"start":{"line":37,"column":16},"end":{"line":37,"column":34}},"loc":{"start":{"line":37,"column":34},"end":{"line":37,"column":99}}},"22":{"name":"toneAnalyticalTrue","decl":{"start":{"line":38,"column":16},"end":{"line":38,"column":34}},"loc":{"start":{"line":38,"column":34},"end":{"line":38,"column":87}}},"23":{"name":"toneAnalyticalFalse","decl":{"start":{"line":39,"column":16},"end":{"line":39,"column":35}},"loc":{"start":{"line":39,"column":35},"end":{"line":39,"column":101}}},"24":{"name":"toneFormalTrue","decl":{"start":{"line":40,"column":16},"end":{"line":40,"column":30}},"loc":{"start":{"line":40,"column":30},"end":{"line":40,"column":75}}},"25":{"name":"toneFormalFalse","decl":{"start":{"line":41,"column":16},"end":{"line":41,"column":31}},"loc":{"start":{"line":41,"column":31},"end":{"line":41,"column":93}}},"26":{"name":"messagesEmpty","decl":{"start":{"line":44,"column":16},"end":{"line":44,"column":29}},"loc":{"start":{"line":44,"column":29},"end":{"line":44,"column":60}}},"27":{"name":"messagesNotEmpty","decl":{"start":{"line":45,"column":16},"end":{"line":45,"column":32}},"loc":{"start":{"line":45,"column":32},"end":{"line":45,"column":61}}},"28":{"name":"viewportMobile","decl":{"start":{"line":48,"column":16},"end":{"line":48,"column":30}},"loc":{"start":{"line":48,"column":30},"end":{"line":48,"column":63}}},"29":{"name":"viewportDesktop","decl":{"start":{"line":49,"column":16},"end":{"line":49,"column":31}},"loc":{"start":{"line":49,"column":31},"end":{"line":49,"column":66}}},"30":{"name":"dismissActionExecutes","decl":{"start":{"line":52,"column":16},"end":{"line":52,"column":37}},"loc":{"start":{"line":52,"column":37},"end":{"line":52,"column":70}}},"31":{"name":"equalsTrue","decl":{"start":{"line":55,"column":16},"end":{"line":55,"column":26}},"loc":{"start":{"line":55,"column":26},"end":{"line":55,"column":57}}},"32":{"name":"equalsFalse","decl":{"start":{"line":56,"column":16},"end":{"line":56,"column":27}},"loc":{"start":{"line":56,"column":27},"end":{"line":56,"column":76}}},"33":{"name":"notEqualsTrue","decl":{"start":{"line":57,"column":16},"end":{"line":57,"column":29}},"loc":{"start":{"line":57,"column":29},"end":{"line":57,"column":60}}},"34":{"name":"notEqualsFalse","decl":{"start":{"line":58,"column":16},"end":{"line":58,"column":30}},"loc":{"start":{"line":58,"column":30},"end":{"line":58,"column":79}}},"35":{"name":"greaterTrue","decl":{"start":{"line":59,"column":16},"end":{"line":59,"column":27}},"loc":{"start":{"line":59,"column":27},"end":{"line":59,"column":56}}},"36":{"name":"greaterFalse","decl":{"start":{"line":60,"column":16},"end":{"line":60,"column":28}},"loc":{"start":{"line":60,"column":28},"end":{"line":60,"column":57}}},"37":{"name":"lessTrue","decl":{"start":{"line":61,"column":16},"end":{"line":61,"column":24}},"loc":{"start":{"line":61,"column":24},"end":{"line":61,"column":53}}},"38":{"name":"lessFalse","decl":{"start":{"line":62,"column":16},"end":{"line":62,"column":25}},"loc":{"start":{"line":62,"column":25},"end":{"line":62,"column":54}}},"39":{"name":"greaterEqualTrue","decl":{"start":{"line":63,"column":16},"end":{"line":63,"column":32}},"loc":{"start":{"line":63,"column":32},"end":{"line":63,"column":62}}},"40":{"name":"greaterEqualFalse","decl":{"start":{"line":64,"column":16},"end":{"line":64,"column":33}},"loc":{"start":{"line":64,"column":33},"end":{"line":64,"column":63}}},"41":{"name":"lessEqualTrue","decl":{"start":{"line":65,"column":16},"end":{"line":65,"column":29}},"loc":{"start":{"line":65,"column":29},"end":{"line":65,"column":59}}},"42":{"name":"lessEqualFalse","decl":{"start":{"line":66,"column":16},"end":{"line":66,"column":30}},"loc":{"start":{"line":66,"column":30},"end":{"line":66,"column":60}}},"43":{"name":"andWithParams","decl":{"start":{"line":69,"column":16},"end":{"line":69,"column":29}},"loc":{"start":{"line":69,"column":52},"end":{"line":69,"column":81}}},"44":{"name":"orWithParams","decl":{"start":{"line":70,"column":16},"end":{"line":70,"column":28}},"loc":{"start":{"line":70,"column":51},"end":{"line":70,"column":80}}},"45":{"name":"notWithParam","decl":{"start":{"line":71,"column":16},"end":{"line":71,"column":28}},"loc":{"start":{"line":71,"column":39},"end":{"line":71,"column":64}}},"46":{"name":"andTrueTrue","decl":{"start":{"line":74,"column":16},"end":{"line":74,"column":27}},"loc":{"start":{"line":74,"column":27},"end":{"line":74,"column":63}}},"47":{"name":"andTrueFalse","decl":{"start":{"line":75,"column":16},"end":{"line":75,"column":28}},"loc":{"start":{"line":75,"column":28},"end":{"line":75,"column":65}}},"48":{"name":"andFalseTrue","decl":{"start":{"line":76,"column":16},"end":{"line":76,"column":28}},"loc":{"start":{"line":76,"column":28},"end":{"line":76,"column":78}}},"49":{"name":"andFalseFalse","decl":{"start":{"line":77,"column":16},"end":{"line":77,"column":29}},"loc":{"start":{"line":77,"column":29},"end":{"line":77,"column":80}}},"50":{"name":"orTrueTrue","decl":{"start":{"line":78,"column":16},"end":{"line":78,"column":26}},"loc":{"start":{"line":78,"column":26},"end":{"line":78,"column":62}}},"51":{"name":"orTrueFalse","decl":{"start":{"line":79,"column":16},"end":{"line":79,"column":27}},"loc":{"start":{"line":79,"column":27},"end":{"line":79,"column":76}}},"52":{"name":"orFalseTrue","decl":{"start":{"line":80,"column":16},"end":{"line":80,"column":27}},"loc":{"start":{"line":80,"column":27},"end":{"line":80,"column":76}}},"53":{"name":"orFalseFalse","decl":{"start":{"line":81,"column":16},"end":{"line":81,"column":28}},"loc":{"start":{"line":81,"column":28},"end":{"line":81,"column":78}}},"54":{"name":"notTrue","decl":{"start":{"line":84,"column":16},"end":{"line":84,"column":23}},"loc":{"start":{"line":84,"column":23},"end":{"line":84,"column":52}}},"55":{"name":"notFalse","decl":{"start":{"line":85,"column":16},"end":{"line":85,"column":24}},"loc":{"start":{"line":85,"column":24},"end":{"line":85,"column":54}}},"56":{"name":"ternaryTrue","decl":{"start":{"line":88,"column":16},"end":{"line":88,"column":27}},"loc":{"start":{"line":88,"column":27},"end":{"line":88,"column":69}}},"57":{"name":"ternaryFalse","decl":{"start":{"line":89,"column":16},"end":{"line":89,"column":28}},"loc":{"start":{"line":89,"column":28},"end":{"line":89,"column":71}}},"58":{"name":"includesFound","decl":{"start":{"line":92,"column":16},"end":{"line":92,"column":29}},"loc":{"start":{"line":92,"column":29},"end":{"line":92,"column":74}}},"59":{"name":"includesNotFound","decl":{"start":{"line":93,"column":16},"end":{"line":93,"column":32}},"loc":{"start":{"line":93,"column":32},"end":{"line":93,"column":77}}},"60":{"name":"findMatch","decl":{"start":{"line":94,"column":16},"end":{"line":94,"column":25}},"loc":{"start":{"line":94,"column":25},"end":{"line":94,"column":88}}},"61":{"name":"(anonymous_61)","decl":{"start":{"line":94,"column":72},"end":{"line":94,"column":73}},"loc":{"start":{"line":94,"column":77},"end":{"line":94,"column":84}}},"62":{"name":"findNoMatch","decl":{"start":{"line":95,"column":16},"end":{"line":95,"column":27}},"loc":{"start":{"line":95,"column":27},"end":{"line":95,"column":90}}},"63":{"name":"(anonymous_63)","decl":{"start":{"line":95,"column":74},"end":{"line":95,"column":75}},"loc":{"start":{"line":95,"column":79},"end":{"line":95,"column":86}}},"64":{"name":"filterIncludes","decl":{"start":{"line":96,"column":16},"end":{"line":96,"column":30}},"loc":{"start":{"line":96,"column":30},"end":{"line":96,"column":83}}},"65":{"name":"(anonymous_65)","decl":{"start":{"line":96,"column":69},"end":{"line":96,"column":70}},"loc":{"start":{"line":96,"column":74},"end":{"line":96,"column":79}}},"66":{"name":"filterExcludes","decl":{"start":{"line":97,"column":16},"end":{"line":97,"column":30}},"loc":{"start":{"line":97,"column":30},"end":{"line":97,"column":83}}},"67":{"name":"(anonymous_67)","decl":{"start":{"line":97,"column":69},"end":{"line":97,"column":70}},"loc":{"start":{"line":97,"column":74},"end":{"line":97,"column":79}}},"68":{"name":"everyTrue","decl":{"start":{"line":98,"column":16},"end":{"line":98,"column":25}},"loc":{"start":{"line":98,"column":25},"end":{"line":98,"column":79}}},"69":{"name":"(anonymous_69)","decl":{"start":{"line":98,"column":59},"end":{"line":98,"column":60}},"loc":{"start":{"line":98,"column":64},"end":{"line":98,"column":75}}},"70":{"name":"everyFalse","decl":{"start":{"line":99,"column":16},"end":{"line":99,"column":26}},"loc":{"start":{"line":99,"column":26},"end":{"line":99,"column":80}}},"71":{"name":"(anonymous_71)","decl":{"start":{"line":99,"column":60},"end":{"line":99,"column":61}},"loc":{"start":{"line":99,"column":65},"end":{"line":99,"column":76}}},"72":{"name":"someTrue","decl":{"start":{"line":100,"column":16},"end":{"line":100,"column":24}},"loc":{"start":{"line":100,"column":24},"end":{"line":100,"column":73}}},"73":{"name":"(anonymous_73)","decl":{"start":{"line":100,"column":57},"end":{"line":100,"column":58}},"loc":{"start":{"line":100,"column":62},"end":{"line":100,"column":69}}},"74":{"name":"someFalse","decl":{"start":{"line":101,"column":16},"end":{"line":101,"column":25}},"loc":{"start":{"line":101,"column"
[...]
locations":[{"start":{"line":121,"column":21},"end":{"line":121,"column":26}}]},"10":{"loc":{"start":{"line":122,"column":6},"end":{"line":122,"column":23}},"type":"default-arg","locations":[{"start":{"line":122,"column":19},"end":{"line":122,"column":23}}]},"11":{"loc":{"start":{"line":123,"column":6},"end":{"line":123,"column":15}},"type":"default-arg","locations":[{"start":{"line":123,"column":13},"end":{"line":123,"column":15}}]},"12":{"loc":{"start":{"line":124,"column":6},"end":{"line":124,"column":26}},"type":"default-arg","locations":[{"start":{"line":124,"column":17},"end":{"line":124,"column":26}}]},"13":{"loc":{"start":{"line":125,"column":6},"end":{"line":125,"column":26}},"type":"default-arg","locations":[{"start":{"line":125,"column":21},"end":{"line":125,"column":26}}]},"14":{"loc":{"start":{"line":128,"column":28},"end":{"line":134,"column":174}},"type":"cond-expr","locations":[{"start":{"line":129,"column":8},"end":{"line":133,"column":null}},{"start":{"line":134,"column":8},"end":{"line":134,"column":174}}]},"15":{"loc":{"start":{"line":136,"column":23},"end":{"line":136,"column":72}},"type":"cond-expr","locations":[{"start":{"line":136,"column":30},"end":{"line":136,"column":67}},{"start":{"line":136,"column":70},"end":{"line":136,"column":72}}]},"16":{"loc":{"start":{"line":168,"column":61},"end":{"line":168,"column":84}},"type":"default-arg","locations":[{"start":{"line":168,"column":82},"end":{"line":168,"column":84}}]},"17":{"loc":{"start":{"line":208,"column":6},"end":{"line":208,"column":18}},"type":"default-arg","locations":[{"start":{"line":208,"column":16},"end":{"line":208,"column":18}}]},"18":{"loc":{"start":{"line":209,"column":6},"end":{"line":209,"column":26}},"type":"default-arg","locations":[{"start":{"line":209,"column":21},"end":{"line":209,"column":26}}]},"19":{"loc":{"start":{"line":210,"column":6},"end":{"line":210,"column":15}},"type":"default-arg","locations":[{"start":{"line":210,"column":13},"end":{"line":210,"column":15}}]},"20":{"loc":{"start":{"line":211,"column":6},"end":{"line":211,"column":23}},"type":"default-arg","locations":[{"start":{"line":211,"column":19},"end":{"line":211,"column":23}}]},"21":{"loc":{"start":{"line":212,"column":6},"end":{"line":212,"column":26}},"type":"default-arg","locations":[{"start":{"line":212,"column":17},"end":{"line":212,"column":26}}]},"22":{"loc":{"start":{"line":213,"column":6},"end":{"line":213,"column":26}},"type":"default-arg","locations":[{"start":{"line":213,"column":21},"end":{"line":213,"column":26}}]},"23":{"loc":{"start":{"line":216,"column":28},"end":{"line":219,"column":174}},"type":"cond-expr","locations":[{"start":{"line":217,"column":8},"end":{"line":218,"column":null}},{"start":{"line":219,"column":8},"end":{"line":219,"column":174}}]},"24":{"loc":{"start":{"line":221,"column":23},"end":{"line":221,"column":56}},"type":"cond-expr","locations":[{"start":{"line":221,"column":30},"end":{"line":221,"column":51}},{"start":{"line":221,"column":54},"end":{"line":221,"column":56}}]},"25":{"loc":{"start":{"line":253,"column":6},"end":{"line":253,"column":18}},"type":"default-arg","locations":[{"start":{"line":253,"column":16},"end":{"line":253,"column":18}}]},"26":{"loc":{"start":{"line":254,"column":6},"end":{"line":254,"column":23}},"type":"default-arg","locations":[{"start":{"line":254,"column":19},"end":{"line":254,"column":23}}]},"27":{"loc":{"start":{"line":255,"column":6},"end":{"line":255,"column":26}},"type":"default-arg","locations":[{"start":{"line":255,"column":17},"end":{"line":255,"column":26}}]},"28":{"loc":{"start":{"line":268,"column":6},"end":{"line":268,"column":18}},"type":"default-arg","locations":[{"start":{"line":268,"column":16},"end":{"line":268,"column":18}}]},"29":{"loc":{"start":{"line":269,"column":6},"end":{"line":269,"column":26}},"type":"default-arg","locations":[{"start":{"line":269,"column":21},"end":{"line":269,"column":26}}]},"30":{"loc":{"start":{"line":270,"column":6},"end":{"line":270,"column":15}},"type":"default-arg","locations":[{"start":{"line":270,"column":13},"end":{"line":270,"column":15}}]},"31":{"loc":{"start":{"line":271,"column":6},"end":{"line":271,"column":23}},"type":"default-arg","locations":[{"start":{"line":271,"column":19},"end":{"line":271,"column":23}}]},"32":{"loc":{"start":{"line":272,"column":6},"end":{"line":272,"column":26}},"type":"default-arg","locations":[{"start":{"line":272,"column":17},"end":{"line":272,"column":26}}]},"33":{"loc":{"start":{"line":273,"column":6},"end":{"line":273,"column":26}},"type":"default-arg","locations":[{"start":{"line":273,"column":21},"end":{"line":273,"column":26}}]},"34":{"loc":{"start":{"line":276,"column":28},"end":{"line":282,"column":174}},"type":"cond-expr","locations":[{"start":{"line":277,"column":8},"end":{"line":281,"column":null}},{"start":{"line":282,"column":8},"end":{"line":282,"column":174}}]},"35":{"loc":{"start":{"line":284,"column":23},"end":{"line":284,"column":72}},"type":"cond-expr","locations":[{"start":{"line":284,"column":30},"end":{"line":284,"column":67}},{"start":{"line":284,"column":70},"end":{"line":284,"column":72}}]},"36":{"loc":{"start":{"line":369,"column":4},"end":{"line":369,"column":28}},"type":"default-arg","locations":[{"start":{"line":369,"column":27},"end":{"line":369,"column":28}}]},"37":{"loc":{"start":{"line":399,"column":4},"end":{"line":399,"column":32}},"type":"default-arg","locations":[{"start":{"line":399,"column":27},"end":{"line":399,"column":32}}]},"38":{"loc":{"start":{"line":400,"column":4},"end":{"line":400,"column":30}},"type":"default-arg","locations":[{"start":{"line":400,"column":29},"end":{"line":400,"column":30}}]},"39":{"loc":{"start":{"line":401,"column":4},"end":{"line":401,"column":28}},"type":"default-arg","locations":[{"start":{"line":401,"column":25},"end":{"line":401,"column":28}}]},"40":{"loc":{"start":{"line":402,"column":4},"end":{"line":402,"column":30}},"type":"default-arg","locations":[{"start":{"line":402,"column":19},"end":{"line":402,"column":30}}]},"41":{"loc":{"start":{"line":403,"column":4},"end":{"line":403,"column":32}},"type":"default-arg","locations":[{"start":{"line":403,"column":23},"end":{"line":403,"column":32}}]},"42":{"loc":{"start":{"line":471,"column":4},"end":{"line":471,"column":30}},"type":"default-arg","locations":[{"start":{"line":471,"column":29},"end":{"line":471,"column":30}}]},"43":{"loc":{"start":{"line":505,"column":4},"end":{"line":505,"column":32}},"type":"default-arg","locations":[{"start":{"line":505,"column":30},"end":{"line":505,"column":32}}]},"44":{"loc":{"start":{"line":506,"column":4},"end":{"line":506,"column":32}},"type":"default-arg","locations":[{"start":{"line":506,"column":23},"end":{"line":506,"column":32}}]},"45":{"loc":{"start":{"line":507,"column":4},"end":{"line":507,"column":32}},"type":"default-arg","locations":[{"start":{"line":507,"column":27},"end":{"line":507,"column":32}}]},"46":{"loc":{"start":{"line":529,"column":4},"end":{"line":529,"column":32}},"type":"default-arg","locations":[{"start":{"line":529,"column":23},"end":{"line":529,"column":32}}]},"47":{"loc":{"start":{"line":530,"column":4},"end":{"line":530,"column":32}},"type":"default-arg","locations":[{"start":{"line":530,"column":27},"end":{"line":530,"column":32}}]},"48":{"loc":{"start":{"line":564,"column":4},"end":{"line":564,"column":30}},"type":"default-arg","locations":[{"start":{"line":564,"column":28},"end":{"line":564,"column":30}}]},"49":{"loc":{"start":{"line":566,"column":25},"end":{"line":568,"column":10}},"type":"cond-expr","locations":[{"start":{"line":567,"column":8},"end":{"line":567,"column":120}},{"start":{"line":568,"column":8},"end":{"line":568,"column":10}}]},"50":{"loc":{"start":{"line":607,"column":4},"end":{"line":607,"column":27}},"type":"default-arg","locations":[{"start":{"line":607,"column":25},"end":{"line":607,"column":27}}]},"51":{"loc":{"start":{"line":608,"column":4},"end":{"line":608,"column":37}},"type":"default-arg","locations":[{"start":{"line":608,"column":32},"end":{"line":608,"column":37}}]},"52":{"loc":{"start":{"line":619,"column":2},"end":{"line":619,"column":82}},"type":"cond-expr","locations":[{"start":{"line":619,"column":21},"end":{"line":619,"column":77}},{"start":{"line":619,"column":80},"end":{"line":619,"column":82}}]},"53":{"loc":{"start":{"line":631,"column":4},"end":{"line":631,"column":30}},"type":"default-arg","locations":[{"start":{"line":631,"column":28},"end":{"line":631,"column":30}}]},"54":{"loc":{"start":{"line":632,"column":4},"end":{"line":632,"column":27}},"type":"default-arg","locations":[{"start":{"line":632,"column":26},"end":{"line":632,"column":27}}]},"55":{"loc":{"start":{"line":635,"column":32},"end":{"line":637,"column":10}},"type":"cond-expr","locations":[{"start":{"line":636,"column":8},"end":{"line":636,"column":99}},{"start":{"line":637,"column":8},"end":{"line":637,"column":10}}]},"56":{"loc":{"start":{"line":635,"column":32},"end":{"line":635,"column":71}},"type":"binary-expr","locations":[{"start":{"line":635,"column":32},"end":{"line":635,"column":45}},{"start":{"line":635,"column":49},"end":{"line":635,"column":71}}]},"57":{"loc":{"start":{"line":655,"column":58},"end":{"line":655,"column":80}},"type":"default-arg","locations":[{"start":{"line":655,"column":79},"end":{"line":655,"column":80}}]},"58":{"loc":{"start":{"line":665,"column":4},"end":{"line":665,"column":28}},"type":"default-arg","locations":[{"start":{"line":665,"column":27},"end":{"line":665,"column":28}}]},"59":{"loc":{"start":{"line":695,"column":26},"end":{"line":695,"column":45}},"type":"default-arg","locations":[{"start":{"line":695,"column":43},"end":{"line":695,"column":45}}]}},"s":{"0":20,"1":14,"2":30,"3":30,"4":30,"5":106,"6":30,"7":30,"8":43,"9":43,"10":43,"11":43,"12":43,"13":4,"14":10,"15":10,"16":10,"17":10,"18":1,"19":2,"20":2,"21":6,"22":6,"23":6,"24":6,"25":6,"26":1,"27":1,"28":3,"29":2,"30":2,"31":1,"32":4,"33":4,"34":1,"35":1,"36":2,"37":2,"38":1,"39":1,"40":2,"41":8,"42":8,"43":2,"44":10,"45":10,"46":10,"47":5,"48":7,"49":7,"50":4,"51":6,"52":6,"53":4,"54":6,"55":6},"f":{"0":20,"1":14,"2":30,"3":106,"4":43,"5":4,"6":10,"7":1,"8":2,"9":6,"10":1,"11":1,"12":3,"13":2,"14":1,"15":4,"16":1,"17":1,"18":2,"19":1,"20":1,"21":2,"22":8,"23":2,"24":10,"25":5,"26":7,"27":4,"28":6,"29":4},"b":{"0":[13],"1":[8],"2":[8],"3":[13],"4":[24],"5":[6,24],"6":[30,26],"7":[4,26],"8":[38],"9":[24],"10":[37],"11":[37],"12":[33],"13":[35],"14":[40,3],"15":[6,37],"16":[1],"17":[9],"18":[5],"19":[9],"20":[10],"21":[10],"22":[7],"23":[9,1],"24":[1,9],"25":[2],"26":[1],"27":[2],"28":[6],"29":[6],"30":[2],"31":[6],"32":[6],"33":[4],"34":[5,1],"35":[4,2],"36":[1],"37":[0],"38":[1],"39":[1],"40":[1],"41":[1],"42":[0],"43":[0],"44":[0],"45":[3],"46":[0],"47":[0],"48":[1],"49":[1,1],"50":[5],"51":[5],"52":[2,6],"53":[5],"54":[7],"55":[2,8],"56":[10,3],"57":[3],"58":[5],"59":[4]}}
,"/home/runner/workspace/src/lib/researchTypes.ts": {"path":"/home/runner/workspace/src/lib/researchTypes.ts","statementMap":{"0":{"start":{"line":6,"column":0},"end":{"line":6,"column":null}},"1":{"start":{"line":7,"column":2},"end":{"line":7,"column":null}},"2":{"start":{"line":8,"column":2},"end":{"line":8,"column":null}},"3":{"start":{"line":9,"column":2},"end":{"line":9,"column":null}},"4":{"start":{"line":10,"column":2},"end":{"line":10,"column":null}},"5":{"start":{"line":11,"column":2},"end":{"line":11,"column":null}},"6":{"start":{"line":12,"column":2},"end":{"line":12,"column":null}},"7":{"start":{"line":13,"column":2},"end":{"line":13,"column":null}},"8":{"start":{"line":16,"column":0},"end":{"line":16,"column":null}},"9":{"start":{"line":17,"column":2},"end":{"line":17,"column":null}},"10":{"start":{"line":18,"column":2},"end":{"line":18,"column":null}},"11":{"start":{"line":19,"column":2},"end":{"line":19,"column":null}},"12":{"start":{"line":22,"column":0},"end":{"line":22,"column":null}},"13":{"start":{"line":23,"column":2},"end":{"line":23,"column":null}},"14":{"start":{"line":24,"column":2},"end":{"line":24,"column":null}},"15":{"start":{"line":25,"column":2},"end":{"line":25,"column":null}},"16":{"start":{"line":26,"column":2},"end":{"line":26,"column":null}},"17":{"start":{"line":27,"column":2},"end":{"line":27,"column":null}},"18":{"start":{"line":28,"column":2},"end":{"line":28,"column":null}},"19":{"start":{"line":29,"column":2},"end":{"line":29,"column":null}},"20":{"start":{"line":30,"column":2},"end":{"line":30,"column":null}},"21":{"start":{"line":31,"column":2},"end":{"line":31,"column":null}},"22":{"start":{"line":32,"column":2},"end":{"line":32,"column":null}},"23":{"start":{"line":33,"column":2},"end":{"line":33,"column":null}},"24":{"start":{"line":34,"column":2},"end":{"line":34,"column":null}},"25":{"start":{"line":35,"column":2},"end":{"line":35,"column":null}},"26":{"start":{"line":36,"column":2},"end":{"line":36,"column":null}},"27":{"start":{"line":37,"column":2},"end":{"line":37,"column":null}},"28":{"start":{"line":95,"column":13},"end":{"line":102,"column":11}},"29":{"start":{"line":106,"column":13},"end":{"line":118,"column":11}}},"fnMap":{"0":{"name":"(anonymous_0)","decl":{"start":{"line":6,"column":0},"end":{"line":6,"column":12}},"loc":{"start":{"line":6,"column":22},"end":{"line":14,"column":1}}},"1":{"name":"(anonymous_1)","decl":{"start":{"line":16,"column":0},"end":{"line":16,"column":12}},"loc":{"start":{"line":16,"column":24},"end":{"line":20,"column":1}}},"2":{"name":"(anonymous_2)","decl":{"start":{"line":22,"column":0},"end":{"line":22,"column":12}},"loc":{"start":{"line":22,"column":16},"end":{"line":38,"column":1}}}},"branchMap":{"0":{"loc":{"start":{"line":6,"column":12},"end":{"line":6,"column":null}},"type":"binary-expr","locations":[{"start":{"line":6,"column":12},"end":{"line":6,"column":22}},{"start":{"line":6,"column":22},"end":{"line":6,"column":null}}]},"1":{"loc":{"start":{"line":16,"column":12},"end":{"line":16,"column":null}},"type":"binary-expr","locations":[{"start":{"line":16,"column":12},"end":{"line":16,"column":24}},{"start":{"line":16,"column":24},"end":{"line":16,"column":null}}]},"2":{"loc":{"start":{"line":22,"column":12},"end":{"line":22,"column":null}},"type":"binary-expr","locations":[{"start":{"line":22,"column":12},"end":{"line":22,"column":16}},{"start":{"line":22,"column":16},"end":{"line":22,"column":null}}]}},"s":{"0":13,"1":13,"2":13,"3":13,"4":13,"5":13,"6":13,"7":13,"8":13,"9":13,"10":13,"11":13,"12":13,"13":13,"14":13,"15":13,"16":13,"17":13,"18":13,"19":13,"20":13,"21":13,"22":13,"23":13,"24":13,"25":13,"26":13,"27":13,"28":13,"29":13},"f":{"0":13,"1":13,"2":13},"b":{"0":[13,13],"1":[13,13],"2":[13,13]}}
,"/home/runner/workspace/src/lib/utils.ts": {"path":"/home/runner/workspace/src/lib/utils.ts","statementMap":{"0":{"start":{"line":4,"column":0},"end":{"line":4,"column":16}},"1":{"start":{"line":1,"column":0},"end":{"line":1,"column":45}},"2":{"start":{"line":2,"column":0},"end":{"line":2,"column":41}},"3":{"start":{"line":5,"column":2},"end":{"line":5,"column":31}}},"fnMap":{"0":{"name":"cn","decl":{"start":{"line":4,"column":16},"end":{"line":4,"column":18}},"loc":{"start":{"line":4,"column":42},"end":{"line":6,"column":1}}}},"branchMap":{},"s":{"0":34,"1":34,"2":34,"3":1240},"f":{"0":1240},"b":{}}
,"/home/runner/workspace/src/pages/Index.tsx": {"path":"/home/runner/workspace/src/pages/Index.tsx","statementMap":{"0":{"start":{"line":18,"column":0},"end":{"line":18,"column":16}},"1":{"start":{"line":1,"column":0},"end":{"line":1,"column":33}},"2":{"start":{"line":2,"column":0},"end":{"line":2,"column":68}},"3":{"start":{"line":3,"column":0},"end":{"line":3,"column":64}},"4":{"start":{"line":4,"column":0},"end":{"line":4,"column":60}},"5":{"start":{"line":5,"column":0},"end":{"line":5,"column":66}},"6":{"start":{"line":6,"column":0},"end":{"line":6,"column":72}},"7":{"start":{"line":7,"column":0},"end":{"line":7,"column":76}},"8":{"start":{"line":8,"column":0},"end":{"line":8,"column":62}},"9":{"start":{"line":9,"column":0},"end":{"line":9,"column":82}},"10":{"start":{"line":10,"column":0},"end":{"line":10,"column":60}},"11":{"start":{"line":11,"column":0},"end":{"line":11,"column":48}},"12":{"start":{"line":12,"column":0},"end":{"line":12,"column":57}},"13":{"start":{"line":13,"column":0},"end":{"line":13,"column":48}},"14":{"start":{"line":14,"column":0},"end":{"line":14,"column":31}},"15":{"start":{"line":15,"column":0},"end":{"line":15,"column":55}},"16":{"start":{"line":16,"column":0},"end":{"line":16,"column":73}},"17":{"start":{"line":19,"column":2},"end":{"line":19,"column":54}},"18":{"start":{"line":22,"column":14},"end":{"line":134,"column":1}},"19":{"start":{"line":23,"column":44},"end":{"line":23,"column":79}},"20":{"start":{"line":24,"column":29},"end":{"line":24,"column":49}},"21":{"start":{"line":25,"column":50},"end":{"line":31,"column":4}},"22":{"start":{"line":33,"column":62},"end":{"line":38,"column":4}},"23":{"start":{"line":36,"column":6},"end":{"line":36,"column":25}},"24":{"start":{"line":40,"column":2},"end":{"line":133,"column":4}},"25":{"start":{"line":115,"column":20},"end":{"line":115,"column":45}},"26":{"start":{"line":136,"column":0},"end":{"line":136,"column":21}}},"fnMap":{"0":{"name":"shouldShowQuickActions","decl":{"start":{"line":18,"column":16},"end":{"line":18,"column":38}},"loc":{"start":{"line":18,"column":61},"end":{"line":20,"column":1}}},"1":{"name":"(anonymous_1)","decl":{"start":{"line":22,"column":14},"end":{"line":22,"column":17}},"loc":{"start":{"line":22,"column":19},"end":{"line":134,"column":1}}},"2":{"name":"(anonymous_2)","decl":{"start":{"line":35,"column":13},"end":{"line":35,"column":14}},"loc":{"start":{"line":35,"column":23},"end":{"line":37,"column":5}}},"3":{"name":"(anonymous_3)","decl":{"start":{"line":114,"column":32},"end":{"line":114,"column":33}},"loc":{"start":{"line":115,"column":20},"end":{"line":115,"column":45}}}},"branchMap":{"0":{"loc":{"start":{"line":70,"column":13},"end":{"line":85,"column":null}},"type":"cond-expr","locations":[{"start":{"line":71,"column":14},"end":{"line":71,"column":78}},{"start":{"line":73,"column":14},"end":{"line":84,"column":null}}]},"1":{"loc":{"start":{"line":102,"column":15},"end":{"line":122,"column":null}},"type":"cond-expr","locations":[{"start":{"line":103,"column":16},"end":{"line":110,"column":null}},{"start":{"line":113,"column":16},"end":{"line":121,"column":null}}]},"2":{"loc":{"start":{"line":117,"column":19},"end":{"line":120,"column":null}},"type":"binary-expr","locations":[{"start":{"line":117,"column":19},"end":{"line":117,"column":28}},{"start":{"line":118,"column":20},"end":{"line":119,"column":null}}]}},"s":{"0":9,"1":9,"2":9,"3":9,"4":9,"5":9,"6":9,"7":9,"8":9,"9":9,"10":9,"11":9,"12":9,"13":9,"14":9,"15":9,"16":9,"17":84,"18":9,"19":76,"20":72,"21":72,"22":72,"23":0,"24":72,"25":2,"26":9},"f":{"0":84,"1":76,"2":0,"3":2},"b":{"0":[70,2],"1":[70,2],"2":[2,0]}}
,"/home/runner/workspace/src/pages/NotFound.tsx": {"path":"/home/runner/workspace/src/pages/NotFound.tsx","statementMap":{"0":{"start":{"line":1,"column":0},"end":{"line":1,"column":47}},"1":{"start":{"line":2,"column":0},"end":{"line":2,"column":34}},"2":{"start":{"line":4,"column":17},"end":{"line":22,"column":1}},"3":{"start":{"line":5,"column":19},"end":{"line":5,"column":32}},"4":{"start":{"line":7,"column":2},"end":{"line":9,"column":26}},"5":{"start":{"line":8,"column":4},"end":{"line":8,"column":96}},"6":{"start":{"line":11,"column":2},"end":{"line":21,"column":4}},"7":{"start":{"line":24,"column":0},"end":{"line":24,"column":24}}},"fnMap":{"0":{"name":"(anonymous_0)","decl":{"start":{"line":4,"column":17},"end":{"line":4,"column":20}},"loc":{"start":{"line":4,"column":22},"end":{"line":22,"column":1}}},"1":{"name":"(anonymous_1)","decl":{"start":{"line":7,"column":12},"end":{"line":7,"column":15}},"loc":{"start":{"line":7,"column":17},"end":{"line":9,"column":3}}}},"branchMap":{},"s":{"0":2,"1":2,"2":2,"3":5,"4":5,"5":5,"6":5,"7":2},"f":{"0":5,"1":5},"b":{}}
}
