TN:
SF:src/App.tsx
FN:11,(anonymous_1)
FNF:1
FNH:1
FNDA:11,(anonymous_1)
DA:1,1
DA:2,1
DA:3,1
DA:4,1
DA:5,1
DA:6,1
DA:7,1
DA:9,1
DA:11,1
DA:12,11
DA:27,1
LF:11
LH:11
BRF:0
BRH:0
end_of_record
TN:
SF:src/components/NavLink.tsx
FN:11,getNavLinkClassName
FN:22,(anonymous_1)
FN:27,(anonymous_2)
FNF:3
FNH:3
FNDA:5,getNavLinkClassName
FNDA:1,(anonymous_1)
FNDA:1,(anonymous_2)
DA:1,1
DA:2,1
DA:3,1
DA:11,1
DA:18,5
DA:21,1
DA:23,1
DA:28,1
DA:36,1
DA:38,1
LF:10
LH:10
BRDA:18,0,0,5
BRDA:18,0,1,3
BRDA:18,1,0,5
BRDA:18,1,1,2
BRF:4
BRH:4
end_of_record
TN:
SF:src/components/research/ChatInput.tsx
FN:12,(anonymous_0)
FN:15,(anonymous_1)
FN:22,(anonymous_2)
FN:33,(anonymous_3)
FNF:4
FNH:4
FNDA:161,(anonymous_0)
FNDA:13,(anonymous_1)
FNDA:31,(anonymous_2)
FNDA:45,(anonymous_3)
DA:1,12
DA:2,12
DA:3,12
DA:4,12
DA:5,12
DA:12,12
DA:13,161
DA:15,161
DA:16,13
DA:17,13
DA:18,13
DA:22,161
DA:23,31
DA:24,2
DA:25,2
DA:29,161
DA:33,45
LF:17
LH:17
BRDA:16,0,0,13
BRDA:16,0,1,0
BRDA:23,1,0,2
BRDA:23,1,1,29
BRDA:23,2,0,31
BRDA:23,2,1,4
BRF:6
BRH:5
end_of_record
TN:
SF:src/components/research/ChatMessage.tsx
FN:12,(anonymous_1)
FNF:1
FNH:1
FNDA:7,(anonymous_1)
DA:2,10
DA:3,10
DA:4,10
DA:5,10
DA:6,10
DA:12,10
DA:13,7
DA:15,7
LF:8
LH:8
BRDA:16,0,0,4
BRDA:16,0,1,3
BRDA:17,1,0,7
BRDA:17,1,1,3
BRDA:27,2,0,4
BRDA:27,2,1,3
BRDA:29,3,0,4
BRDA:29,3,1,3
BRDA:36,4,0,7
BRDA:36,4,1,2
BRDA:36,4,2,2
BRDA:43,5,0,7
BRDA:43,5,1,4
BRF:13
BRH:13
end_of_record
TN:
SF:src/components/research/KeyboardShortcuts.tsx
FN:11,(anonymous_0)
FN:12,(anonymous_1)
FN:13,(anonymous_2)
FN:22,(anonymous_3)
FN:44,(anonymous_4)
FN:48,(anonymous_5)
FNF:6
FNH:6
FNDA:83,(anonymous_0)
FNDA:11,(anonymous_1)
FNDA:5,(anonymous_2)
FNDA:11,(anonymous_3)
FNDA:332,(anonymous_4)
FNDA:498,(anonymous_5)
DA:1,10
DA:2,10
DA:3,10
DA:4,10
DA:5,10
DA:11,10
DA:12,83
DA:13,11
DA:15,5
DA:16,4
DA:17,4
DA:21,11
DA:22,11
DA:25,83
DA:32,83
DA:45,332
DA:49,498
LF:17
LH:17
BRDA:15,0,0,4
BRDA:15,0,1,1
BRDA:15,1,0,5
BRDA:15,1,1,2
BRDA:15,1,2,5
BRF:5
BRH:5
end_of_record
TN:
SF:src/components/research/ModelSelector.tsx
FN:10,(anonymous_0)
FN:11,(anonymous_1)
FN:31,(anonymous_2)
FNF:3
FNH:3
FNDA:77,(anonymous_0)
FNDA:231,(anonymous_1)
FNDA:539,(anonymous_2)
DA:1,10
DA:2,10
DA:3,10
DA:10,10
DA:11,231
DA:13,77
DA:32,539
LF:7
LH:7
BRDA:19,0,0,77
BRDA:19,0,1,77
BRDA:23,1,0,0
BRDA:23,1,1,77
BRDA:41,2,0,231
BRDA:41,2,1,308
BRF:6
BRH:5
end_of_record
TN:
SF:src/components/research/QuickActions.tsx
FN:33,(anonymous_0)
FN:38,(anonymous_1)
FN:45,(anonymous_2)
FNF:3
FNH:3
FNDA:77,(anonymous_0)
FNDA:308,(anonymous_1)
FNDA:2,(anonymous_2)
DA:1,10
DA:2,10
DA:3,10
DA:10,10
DA:33,10
DA:34,77
DA:39,308
DA:40,308
DA:45,2
LF:9
LH:9
BRF:0
BRH:0
end_of_record
TN:
SF:src/components/research/ResearchHistory.tsx
FN:10,(anonymous_0)
FN:15,(anonymous_1)
FN:32,(anonymous_2)
FN:33,(anonymous_3)
FNF:4
FNH:4
FNDA:8,(anonymous_0)
FNDA:8,(anonymous_1)
FNDA:8,(anonymous_2)
FNDA:6,(anonymous_3)
DA:1,10
DA:2,10
DA:3,10
DA:10,10
DA:11,8
DA:12,3
DA:15,8
DA:17,5
DA:32,8
DA:34,6
LF:10
LH:10
BRDA:11,0,0,3
BRDA:11,0,1,5
BRDA:26,1,0,4
BRDA:26,1,1,1
BRDA:39,2,0,6
BRDA:39,2,1,1
BRF:6
BRH:6
end_of_record
TN:
SF:src/components/research/ResearchModeSelector.tsx
FN:86,ResearchModeSelector
FN:92,(anonymous_1)
FN:102,(anonymous_2)
FN:125,(anonymous_3)
FN:130,(anonymous_4)
FN:159,(anonymous_5)
FN:179,(anonymous_6)
FN:222,(anonymous_7)
FNF:8
FNH:1
FNDA:232,ResearchModeSelector
FNDA:0,(anonymous_1)
FNDA:0,(anonymous_2)
FNDA:0,(anonymous_3)
FNDA:0,(anonymous_4)
FNDA:0,(anonymous_5)
FNDA:0,(anonymous_6)
FNDA:0,(anonymous_7)
DA:1,11
DA:2,11
DA:3,11
DA:10,11
DA:11,11
DA:12,11
DA:20,11
DA:21,11
DA:22,11
DA:23,11
DA:43,11
DA:70,11
DA:78,11
DA:86,11
DA:90,232
DA:92,232
DA:93,0
DA:97,232
DA:98,0
DA:99,0
DA:100,0
DA:102,0
DA:104,0
DA:126,0
DA:127,0
DA:130,0
DA:160,0
DA:180,0
DA:223,0
LF:29
LH:17
BRDA:232,0,0,0
BRDA:232,0,1,0
BRDA:232,0,2,0
BRF:3
BRH:0
end_of_record
TN:
SF:src/components/research/UsageStats.tsx
FN:10,(anonymous_0)
FN:11,(anonymous_1)
FN:12,(anonymous_2)
FN:18,(anonymous_3)
FNF:4
FNH:4
FNDA:8,(anonymous_0)
FNDA:5,(anonymous_1)
FNDA:5,(anonymous_2)
FNDA:5,(anonymous_3)
DA:1,10
DA:3,10
DA:10,10
DA:11,8
DA:12,8
DA:14,8
DA:18,8
DA:20,5
DA:23,8
DA:25,4
LF:10
LH:10
BRDA:14,0,0,8
BRDA:14,0,1,0
BRDA:23,1,0,4
BRDA:23,1,1,4
BRF:4
BRH:3
end_of_record
TN:
SF:src/components/research/research-mode-functions.ts
FN:3,getModeButtonClass
FN:9,shouldShowModeDescription
FN:16,getModeDescription
FNF:3
FNH:3
FNDA:2,getModeButtonClass
FNDA:4,shouldShowModeDescription
FNDA:4,getModeDescription
DA:1,11
DA:3,11
DA:4,2
DA:9,11
DA:10,4
DA:16,11
DA:17,4
DA:18,1
DA:20,3
DA:21,1
DA:23,2
DA:24,1
DA:26,1
DA:27,1
DA:29,0
LF:15
LH:14
BRDA:4,0,0,1
BRDA:4,0,1,1
BRDA:10,1,0,4
BRDA:10,1,1,3
BRDA:10,1,2,2
BRDA:10,1,3,1
BRDA:17,2,0,1
BRDA:17,2,1,3
BRDA:20,3,0,1
BRDA:20,3,1,2
BRDA:23,4,0,1
BRDA:23,4,1,1
BRDA:26,5,0,1
BRDA:26,5,1,0
BRF:14
BRH:13
end_of_record
TN:
SF:src/hooks/use-mobile-helpers.ts
FN:5,checkIsMobile
FN:9,getBreakpoint
FN:13,handleMediaQueryChange
FN:17,createMediaQueryString
FNF:4
FNH:4
FNDA:6,checkIsMobile
FNDA:1,getBreakpoint
FNDA:2,handleMediaQueryChange
FNDA:1,createMediaQueryString
DA:3,1
DA:5,1
DA:6,6
DA:9,1
DA:10,1
DA:13,1
DA:14,2
DA:17,1
DA:18,1
LF:9
LH:9
BRF:0
BRH:0
end_of_record
TN:
SF:src/hooks/use-mobile.tsx
FN:6,useIsMobile
FN:9,(anonymous_10)
FN:10,(anonymous_11)
FN:13,(anonymous_12)
FN:18,(anonymous_13)
FNF:5
FNH:4
FNDA:20,useIsMobile
FNDA:9,(anonymous_10)
FNDA:9,(anonymous_11)
FNDA:0,(anonymous_12)
FNDA:9,(anonymous_13)
DA:1,3
DA:2,3
DA:4,3
DA:6,3
DA:7,20
DA:9,20
DA:10,9
DA:12,9
DA:13,9
DA:15,9
DA:16,9
DA:18,9
DA:19,9
DA:23,20
LF:14
LH:14
BRF:0
BRH:0
end_of_record
TN:
SF:src/hooks/use-toast-helpers.ts
FN:3,shouldRemoveListener
FN:7,findListenerIndex
FN:11,removeListenerFromArray
FN:19,addToRemoveQueue
FN:20,(anonymous_4)
FN:25,handleToastDismiss
FNF:6
FNH:5
FNDA:3,shouldRemoveListener
FNDA:2,findListenerIndex
FNDA:3,removeListenerFromArray
FNDA:1,addToRemoveQueue
FNDA:0,(anonymous_4)
FNDA:3,handleToastDismiss
DA:3,1
DA:4,3
DA:7,1
DA:8,2
DA:11,1
DA:12,3
DA:13,3
DA:14,2
DA:16,3
DA:19,1
DA:20,1
DA:25,1
DA:26,3
LF:13
LH:13
BRDA:13,0,0,2
BRDA:13,0,1,1
BRF:2
BRH:2
end_of_record
TN:
SF:src/hooks/use-toast.ts
FN:24,genId
FN:55,(anonymous_10)
FN:60,(anonymous_11)
FN:71,(anonymous_12)
FN:82,(anonymous_13)
FN:93,(anonymous_14)
FN:100,(anonymous_15)
FN:119,(anonymous_16)
FN:128,dispatch
FN:130,(anonymous_18)
FN:137,toast
FN:140,(anonymous_20)
FN:145,(anonymous_21)
FN:153,(anonymous_22)
FN:168,useToast
FN:171,(anonymous_24)
FN:173,(anonymous_25)
FN:184,(anonymous_26)
FNF:18
FNH:16
FNDA:16,genId
FNDA:21,(anonymous_10)
FNDA:0,(anonymous_11)
FNDA:88,(anonymous_12)
FNDA:13,(anonymous_13)
FNDA:11,(anonymous_14)
FNDA:22,(anonymous_15)
FNDA:11,(anonymous_16)
FNDA:20,dispatch
FNDA:11,(anonymous_18)
FNDA:16,toast
FNDA:1,(anonymous_20)
FNDA:1,(anonymous_21)
FNDA:0,(anonymous_22)
FNDA:28,useToast
FNDA:18,(anonymous_24)
FNDA:18,(anonymous_25)
FNDA:2,(anonymous_26)
DA:1,6
DA:5,6
DA:6,6
DA:15,6
DA:22,6
DA:25,16
DA:26,16
DA:53,6
DA:55,6
DA:56,21
DA:57,9
DA:60,12
DA:61,0
DA:62,0
DA:68,12
DA:71,6
DA:72,88
DA:74,44
DA:80,14
DA:82,13
DA:86,17
DA:90,17
DA:91,10
DA:93,7
DA:94,11
DA:98,17
DA:101,22
DA:111,13
DA:112,5
DA:117,8
DA:119,11
DA:124,6
DA:126,6
DA:129,20
DA:130,20
DA:131,11
DA:138,16
DA:140,16
DA:141,1
DA:145,16
DA:147,16
DA:154,0
DA:159,16
DA:166,6
DA:169,28
DA:171,28
DA:172,18
DA:173,18
DA:174,18
DA:175,18
DA:176,18
DA:181,28
DA:184,2
DA:188,6
LF:54
LH:51
BRDA:56,0,0,9
BRDA:56,0,1,12
BRDA:72,1,0,44
BRDA:72,1,1,14
BRDA:72,1,2,17
BRDA:72,1,3,13
BRDA:82,2,0,10
BRDA:82,2,1,3
BRDA:90,3,0,10
BRDA:90,3,1,7
BRDA:101,4,0,20
BRDA:101,4,1,2
BRDA:101,5,0,22
BRDA:101,5,1,13
BRDA:111,6,0,5
BRDA:111,6,1,8
BRDA:154,7,0,0
BRDA:154,7,1,0
BRDA:175,8,0,18
BRDA:175,8,1,0
BRF:20
BRH:17
end_of_record
TN:
SF:src/hooks/useStreamingChat.ts
FN:17,(anonymous_0)
FN:22,(anonymous_1)
FN:29,(anonymous_2)
FN:52,(anonymous_3)
FN:87,(anonymous_4)
FN:90,(anonymous_5)
FN:120,(anonymous_6)
FN:122,(anonymous_7)
FN:130,(anonymous_8)
FNF:9
FNH:9
FNDA:45,(anonymous_0)
FNDA:20,(anonymous_1)
FNDA:20,(anonymous_2)
FNDA:1,(anonymous_3)
FNDA:6,(anonymous_4)
FNDA:2,(anonymous_5)
FNDA:8,(anonymous_6)
FNDA:8,(anonymous_7)
FNDA:2,(anonymous_8)
DA:1,7
DA:2,7
DA:3,7
DA:17,7
DA:18,45
DA:19,45
DA:21,45
DA:23,20
DA:29,20
DA:30,20
DA:32,20
DA:34,20
DA:35,20
DA:36,20
DA:38,20
DA:51,17
DA:52,3
DA:53,3
DA:56,14
DA:57,2
DA:60,12
DA:61,12
DA:62,12
DA:64,12
DA:65,21
DA:66,21
DA:68,9
DA:71,9
DA:72,12
DA:73,12
DA:75,12
DA:76,12
DA:77,9
DA:79,9
DA:80,9
DA:82,8
DA:83,8
DA:84,7
DA:85,7
DA:86,6
DA:87,6
DA:88,6
DA:89,6
DA:90,1
DA:91,2
DA:96,5
DA:108,1
DA:113,12
DA:115,8
DA:116,8
DA:117,8
DA:118,8
DA:120,8
DA:122,8
DA:123,8
DA:130,45
DA:131,2
DA:134,45
LF:58
LH:58
BRDA:51,0,0,3
BRDA:51,0,1,14
BRDA:53,1,0,3
BRDA:53,1,1,1
BRDA:56,2,0,2
BRDA:56,2,1,12
BRDA:66,3,0,12
BRDA:66,3,1,9
BRDA:75,4,0,1
BRDA:75,4,1,11
BRDA:76,5,0,3
BRDA:76,5,1,9
BRDA:76,6,0,12
BRDA:76,6,1,11
BRDA:77,7,0,0
BRDA:77,7,1,9
BRDA:80,8,0,1
BRDA:80,8,1,8
BRDA:85,9,0,6
BRDA:85,9,1,1
BRDA:89,10,0,1
BRDA:89,10,1,5
BRDA:91,11,0,1
BRDA:91,11,1,1
BRDA:117,12,0,7
BRDA:117,12,1,1
BRF:26
BRH:25
end_of_record
TN:
SF:src/lib/aiModels.ts
FN:77,(anonymous_0)
FN:78,(anonymous_1)
FN:81,(anonymous_2)
FN:82,(anonymous_3)
FNF:4
FNH:4
FNDA:3,(anonymous_0)
FNDA:17,(anonymous_1)
FNDA:4,(anonymous_2)
FNDA:28,(anonymous_3)
DA:11,11
DA:77,11
DA:78,17
DA:81,11
DA:82,28
LF:5
LH:5
BRF:0
BRH:0
end_of_record
TN:
SF:src/lib/componentUtils.ts
FN:4,navLinkClassNameTrue
FN:5,navLinkClassNameFalse
FN:8,shouldSendTrue
FN:9,shouldSendFalse
FN:12,badgeVariantTrue
FN:13,badgeVariantFalse
FN:16,durationWithTime
FN:17,durationNoTime
FN:20,filterAtEndAssistantEmpty
FN:21,filterAtEndAssistantContent
FN:22,filterAtEndUser
FN:23,filterNotAtEnd
FN:26,reportTypeDeepTrue
FN:27,reportTypeDeepFalse
FN:28,reportTypeResearchTrue
FN:29,reportTypeResearchFalse
FN:30,reportTypeDetailedTrue
FN:31,reportTypeDetailedFalse
FN:32,reportTypeOutlineTrue
FN:33,reportTypeOutlineFalse
FN:36,toneObjectiveTrue
FN:37,toneObjectiveFalse
FN:38,toneAnalyticalTrue
FN:39,toneAnalyticalFalse
FN:40,toneFormalTrue
FN:41,toneFormalFalse
FN:44,messagesEmpty
FN:45,messagesNotEmpty
FN:48,viewportMobile
FN:49,viewportDesktop
FN:52,dismissActionExecutes
FN:55,equalsTrue
FN:56,equalsFalse
FN:57,notEqualsTrue
FN:58,notEqualsFalse
FN:59,greaterTrue
FN:60,greaterFalse
FN:61,lessTrue
FN:62,lessFalse
FN:63,greaterEqualTrue
FN:64,greaterEqualFalse
FN:65,lessEqualTrue
FN:66,lessEqualFalse
FN:69,andTrueTrue
FN:70,andTrueFalse
FN:71,andFalseTrue
FN:72,andFalseFalse
FN:73,orTrueTrue
FN:74,orTrueFalse
FN:75,orFalseTrue
FN:76,orFalseFalse
FN:79,notTrue
FN:80,notFalse
FN:83,ternaryTrue
FN:84,ternaryFalse
FN:87,includesFound
FN:88,includesNotFound
FN:89,findMatch
FN:89,(anonymous_58)
FN:90,findNoMatch
FN:90,(anonymous_60)
FN:91,filterIncludes
FN:91,(anonymous_62)
FN:92,filterExcludes
FN:92,(anonymous_64)
FN:93,everyTrue
FN:93,(anonymous_66)
FN:94,everyFalse
FN:94,(anonymous_68)
FN:95,someTrue
FN:95,(anonymous_70)
FN:96,someFalse
FN:96,(anonymous_72)
FN:99,forLoopIteration
FN:100,whileLoopIteration
FN:103,tryCatch
FN:104,tryThrow
FNF:77
FNH:76
FNDA:1,navLinkClassNameTrue
FNDA:1,navLinkClassNameFalse
FNDA:3,shouldSendTrue
FNDA:8,shouldSendFalse
FNDA:3,badgeVariantTrue
FNDA:3,badgeVariantFalse
FNDA:3,durationWithTime
FNDA:3,durationNoTime
FNDA:2,filterAtEndAssistantEmpty
FNDA:2,filterAtEndAssistantContent
FNDA:1,filterAtEndUser
FNDA:1,filterNotAtEnd
FNDA:2,reportTypeDeepTrue
FNDA:2,reportTypeDeepFalse
FNDA:2,reportTypeResearchTrue
FNDA:2,reportTypeResearchFalse
FNDA:2,reportTypeDetailedTrue
FNDA:2,reportTypeDetailedFalse
FNDA:2,reportTypeOutlineTrue
FNDA:2,reportTypeOutlineFalse
FNDA:2,toneObjectiveTrue
FNDA:2,toneObjectiveFalse
FNDA:2,toneAnalyticalTrue
FNDA:2,toneAnalyticalFalse
FNDA:2,toneFormalTrue
FNDA:2,toneFormalFalse
FNDA:2,messagesEmpty
FNDA:2,messagesNotEmpty
FNDA:2,viewportMobile
FNDA:2,viewportDesktop
FNDA:0,dismissActionExecutes
FNDA:3,equalsTrue
FNDA:3,equalsFalse
FNDA:3,notEqualsTrue
FNDA:3,notEqualsFalse
FNDA:3,greaterTrue
FNDA:3,greaterFalse
FNDA:3,lessTrue
FNDA:3,lessFalse
FNDA:3,greaterEqualTrue
FNDA:3,greaterEqualFalse
FNDA:3,lessEqualTrue
FNDA:3,lessEqualFalse
FNDA:3,andTrueTrue
FNDA:3,andTrueFalse
FNDA:8,andFalseTrue
FNDA:8,andFalseFalse
FNDA:4,orTrueTrue
FNDA:8,orTrueFalse
FNDA:4,orFalseTrue
FNDA:4,orFalseFalse
FNDA:3,notTrue
FNDA:3,notFalse
FNDA:8,ternaryTrue
FNDA:8,ternaryFalse
FNDA:3,includesFound
FNDA:3,includesNotFound
FNDA:3,findMatch
FNDA:6,(anonymous_58)
FNDA:3,findNoMatch
FNDA:9,(anonymous_60)
FNDA:3,filterIncludes
FNDA:9,(anonymous_62)
FNDA:3,filterExcludes
FNDA:9,(anonymous_64)
FNDA:3,everyTrue
FNDA:6,(anonymous_66)
FNDA:3,everyFalse
FNDA:3,(anonymous_68)
FNDA:3,someTrue
FNDA:6,(anonymous_70)
FNDA:3,someFalse
FNDA:6,(anonymous_72)
FNDA:3,forLoopIteration
FNDA:3,whileLoopIteration
FNDA:3,tryCatch
FNDA:3,tryThrow
DA:1,8
DA:4,8
DA:5,8
DA:8,8
DA:9,8
DA:12,8
DA:13,8
DA:16,8
DA:17,8
DA:20,8
DA:21,8
DA:22,8
DA:23,8
DA:26,8
DA:27,8
DA:28,8
DA:29,8
DA:30,8
DA:31,8
DA:32,8
DA:33,8
DA:36,8
DA:37,8
DA:38,8
DA:39,8
DA:40,8
DA:41,8
DA:44,8
DA:45,8
DA:48,8
DA:49,8
DA:52,8
DA:55,8
DA:56,8
DA:57,8
DA:58,8
DA:59,8
DA:60,8
DA:61,8
DA:62,8
DA:63,8
DA:64,8
DA:65,8
DA:66,8
DA:69,8
DA:70,8
DA:71,8
DA:72,8
DA:73,8
DA:74,8
DA:75,8
DA:76,8
DA:79,8
DA:80,8
DA:83,8
DA:84,8
DA:87,8
DA:88,8
DA:89,8
DA:90,9
DA:91,9
DA:92,9
DA:93,8
DA:94,8
DA:95,8
DA:96,8
DA:99,9
DA:100,9
DA:103,8
DA:104,8
LF:70
LH:70
BRDA:8,0,0,3
BRDA:8,0,1,3
BRDA:9,1,0,8
BRDA:9,1,1,0
BRDA:69,2,0,3
BRDA:69,2,1,3
BRDA:70,3,0,3
BRDA:70,3,1,3
BRDA:71,4,0,8
BRDA:71,4,1,0
BRDA:72,5,0,8
BRDA:72,5,1,0
BRDA:73,6,0,4
BRDA:73,6,1,0
BRDA:74,7,0,8
BRDA:74,7,1,0
BRDA:75,8,0,4
BRDA:75,8,1,4
BRDA:76,9,0,4
BRDA:76,9,1,4
BRDA:83,10,0,8
BRDA:83,10,1,0
BRDA:84,11,0,0
BRDA:84,11,1,8
BRF:24
BRH:17
end_of_record
TN:
SF:src/lib/coverage-extractors.ts
FN:7,validateMessageForSend
FN:15,shouldDisableSendButton
FN:20,isMobileViewport
FN:24,isDesktopViewport
FN:29,shouldFilterMessage
FN:41,filterEmptyAssistantAtEnd
FN:53,shouldShowQuickActionsHelper
FN:57,hasMessages
FN:62,getEnvValueOrFallback
FN:67,findListenerIndex
FN:71,shouldRemoveListener
FN:75,removeListenerAtIndex
FN:82,handleReportFormatChange
FN:86,handleToneChange
FN:90,handleLanguageChange
FN:94,handleTotalWordsChange
FN:98,handleReportTypeChange
FN:103,isModeSelected
FN:107,shouldShowDescription
FN:112,isReportTypeResearchReport
FN:116,isReportTypeDeepResearch
FN:120,isReportTypeDetailedReport
FN:124,isReportTypeOutlineReport
FN:128,isToneObjective
FN:132,isToneAnalytical
FN:136,isToneFormal
FN:140,isToneInformative
FN:144,isToneCritical
FN:148,isLanguageEnglish
FNF:29
FNH:28
FNDA:20,validateMessageForSend
FNDA:165,shouldDisableSendButton
FNDA:13,isMobileViewport
FNDA:4,isDesktopViewport
FNDA:17,shouldFilterMessage
FNDA:17,filterEmptyAssistantAtEnd
FNDA:94,shouldShowQuickActionsHelper
FNDA:10,hasMessages
FNDA:22,getEnvValueOrFallback
FNDA:24,findListenerIndex
FNDA:28,shouldRemoveListener
FNDA:26,removeListenerAtIndex
FNDA:5,handleReportFormatChange
FNDA:5,handleToneChange
FNDA:4,handleLanguageChange
FNDA:4,handleTotalWordsChange
FNDA:0,handleReportTypeChange
FNDA:12,isModeSelected
FNDA:19,shouldShowDescription
FNDA:9,isReportTypeResearchReport
FNDA:9,isReportTypeDeepResearch
FNDA:9,isReportTypeDetailedReport
FNDA:11,isReportTypeOutlineReport
FNDA:10,isToneObjective
FNDA:10,isToneAnalytical
FNDA:10,isToneFormal
FNDA:10,isToneInformative
FNDA:17,isToneCritical
FNDA:17,isLanguageEnglish
DA:7,29
DA:8,20
DA:9,20
DA:10,20
DA:11,20
DA:12,20
DA:15,29
DA:16,165
DA:20,29
DA:21,13
DA:24,29
DA:25,4
DA:29,29
DA:35,17
DA:36,17
DA:37,17
DA:38,17
DA:41,29
DA:45,17
DA:53,29
DA:54,94
DA:57,29
DA:58,10
DA:62,29
DA:63,22
DA:67,29
DA:68,24
DA:71,29
DA:72,28
DA:75,29
DA:76,26
DA:77,24
DA:82,29
DA:83,5
DA:86,29
DA:87,5
DA:90,29
DA:91,4
DA:94,29
DA:95,4
DA:98,29
DA:99,0
DA:103,29
DA:104,12
DA:107,29
DA:108,19
DA:112,29
DA:113,9
DA:116,29
DA:117,9
DA:120,29
DA:121,9
DA:124,29
DA:125,11
DA:128,29
DA:129,10
DA:132,29
DA:133,10
DA:136,29
DA:137,10
DA:140,29
DA:141,10
DA:144,29
DA:145,17
DA:148,29
DA:149,17
LF:66
LH:65
BRDA:12,0,0,20
BRDA:12,0,1,17
BRDA:16,1,0,165
BRDA:16,1,1,153
BRDA:20,2,0,0
BRDA:24,3,0,0
BRDA:38,4,0,17
BRDA:38,4,1,13
BRDA:38,4,2,9
BRDA:46,5,0,17
BRDA:46,5,1,17
BRDA:46,5,2,8
BRDA:63,6,0,22
BRDA:63,6,1,4
BRDA:76,7,0,24
BRDA:76,7,1,2
BRDA:108,8,0,19
BRDA:108,8,1,13
BRF:18
BRH:16
end_of_record
TN:
SF:src/lib/env-helpers.ts
FN:3,getProcessEnvValue
FN:10,getWindowEnvValue
FN:17,getGlobalThisValue
FN:24,hasProcessEnv
FN:28,hasWindowEnv
FN:32,hasGlobalThisEnv
FN:36,getEnvironmentVariablePriority
FNF:7
FNH:7
FNDA:2,getProcessEnvValue
FNDA:3,getWindowEnvValue
FNDA:2,getGlobalThisValue
FNDA:4,hasProcessEnv
FNDA:3,hasWindowEnv
FNDA:3,hasGlobalThisEnv
FNDA:2,getEnvironmentVariablePriority
DA:3,1
DA:4,2
DA:5,1
DA:7,1
DA:10,1
DA:11,3
DA:12,0
DA:14,3
DA:17,1
DA:18,2
DA:19,1
DA:21,1
DA:24,1
DA:25,4
DA:28,1
DA:29,3
DA:32,1
DA:33,3
DA:36,1
DA:37,2
DA:38,1
DA:39,1
DA:40,1
LF:23
LH:22
BRDA:4,0,0,1
BRDA:4,0,1,1
BRDA:4,1,0,2
BRDA:4,1,1,2
BRDA:11,2,0,0
BRDA:11,2,1,3
BRDA:11,3,0,3
BRDA:11,3,1,3
BRDA:18,4,0,1
BRDA:18,4,1,1
BRDA:18,5,0,2
BRDA:18,5,1,2
BRDA:25,6,0,4
BRDA:25,6,1,4
BRDA:29,7,0,3
BRDA:29,7,1,3
BRDA:33,8,0,3
BRDA:33,8,1,3
BRDA:37,9,0,1
BRDA:37,9,1,1
BRDA:38,10,0,0
BRDA:38,10,1,1
BRDA:39,11,0,0
BRDA:39,11,1,1
BRF:24
BRH:21
end_of_record
TN:
SF:src/lib/env.ts
FN:11,getEnv
FN:20,loadEnv
FN:35,getEnvironmentVariable
FN:54,resetEnv
FNF:4
FNH:4
FNDA:37,getEnv
FNDA:34,loadEnv
FNDA:68,getEnvironmentVariable
FNDA:65,resetEnv
DA:1,8
DA:9,8
DA:11,8
DA:12,37
DA:13,3
DA:16,34
DA:17,34
DA:22,34
DA:23,34
DA:25,34
DA:26,4
DA:29,30
DA:37,68
DA:38,12
DA:42,56
DA:43,3
DA:47,53
DA:48,1
DA:51,52
DA:54,8
DA:55,65
LF:21
LH:21
BRDA:12,0,0,3
BRDA:12,0,1,34
BRDA:25,1,0,4
BRDA:25,1,1,30
BRDA:25,2,0,34
BRDA:25,2,1,10
BRDA:30,3,0,30
BRDA:30,3,1,24
BRDA:31,4,0,30
BRDA:31,4,1,28
BRDA:37,5,0,12
BRDA:37,5,1,56
BRDA:37,6,0,68
BRDA:37,6,1,68
BRDA:42,7,0,3
BRDA:42,7,1,53
BRDA:42,8,0,56
BRDA:42,8,1,56
BRDA:47,9,0,1
BRDA:47,9,1,52
BRDA:47,10,0,53
BRDA:47,10,1,53
BRF:22
BRH:22
end_of_record
TN:
SF:src/lib/index-helpers.ts
FN:3,handleStreamingError
FN:12,shouldRenderChatArea
FN:16,shouldRenderQuickActions
FN:20,shouldRenderResearchHistory
FN:24,getChatAreaHeight
FNF:5
FNH:5
FNDA:2,handleStreamingError
FNDA:3,shouldRenderChatArea
FNDA:3,shouldRenderQuickActions
FNDA:3,shouldRenderResearchHistory
FNDA:1,getChatAreaHeight
DA:3,1
DA:7,2
DA:8,1
DA:12,1
DA:13,3
DA:16,1
DA:17,3
DA:20,1
DA:21,3
DA:24,1
DA:25,1
LF:11
LH:11
BRDA:7,0,0,1
BRDA:7,0,1,1
BRF:2
BRH:2
end_of_record
TN:
SF:src/lib/research-prompts-helpers.ts
FN:3,isDeepResearchType
FN:7,isResearchReportType
FN:11,isDetailedReportType
FN:15,isOutlineReportType
FN:19,isObjectiveTone
FN:23,isAnalyticalTone
FN:27,isFormalTone
FN:31,getReportTypeName
FN:39,getToneName
FNF:9
FNH:9
FNDA:7,isDeepResearchType
FNDA:6,isResearchReportType
FNDA:5,isDetailedReportType
FNDA:4,isOutlineReportType
FNDA:6,isObjectiveTone
FNDA:5,isAnalyticalTone
FNDA:4,isFormalTone
FNDA:5,getReportTypeName
FNDA:4,getToneName
DA:3,1
DA:4,7
DA:7,1
DA:8,6
DA:11,1
DA:12,5
DA:15,1
DA:16,4
DA:19,1
DA:20,6
DA:23,1
DA:24,5
DA:27,1
DA:28,4
DA:31,1
DA:32,5
DA:33,4
DA:34,3
DA:35,2
DA:36,1
DA:39,1
DA:40,4
DA:41,3
DA:42,2
DA:43,1
LF:25
LH:25
BRDA:32,0,0,1
BRDA:32,0,1,4
BRDA:33,1,0,1
BRDA:33,1,1,3
BRDA:34,2,0,1
BRDA:34,2,1,2
BRDA:35,3,0,1
BRDA:35,3,1,1
BRDA:40,4,0,1
BRDA:40,4,1,3
BRDA:41,5,0,1
BRDA:41,5,1,2
BRDA:42,6,0,1
BRDA:42,6,1,1
BRF:14
BRH:14
end_of_record
TN:
SF:src/lib/researchPrompts.ts
FN:22,(anonymous_0)
FN:62,(anonymous_1)
FN:83,(anonymous_2)
FN:101,(anonymous_3)
FN:117,(anonymous_4)
FN:168,(anonymous_5)
FN:205,(anonymous_6)
FN:240,(anonymous_7)
FN:250,(anonymous_8)
FN:265,(anonymous_9)
FN:324,(anonymous_10)
FN:354,(anonymous_11)
FN:365,(anonymous_12)
FN:393,(anonymous_13)
FN:467,(anonymous_14)
FN:503,(anonymous_15)
FN:526,(anonymous_16)
FN:557,(anonymous_17)
FN:561,(anonymous_18)
FN:581,(anonymous_19)
FN:585,(anonymous_20)
FN:600,(anonymous_21)
FN:604,(anonymous_22)
FN:625,(anonymous_23)
FN:629,(anonymous_24)
FN:655,(anonymous_25)
FN:662,(anonymous_26)
FN:684,(anonymous_27)
FN:695,(anonymous_28)
FN:717,(anonymous_29)
FNF:30
FNH:30
FNDA:20,(anonymous_0)
FNDA:14,(anonymous_1)
FNDA:30,(anonymous_2)
FNDA:106,(anonymous_3)
FNDA:43,(anonymous_4)
FNDA:4,(anonymous_5)
FNDA:10,(anonymous_6)
FNDA:1,(anonymous_7)
FNDA:2,(anonymous_8)
FNDA:6,(anonymous_9)
FNDA:1,(anonymous_10)
FNDA:1,(anonymous_11)
FNDA:3,(anonymous_12)
FNDA:2,(anonymous_13)
FNDA:1,(anonymous_14)
FNDA:4,(anonymous_15)
FNDA:1,(anonymous_16)
FNDA:1,(anonymous_17)
FNDA:2,(anonymous_18)
FNDA:1,(anonymous_19)
FNDA:1,(anonymous_20)
FNDA:2,(anonymous_21)
FNDA:8,(anonymous_22)
FNDA:2,(anonymous_23)
FNDA:10,(anonymous_24)
FNDA:5,(anonymous_25)
FNDA:7,(anonymous_26)
FNDA:4,(anonymous_27)
FNDA:6,(anonymous_28)
FNDA:4,(anonymous_29)
DA:17,6
DA:27,20
DA:63,14
DA:90,30
DA:94,30
DA:101,106
DA:102,30
DA:104,30
DA:126,43
DA:128,43
DA:136,43
DA:137,43
DA:139,43
DA:169,4
DA:214,10
DA:216,10
DA:221,10
DA:223,10
DA:241,1
DA:256,2
DA:258,2
DA:274,6
DA:276,6
DA:284,6
DA:285,6
DA:287,6
DA:325,1
DA:355,1
DA:371,3
DA:405,2
DA:407,2
DA:473,1
DA:509,4
DA:511,4
DA:532,1
DA:558,1
DA:566,2
DA:570,2
DA:582,1
DA:586,1
DA:601,2
DA:610,8
DA:612,8
DA:626,2
DA:634,10
DA:635,10
DA:639,10
DA:656,5
DA:667,7
DA:669,7
DA:685,4
DA:696,6
DA:698,6
DA:718,4
DA:767,6
LF:55
LH:55
BRDA:25,0,0,13
BRDA:85,1,0,8
BRDA:86,2,0,8
BRDA:87,3,0,13
BRDA:88,4,0,24
BRDA:90,5,0,6
BRDA:90,5,1,24
BRDA:90,6,0,30
BRDA:90,6,1,26
BRDA:94,7,0,4
BRDA:94,7,1,26
BRDA:120,8,0,38
BRDA:121,9,0,24
BRDA:122,10,0,37
BRDA:123,11,0,37
BRDA:124,12,0,33
BRDA:125,13,0,35
BRDA:128,14,0,40
BRDA:128,14,1,3
BRDA:136,15,0,6
BRDA:136,15,1,37
BRDA:168,16,0,1
BRDA:208,17,0,9
BRDA:209,18,0,5
BRDA:210,19,0,9
BRDA:211,20,0,10
BRDA:212,21,0,10
BRDA:213,22,0,7
BRDA:216,23,0,9
BRDA:216,23,1,1
BRDA:221,24,0,1
BRDA:221,24,1,9
BRDA:253,25,0,2
BRDA:254,26,0,1
BRDA:255,27,0,2
BRDA:268,28,0,6
BRDA:269,29,0,6
BRDA:270,30,0,2
BRDA:271,31,0,6
BRDA:272,32,0,6
BRDA:273,33,0,4
BRDA:276,34,0,5
BRDA:276,34,1,1
BRDA:284,35,0,4
BRDA:284,35,1,2
BRDA:369,36,0,1
BRDA:399,37,0,0
BRDA:400,38,0,1
BRDA:401,39,0,1
BRDA:402,40,0,1
BRDA:403,41,0,1
BRDA:471,42,0,0
BRDA:505,43,0,0
BRDA:506,44,0,0
BRDA:507,45,0,3
BRDA:529,46,0,0
BRDA:530,47,0,0
BRDA:564,48,0,1
BRDA:566,49,0,1
BRDA:566,49,1,1
BRDA:607,50,0,5
BRDA:608,51,0,5
BRDA:619,52,0,2
BRDA:619,52,1,6
BRDA:631,53,0,5
BRDA:632,54,0,7
BRDA:635,55,0,2
BRDA:635,55,1,8
BRDA:635,56,0,10
BRDA:635,56,1,3
BRDA:655,57,0,3
BRDA:665,58,0,5
BRDA:695,59,0,4
BRF:73
BRH:67
end_of_record
TN:
SF:src/lib/researchTypes.ts
FN:6,(anonymous_0)
FN:16,(anonymous_1)
FN:22,(anonymous_2)
FNF:3
FNH:3
FNDA:13,(anonymous_0)
FNDA:13,(anonymous_1)
FNDA:13,(anonymous_2)
DA:6,13
DA:7,13
DA:8,13
DA:9,13
DA:10,13
DA:11,13
DA:12,13
DA:13,13
DA:16,13
DA:17,13
DA:18,13
DA:19,13
DA:22,13
DA:23,13
DA:24,13
DA:25,13
DA:26,13
DA:27,13
DA:28,13
DA:29,13
DA:30,13
DA:31,13
DA:32,13
DA:33,13
DA:34,13
DA:35,13
DA:36,13
DA:37,13
DA:95,13
DA:106,13
LF:30
LH:30
BRDA:6,0,0,13
BRDA:6,0,1,13
BRDA:16,1,0,13
BRDA:16,1,1,13
BRDA:22,2,0,13
BRDA:22,2,1,13
BRF:6
BRH:6
end_of_record
TN:
SF:src/lib/utils.ts
FN:4,cn
FNF:1
FNH:1
FNDA:1499,cn
DA:1,28
DA:2,28
DA:4,28
DA:5,1499
LF:4
LH:4
BRF:0
BRH:0
end_of_record
TN:
SF:src/pages/Index.tsx
FN:18,shouldShowQuickActions
FN:22,(anonymous_1)
FN:35,(anonymous_2)
FN:114,(anonymous_3)
FNF:4
FNH:3
FNDA:84,shouldShowQuickActions
FNDA:76,(anonymous_1)
FNDA:0,(anonymous_2)
FNDA:2,(anonymous_3)
DA:1,9
DA:2,9
DA:3,9
DA:4,9
DA:5,9
DA:6,9
DA:7,9
DA:8,9
DA:9,9
DA:10,9
DA:11,9
DA:12,9
DA:13,9
DA:14,9
DA:15,9
DA:16,9
DA:18,9
DA:19,84
DA:22,9
DA:23,76
DA:24,72
DA:25,72
DA:33,72
DA:36,0
DA:40,72
DA:115,2
DA:136,9
LF:27
LH:26
BRDA:70,0,0,70
BRDA:70,0,1,2
BRDA:102,1,0,70
BRDA:102,1,1,2
BRDA:117,2,0,2
BRDA:117,2,1,0
BRF:6
BRH:5
end_of_record
TN:
SF:src/pages/NotFound.tsx
FN:4,(anonymous_0)
FN:7,(anonymous_1)
FNF:2
FNH:2
FNDA:5,(anonymous_0)
FNDA:5,(anonymous_1)
DA:1,2
DA:2,2
DA:4,2
DA:5,5
DA:7,5
DA:8,5
DA:11,5
DA:24,2
LF:8
LH:8
BRF:0
BRH:0
end_of_record
