TN:
SF:src/App.tsx
FN:11,(anonymous_1)
FNF:1
FNH:1
FNDA:5,(anonymous_1)
DA:1,1
DA:2,1
DA:3,1
DA:4,1
DA:5,1
DA:6,1
DA:7,1
DA:9,1
DA:11,1
DA:12,5
DA:27,1
LF:11
LH:11
BRF:0
BRH:0
end_of_record
TN:
SF:src/components/NavLink.tsx
FN:11,getNavLinkClassName
FN:22,(anonymous_1)
FN:27,(anonymous_2)
FNF:3
FNH:3
FNDA:6,getNavLinkClassName
FNDA:2,(anonymous_1)
FNDA:2,(anonymous_2)
DA:1,2
DA:2,2
DA:3,2
DA:11,2
DA:18,6
DA:21,2
DA:23,2
DA:28,2
DA:36,2
DA:38,2
LF:10
LH:10
BRDA:18,0,0,6
BRDA:18,0,1,4
BRDA:18,1,0,6
BRDA:18,1,1,2
BRF:4
BRH:4
end_of_record
TN:
SF:src/components/research/ChatInput.tsx
FN:12,(anonymous_0)
FN:15,(anonymous_1)
FN:22,(anonymous_2)
FN:33,(anonymous_3)
FNF:4
FNH:4
FNDA:131,(anonymous_0)
FNDA:14,(anonymous_1)
FNDA:31,(anonymous_2)
FNDA:47,(anonymous_3)
DA:1,11
DA:2,11
DA:3,11
DA:4,11
DA:5,11
DA:12,11
DA:13,131
DA:15,131
DA:16,14
DA:17,14
DA:18,14
DA:22,131
DA:23,31
DA:24,2
DA:25,2
DA:29,131
DA:33,47
LF:17
LH:17
BRDA:16,0,0,14
BRDA:16,0,1,0
BRDA:23,1,0,2
BRDA:23,1,1,29
BRDA:23,2,0,31
BRDA:23,2,1,4
BRF:6
BRH:5
end_of_record
TN:
SF:src/components/research/ChatMessage.tsx
FN:12,(anonymous_1)
FNF:1
FNH:1
FNDA:7,(anonymous_1)
DA:2,8
DA:3,8
DA:4,8
DA:5,8
DA:6,8
DA:12,8
DA:13,7
DA:15,7
LF:8
LH:8
BRDA:16,0,0,4
BRDA:16,0,1,3
BRDA:17,1,0,7
BRDA:17,1,1,3
BRDA:27,2,0,4
BRDA:27,2,1,3
BRDA:29,3,0,4
BRDA:29,3,1,3
BRDA:36,4,0,7
BRDA:36,4,1,2
BRDA:36,4,2,2
BRDA:43,5,0,7
BRDA:43,5,1,4
BRF:13
BRH:13
end_of_record
TN:
SF:src/components/research/KeyboardShortcuts.tsx
FN:11,(anonymous_0)
FN:12,(anonymous_1)
FN:13,(anonymous_2)
FN:22,(anonymous_3)
FN:44,(anonymous_4)
FN:48,(anonymous_5)
FNF:6
FNH:6
FNDA:47,(anonymous_0)
FNDA:47,(anonymous_1)
FNDA:5,(anonymous_2)
FNDA:47,(anonymous_3)
FNDA:188,(anonymous_4)
FNDA:282,(anonymous_5)
DA:1,8
DA:2,8
DA:3,8
DA:4,8
DA:5,8
DA:11,8
DA:12,47
DA:13,47
DA:15,5
DA:16,4
DA:17,4
DA:21,47
DA:22,47
DA:25,47
DA:32,47
DA:45,188
DA:49,282
LF:17
LH:17
BRDA:15,0,0,4
BRDA:15,0,1,1
BRDA:15,1,0,5
BRDA:15,1,1,2
BRDA:15,1,2,5
BRF:5
BRH:5
end_of_record
TN:
SF:src/components/research/ModelSelector.tsx
FN:10,(anonymous_0)
FN:11,(anonymous_1)
FN:31,(anonymous_2)
FNF:3
FNH:3
FNDA:44,(anonymous_0)
FNDA:128,(anonymous_1)
FNDA:308,(anonymous_2)
DA:1,9
DA:2,9
DA:3,9
DA:10,9
DA:11,128
DA:13,44
DA:32,308
LF:7
LH:7
BRDA:19,0,0,44
BRDA:19,0,1,44
BRDA:23,1,0,2
BRDA:23,1,1,42
BRDA:41,2,0,132
BRDA:41,2,1,176
BRF:6
BRH:6
end_of_record
TN:
SF:src/components/research/QuickActions.tsx
FN:33,(anonymous_0)
FN:38,(anonymous_1)
FN:45,(anonymous_2)
FNF:3
FNH:3
FNDA:41,(anonymous_0)
FNDA:164,(anonymous_1)
FNDA:2,(anonymous_2)
DA:1,8
DA:2,8
DA:3,8
DA:10,8
DA:33,8
DA:34,41
DA:39,164
DA:40,164
DA:45,2
LF:9
LH:9
BRF:0
BRH:0
end_of_record
TN:
SF:src/components/research/ResearchHistory.tsx
FN:10,(anonymous_0)
FN:15,(anonymous_1)
FN:32,(anonymous_2)
FN:33,(anonymous_3)
FNF:4
FNH:4
FNDA:8,(anonymous_0)
FNDA:8,(anonymous_1)
FNDA:8,(anonymous_2)
FNDA:6,(anonymous_3)
DA:1,8
DA:2,8
DA:3,8
DA:10,8
DA:11,8
DA:12,3
DA:15,8
DA:17,5
DA:32,8
DA:34,6
LF:10
LH:10
BRDA:11,0,0,3
BRDA:11,0,1,5
BRDA:26,1,0,4
BRDA:26,1,1,1
BRDA:39,2,0,6
BRDA:39,2,1,1
BRF:6
BRH:6
end_of_record
TN:
SF:src/components/research/ResearchModeSelector.tsx
FN:80,ResearchModeSelector
FN:86,(anonymous_1)
FN:90,(anonymous_2)
FN:113,(anonymous_3)
FN:118,(anonymous_4)
FN:141,(anonymous_5)
FN:147,(anonymous_6)
FN:161,(anonymous_7)
FN:167,(anonymous_8)
FN:186,(anonymous_9)
FN:204,(anonymous_10)
FN:210,(anonymous_11)
FNF:12
FNH:8
FNDA:89,ResearchModeSelector
FNDA:1,(anonymous_1)
FNDA:106,(anonymous_2)
FNDA:356,(anonymous_3)
FNDA:1,(anonymous_4)
FNDA:0,(anonymous_5)
FNDA:534,(anonymous_6)
FNDA:0,(anonymous_7)
FNDA:445,(anonymous_8)
FNDA:0,(anonymous_9)
FNDA:0,(anonymous_10)
FNDA:445,(anonymous_11)
DA:1,9
DA:2,9
DA:3,9
DA:10,9
DA:11,9
DA:12,9
DA:20,9
DA:21,9
DA:22,9
DA:37,9
DA:64,9
DA:72,9
DA:80,9
DA:84,89
DA:86,89
DA:87,1
DA:90,106
DA:92,89
DA:114,356
DA:115,356
DA:118,1
DA:141,0
DA:148,534
DA:161,0
DA:168,445
DA:186,0
DA:204,0
DA:211,445
LF:28
LH:24
BRDA:220,0,0,89
BRDA:220,0,1,88
BRDA:220,0,2,88
BRF:3
BRH:3
end_of_record
TN:
SF:src/components/research/UsageStats.tsx
FN:10,(anonymous_0)
FN:11,(anonymous_1)
FN:12,(anonymous_2)
FN:18,(anonymous_3)
FNF:4
FNH:4
FNDA:10,(anonymous_0)
FNDA:7,(anonymous_1)
FNDA:7,(anonymous_2)
FNDA:7,(anonymous_3)
DA:1,9
DA:3,9
DA:10,9
DA:11,10
DA:12,10
DA:14,10
DA:18,10
DA:20,7
DA:23,10
DA:25,6
LF:10
LH:10
BRDA:14,0,0,9
BRDA:14,0,1,1
BRDA:23,1,0,4
BRDA:23,1,1,6
BRF:4
BRH:4
end_of_record
TN:
SF:src/components/research/research-mode-functions.ts
FN:3,getModeButtonClass
FN:9,shouldShowModeDescription
FN:16,getModeDescription
FNF:3
FNH:3
FNDA:360,getModeButtonClass
FNDA:96,shouldShowModeDescription
FNDA:96,getModeDescription
DA:1,10
DA:3,10
DA:4,360
DA:9,10
DA:10,96
DA:16,10
DA:17,96
DA:18,6
DA:20,90
DA:21,82
DA:23,8
DA:24,4
DA:26,4
DA:27,4
DA:29,0
LF:15
LH:14
BRDA:4,0,0,90
BRDA:4,0,1,270
BRDA:10,1,0,96
BRDA:10,1,1,90
BRDA:10,1,2,8
BRDA:10,1,3,4
BRDA:17,2,0,6
BRDA:17,2,1,90
BRDA:20,3,0,82
BRDA:20,3,1,8
BRDA:23,4,0,4
BRDA:23,4,1,4
BRDA:26,5,0,4
BRDA:26,5,1,0
BRF:14
BRH:13
end_of_record
TN:
SF:src/hooks/use-mobile-helpers.ts
FN:5,checkIsMobile
FN:9,getBreakpoint
FN:13,handleMediaQueryChange
FN:17,createMediaQueryString
FNF:4
FNH:4
FNDA:6,checkIsMobile
FNDA:1,getBreakpoint
FNDA:2,handleMediaQueryChange
FNDA:1,createMediaQueryString
DA:3,1
DA:5,1
DA:6,6
DA:9,1
DA:10,1
DA:13,1
DA:14,2
DA:17,1
DA:18,1
LF:9
LH:9
BRF:0
BRH:0
end_of_record
TN:
SF:src/hooks/use-mobile.tsx
FN:6,useIsMobile
FN:9,(anonymous_10)
FN:11,(anonymous_11)
FN:16,(anonymous_12)
FNF:4
FNH:3
FNDA:20,useIsMobile
FNDA:9,(anonymous_10)
FNDA:0,(anonymous_11)
FNDA:9,(anonymous_12)
DA:1,3
DA:2,3
DA:4,3
DA:6,3
DA:7,20
DA:9,20
DA:10,9
DA:11,9
DA:12,0
DA:14,9
DA:15,9
DA:16,9
DA:19,20
LF:13
LH:12
BRF:0
BRH:0
end_of_record
TN:
SF:src/hooks/use-toast-helpers.ts
FN:3,shouldRemoveListener
FN:7,findListenerIndex
FN:11,removeListenerFromArray
FN:19,addToRemoveQueue
FN:20,(anonymous_4)
FN:25,handleToastDismiss
FNF:6
FNH:4
FNDA:3,shouldRemoveListener
FNDA:2,findListenerIndex
FNDA:2,removeListenerFromArray
FNDA:0,addToRemoveQueue
FNDA:0,(anonymous_4)
FNDA:2,handleToastDismiss
DA:3,1
DA:4,3
DA:7,1
DA:8,2
DA:11,1
DA:12,2
DA:13,2
DA:14,1
DA:16,2
DA:19,1
DA:20,0
DA:25,1
DA:26,2
LF:13
LH:12
BRDA:13,0,0,1
BRDA:13,0,1,1
BRF:2
BRH:2
end_of_record
TN:
SF:src/hooks/use-toast.ts
FN:24,genId
FN:55,(anonymous_10)
FN:60,(anonymous_11)
FN:71,(anonymous_12)
FN:82,(anonymous_13)
FN:93,(anonymous_14)
FN:100,(anonymous_15)
FN:119,(anonymous_16)
FN:128,dispatch
FN:130,(anonymous_18)
FN:137,toast
FN:140,(anonymous_20)
FN:145,(anonymous_21)
FN:153,(anonymous_22)
FN:168,useToast
FN:171,(anonymous_24)
FN:173,(anonymous_25)
FN:184,(anonymous_26)
FNF:18
FNH:18
FNDA:22,genId
FNDA:25,(anonymous_10)
FNDA:3,(anonymous_11)
FNDA:101,(anonymous_12)
FNDA:13,(anonymous_13)
FNDA:13,(anonymous_14)
FNDA:26,(anonymous_15)
FNDA:14,(anonymous_16)
FNDA:33,dispatch
FNDA:24,(anonymous_18)
FNDA:22,toast
FNDA:1,(anonymous_20)
FNDA:2,(anonymous_21)
FNDA:2,(anonymous_22)
FNDA:46,useToast
FNDA:45,(anonymous_24)
FNDA:45,(anonymous_25)
FNDA:5,(anonymous_26)
DA:1,8
DA:5,8
DA:6,8
DA:15,8
DA:22,8
DA:25,22
DA:26,22
DA:53,8
DA:55,8
DA:56,25
DA:57,9
DA:60,16
DA:61,3
DA:62,3
DA:68,16
DA:71,8
DA:72,101
DA:74,50
DA:80,14
DA:82,13
DA:86,21
DA:90,21
DA:91,12
DA:93,9
DA:94,13
DA:98,21
DA:101,26
DA:111,16
DA:112,5
DA:117,11
DA:119,14
DA:124,8
DA:126,8
DA:129,33
DA:130,33
DA:131,24
DA:138,22
DA:140,22
DA:141,1
DA:145,22
DA:147,22
DA:154,2
DA:159,22
DA:166,8
DA:169,46
DA:171,46
DA:172,45
DA:173,45
DA:174,45
DA:175,45
DA:176,45
DA:181,46
DA:184,5
DA:188,8
LF:54
LH:54
BRDA:56,0,0,9
BRDA:56,0,1,16
BRDA:72,1,0,50
BRDA:72,1,1,14
BRDA:72,1,2,21
BRDA:72,1,3,16
BRDA:82,2,0,10
BRDA:82,2,1,3
BRDA:90,3,0,12
BRDA:90,3,1,9
BRDA:101,4,0,24
BRDA:101,4,1,2
BRDA:101,5,0,26
BRDA:101,5,1,15
BRDA:111,6,0,5
BRDA:111,6,1,11
BRDA:154,7,0,1
BRDA:154,7,1,1
BRDA:175,8,0,45
BRDA:175,8,1,0
BRF:20
BRH:19
end_of_record
TN:
SF:src/hooks/useStreamingChat.ts
FN:16,(anonymous_0)
FN:21,(anonymous_1)
FN:28,(anonymous_2)
FN:51,(anonymous_3)
FN:86,(anonymous_4)
FN:89,(anonymous_5)
FN:119,(anonymous_6)
FN:122,(anonymous_7)
FN:130,(anonymous_8)
FNF:9
FNH:9
FNDA:51,(anonymous_0)
FNDA:23,(anonymous_1)
FNDA:23,(anonymous_2)
FNDA:1,(anonymous_3)
FNDA:7,(anonymous_4)
FNDA:2,(anonymous_5)
FNDA:10,(anonymous_6)
FNDA:10,(anonymous_7)
FNDA:2,(anonymous_8)
DA:1,6
DA:2,6
DA:16,6
DA:17,51
DA:18,51
DA:20,51
DA:22,23
DA:28,23
DA:29,23
DA:31,23
DA:33,23
DA:34,23
DA:35,23
DA:37,23
DA:50,19
DA:51,3
DA:52,3
DA:55,16
DA:56,2
DA:59,14
DA:60,14
DA:61,14
DA:63,14
DA:64,24
DA:65,23
DA:67,10
DA:70,10
DA:71,14
DA:72,14
DA:74,14
DA:75,14
DA:76,11
DA:78,10
DA:79,10
DA:81,9
DA:82,9
DA:83,8
DA:84,8
DA:85,7
DA:86,7
DA:87,7
DA:88,7
DA:89,1
DA:90,2
DA:95,6
DA:107,1
DA:112,13
DA:114,10
DA:115,10
DA:116,10
DA:117,10
DA:119,10
DA:121,10
DA:122,10
DA:123,10
DA:130,51
DA:131,2
DA:134,51
LF:58
LH:58
BRDA:50,0,0,3
BRDA:50,0,1,16
BRDA:52,1,0,3
BRDA:52,1,1,1
BRDA:55,2,0,2
BRDA:55,2,1,14
BRDA:65,3,0,13
BRDA:65,3,1,10
BRDA:74,4,0,1
BRDA:74,4,1,13
BRDA:75,5,0,3
BRDA:75,5,1,11
BRDA:75,6,0,14
BRDA:75,6,1,13
BRDA:76,7,0,1
BRDA:76,7,1,10
BRDA:79,8,0,1
BRDA:79,8,1,9
BRDA:84,9,0,7
BRDA:84,9,1,1
BRDA:88,10,0,1
BRDA:88,10,1,6
BRDA:90,11,0,1
BRDA:90,11,1,1
BRDA:116,12,0,9
BRDA:116,12,1,1
BRF:26
BRH:26
end_of_record
TN:
SF:src/lib/aiModels.ts
FN:77,(anonymous_0)
FN:78,(anonymous_1)
FN:81,(anonymous_2)
FN:82,(anonymous_3)
FNF:4
FNH:4
FNDA:3,(anonymous_0)
FNDA:17,(anonymous_1)
FNDA:4,(anonymous_2)
FNDA:28,(anonymous_3)
DA:11,10
DA:77,10
DA:78,17
DA:81,10
DA:82,28
LF:5
LH:5
BRF:0
BRH:0
end_of_record
TN:
SF:src/lib/componentUtils.ts
FN:4,navLinkClassNameTrue
FN:5,navLinkClassNameFalse
FN:8,shouldSendTrue
FN:9,shouldSendFalse
FN:12,badgeVariantTrue
FN:13,badgeVariantFalse
FN:16,durationWithTime
FN:17,durationNoTime
FN:20,filterAtEndAssistantEmpty
FN:21,filterAtEndAssistantContent
FN:22,filterAtEndUser
FN:23,filterNotAtEnd
FN:26,reportTypeDeepTrue
FN:27,reportTypeDeepFalse
FN:28,reportTypeResearchTrue
FN:29,reportTypeResearchFalse
FN:30,reportTypeDetailedTrue
FN:31,reportTypeDetailedFalse
FN:32,reportTypeOutlineTrue
FN:33,reportTypeOutlineFalse
FN:36,toneObjectiveTrue
FN:37,toneObjectiveFalse
FN:38,toneAnalyticalTrue
FN:39,toneAnalyticalFalse
FN:40,toneFormalTrue
FN:41,toneFormalFalse
FN:44,messagesEmpty
FN:45,messagesNotEmpty
FN:48,viewportMobile
FN:49,viewportDesktop
FN:52,dismissActionExecutes
FN:55,equalsTrue
FN:56,equalsFalse
FN:57,notEqualsTrue
FN:58,notEqualsFalse
FN:59,greaterTrue
FN:60,greaterFalse
FN:61,lessTrue
FN:62,lessFalse
FN:63,greaterEqualTrue
FN:64,greaterEqualFalse
FN:65,lessEqualTrue
FN:66,lessEqualFalse
FN:69,andTrueTrue
FN:70,andTrueFalse
FN:71,andFalseTrue
FN:72,andFalseFalse
FN:73,orTrueTrue
FN:74,orTrueFalse
FN:75,orFalseTrue
FN:76,orFalseFalse
FN:79,notTrue
FN:80,notFalse
FN:83,ternaryTrue
FN:84,ternaryFalse
FN:87,includesFound
FN:88,includesNotFound
FN:89,findMatch
FN:89,(anonymous_58)
FN:90,findNoMatch
FN:90,(anonymous_60)
FN:91,filterIncludes
FN:91,(anonymous_62)
FN:92,filterExcludes
FN:92,(anonymous_64)
FN:93,everyTrue
FN:93,(anonymous_66)
FN:94,everyFalse
FN:94,(anonymous_68)
FN:95,someTrue
FN:95,(anonymous_70)
FN:96,someFalse
FN:96,(anonymous_72)
FN:99,forLoopIteration
FN:100,whileLoopIteration
FN:103,tryCatch
FN:104,tryThrow
FNF:77
FNH:76
FNDA:2,navLinkClassNameTrue
FNDA:2,navLinkClassNameFalse
FNDA:2,shouldSendTrue
FNDA:2,shouldSendFalse
FNDA:2,badgeVariantTrue
FNDA:2,badgeVariantFalse
FNDA:2,durationWithTime
FNDA:2,durationNoTime
FNDA:2,filterAtEndAssistantEmpty
FNDA:2,filterAtEndAssistantContent
FNDA:2,filterAtEndUser
FNDA:2,filterNotAtEnd
FNDA:2,reportTypeDeepTrue
FNDA:2,reportTypeDeepFalse
FNDA:2,reportTypeResearchTrue
FNDA:2,reportTypeResearchFalse
FNDA:2,reportTypeDetailedTrue
FNDA:2,reportTypeDetailedFalse
FNDA:2,reportTypeOutlineTrue
FNDA:2,reportTypeOutlineFalse
FNDA:2,toneObjectiveTrue
FNDA:2,toneObjectiveFalse
FNDA:2,toneAnalyticalTrue
FNDA:2,toneAnalyticalFalse
FNDA:2,toneFormalTrue
FNDA:2,toneFormalFalse
FNDA:2,messagesEmpty
FNDA:2,messagesNotEmpty
FNDA:2,viewportMobile
FNDA:2,viewportDesktop
FNDA:0,dismissActionExecutes
FNDA:2,equalsTrue
FNDA:2,equalsFalse
FNDA:2,notEqualsTrue
FNDA:2,notEqualsFalse
FNDA:2,greaterTrue
FNDA:2,greaterFalse
FNDA:2,lessTrue
FNDA:2,lessFalse
FNDA:2,greaterEqualTrue
FNDA:2,greaterEqualFalse
FNDA:2,lessEqualTrue
FNDA:2,lessEqualFalse
FNDA:2,andTrueTrue
FNDA:2,andTrueFalse
FNDA:2,andFalseTrue
FNDA:2,andFalseFalse
FNDA:2,orTrueTrue
FNDA:2,orTrueFalse
FNDA:2,orFalseTrue
FNDA:2,orFalseFalse
FNDA:2,notTrue
FNDA:2,notFalse
FNDA:2,ternaryTrue
FNDA:2,ternaryFalse
FNDA:2,includesFound
FNDA:2,includesNotFound
FNDA:2,findMatch
FNDA:4,(anonymous_58)
FNDA:2,findNoMatch
FNDA:6,(anonymous_60)
FNDA:2,filterIncludes
FNDA:6,(anonymous_62)
FNDA:2,filterExcludes
FNDA:6,(anonymous_64)
FNDA:2,everyTrue
FNDA:4,(anonymous_66)
FNDA:2,everyFalse
FNDA:2,(anonymous_68)
FNDA:2,someTrue
FNDA:4,(anonymous_70)
FNDA:2,someFalse
FNDA:4,(anonymous_72)
FNDA:2,forLoopIteration
FNDA:2,whileLoopIteration
FNDA:2,tryCatch
FNDA:2,tryThrow
DA:1,2
DA:4,2
DA:5,2
DA:8,2
DA:9,2
DA:12,2
DA:13,2
DA:16,2
DA:17,2
DA:20,2
DA:21,2
DA:22,2
DA:23,2
DA:26,2
DA:27,2
DA:28,2
DA:29,2
DA:30,2
DA:31,2
DA:32,2
DA:33,2
DA:36,2
DA:37,2
DA:38,2
DA:39,2
DA:40,2
DA:41,2
DA:44,2
DA:45,2
DA:48,2
DA:49,2
DA:52,2
DA:55,2
DA:56,2
DA:57,2
DA:58,2
DA:59,2
DA:60,2
DA:61,2
DA:62,2
DA:63,2
DA:64,2
DA:65,2
DA:66,2
DA:69,2
DA:70,2
DA:71,2
DA:72,2
DA:73,2
DA:74,2
DA:75,2
DA:76,2
DA:79,2
DA:80,2
DA:83,2
DA:84,2
DA:87,2
DA:88,2
DA:89,4
DA:90,6
DA:91,6
DA:92,6
DA:93,4
DA:94,2
DA:95,4
DA:96,4
DA:99,6
DA:100,6
DA:103,2
DA:104,2
LF:70
LH:70
BRDA:8,0,0,2
BRDA:8,0,1,2
BRDA:9,1,0,2
BRDA:9,1,1,0
BRDA:69,2,0,2
BRDA:69,2,1,2
BRDA:70,3,0,2
BRDA:70,3,1,2
BRDA:71,4,0,2
BRDA:71,4,1,0
BRDA:72,5,0,2
BRDA:72,5,1,0
BRDA:73,6,0,2
BRDA:73,6,1,0
BRDA:74,7,0,2
BRDA:74,7,1,0
BRDA:75,8,0,2
BRDA:75,8,1,2
BRDA:76,9,0,2
BRDA:76,9,1,2
BRDA:83,10,0,2
BRDA:83,10,1,0
BRDA:84,11,0,0
BRDA:84,11,1,2
BRF:24
BRH:17
end_of_record
TN:
SF:src/lib/coverage-extractors.ts
FN:7,validateMessageForSend
FN:15,shouldDisableSendButton
FN:20,isMobileViewport
FN:24,isDesktopViewport
FN:29,shouldFilterMessage
FN:41,filterEmptyAssistantAtEnd
FN:53,shouldShowQuickActionsHelper
FN:57,hasMessages
FN:62,getEnvValueOrFallback
FN:67,findListenerIndex
FN:71,shouldRemoveListener
FN:75,removeListenerAtIndex
FN:85,isEqual
FN:89,isNotEqual
FN:94,isLessThan
FN:99,isGreaterThan
FN:104,isLessThanOrEqual
FN:109,isGreaterThanOrEqual
FN:116,andTrueTrue
FN:120,andTrueFalse
FN:124,andFalseTrue
FN:128,andFalseFalse
FN:133,orTrueTrue
FN:137,orTrueFalse
FN:141,orFalseTrue
FN:145,orFalseFalse
FN:150,notTrue
FN:154,notFalse
FN:159,ternaryTrue
FN:163,ternaryFalse
FN:168,filterConditionTrue
FN:172,filterConditionFalse
FN:177,indexOfFound
FN:181,indexOfNotFound
FN:185,indexGreaterThanMinusOne
FN:189,indexEqualsMinusOne
FN:194,typeEqualsDeepResearch
FN:198,typeNotEqualsDeepResearch
FN:202,typeEqualsResearchReport
FN:207,trimWithWhitespace
FN:211,trimWithoutWhitespace
FN:215,trimToEmpty
FN:220,zeroIsFalsy
FN:224,oneIsTruthy
FN:228,emptyStringIsFalsy
FN:232,nonEmptyStringIsTruthy
FN:236,nullIsFalsy
FN:240,undefinedIsFalsy
FN:244,arrayIsTruthy
FN:248,objectIsTruthy
FN:253,ifTruePath
FN:261,ifFalsePath
FN:269,ifElseTruePath
FN:277,ifElseFalsePath
FN:286,tryCatchSuccess
FN:294,tryCatchError
FN:303,forLoopCount
FN:311,whileLoopCount
FN:319,forLoopWithBreak
FN:329,arrayIncludesFound
FN:333,arrayIncludesNotFound
FN:337,arrayFindMatch
FN:338,(anonymous_62)
FN:341,arrayFindNoMatch
FN:342,(anonymous_64)
FN:345,arrayFilterIncludes
FN:346,(anonymous_66)
FN:349,arrayFilterEmpty
FN:350,(anonymous_68)
FN:353,arraySomeMatch
FN:354,(anonymous_70)
FN:357,arraySomeNoMatch
FN:358,(anonymous_72)
FN:361,arrayEveryTrue
FN:362,(anonymous_74)
FN:365,arrayEveryFalse
FN:366,(anonymous_76)
FNF:77
FNH:77
FNDA:17,validateMessageForSend
FNDA:133,shouldDisableSendButton
FNDA:11,isMobileViewport
FNDA:2,isDesktopViewport
FNDA:4,shouldFilterMessage
FNDA:12,filterEmptyAssistantAtEnd
FNDA:46,shouldShowQuickActionsHelper
FNDA:2,hasMessages
FNDA:25,getEnvValueOrFallback
FNDA:47,findListenerIndex
FNDA:47,shouldRemoveListener
FNDA:46,removeListenerAtIndex
FNDA:2,isEqual
FNDA:2,isNotEqual
FNDA:2,isLessThan
FNDA:2,isGreaterThan
FNDA:3,isLessThanOrEqual
FNDA:3,isGreaterThanOrEqual
FNDA:1,andTrueTrue
FNDA:1,andTrueFalse
FNDA:1,andFalseTrue
FNDA:1,andFalseFalse
FNDA:1,orTrueTrue
FNDA:1,orTrueFalse
FNDA:1,orFalseTrue
FNDA:1,orFalseFalse
FNDA:1,notTrue
FNDA:1,notFalse
FNDA:1,ternaryTrue
FNDA:1,ternaryFalse
FNDA:1,filterConditionTrue
FNDA:1,filterConditionFalse
FNDA:1,indexOfFound
FNDA:1,indexOfNotFound
FNDA:1,indexGreaterThanMinusOne
FNDA:1,indexEqualsMinusOne
FNDA:2,typeEqualsDeepResearch
FNDA:2,typeNotEqualsDeepResearch
FNDA:2,typeEqualsResearchReport
FNDA:1,trimWithWhitespace
FNDA:1,trimWithoutWhitespace
FNDA:1,trimToEmpty
FNDA:1,zeroIsFalsy
FNDA:1,oneIsTruthy
FNDA:1,emptyStringIsFalsy
FNDA:1,nonEmptyStringIsTruthy
FNDA:1,nullIsFalsy
FNDA:1,undefinedIsFalsy
FNDA:1,arrayIsTruthy
FNDA:1,objectIsTruthy
FNDA:1,ifTruePath
FNDA:1,ifFalsePath
FNDA:1,ifElseTruePath
FNDA:1,ifElseFalsePath
FNDA:1,tryCatchSuccess
FNDA:1,tryCatchError
FNDA:1,forLoopCount
FNDA:1,whileLoopCount
FNDA:1,forLoopWithBreak
FNDA:1,arrayIncludesFound
FNDA:1,arrayIncludesNotFound
FNDA:1,arrayFindMatch
FNDA:2,(anonymous_62)
FNDA:1,arrayFindNoMatch
FNDA:3,(anonymous_64)
FNDA:1,arrayFilterIncludes
FNDA:3,(anonymous_66)
FNDA:1,arrayFilterEmpty
FNDA:3,(anonymous_68)
FNDA:1,arraySomeMatch
FNDA:2,(anonymous_70)
FNDA:1,arraySomeNoMatch
FNDA:3,(anonymous_72)
FNDA:1,arrayEveryTrue
FNDA:3,(anonymous_74)
FNDA:1,arrayEveryFalse
FNDA:1,(anonymous_76)
DA:7,24
DA:8,17
DA:9,17
DA:10,17
DA:11,17
DA:12,17
DA:15,24
DA:16,133
DA:20,24
DA:21,11
DA:24,24
DA:25,2
DA:29,24
DA:35,4
DA:36,4
DA:37,4
DA:38,4
DA:41,24
DA:45,12
DA:53,24
DA:54,46
DA:57,24
DA:58,2
DA:62,24
DA:63,25
DA:67,24
DA:68,47
DA:71,24
DA:72,47
DA:75,24
DA:76,46
DA:77,46
DA:79,46
DA:85,24
DA:86,2
DA:89,24
DA:90,2
DA:94,24
DA:95,2
DA:99,24
DA:100,2
DA:104,24
DA:105,3
DA:109,24
DA:110,3
DA:116,24
DA:117,1
DA:120,24
DA:121,1
DA:124,24
DA:125,1
DA:128,24
DA:129,1
DA:133,24
DA:134,1
DA:137,24
DA:138,1
DA:141,24
DA:142,1
DA:145,24
DA:146,1
DA:150,24
DA:151,1
DA:154,24
DA:155,1
DA:159,24
DA:160,1
DA:163,24
DA:164,1
DA:168,24
DA:169,1
DA:172,24
DA:173,1
DA:177,24
DA:178,1
DA:181,24
DA:182,1
DA:185,24
DA:186,1
DA:189,24
DA:190,1
DA:194,24
DA:195,2
DA:198,24
DA:199,2
DA:202,24
DA:203,2
DA:207,24
DA:208,1
DA:211,24
DA:212,1
DA:215,24
DA:216,1
DA:220,24
DA:221,1
DA:224,24
DA:225,1
DA:228,24
DA:229,1
DA:232,24
DA:233,1
DA:236,24
DA:237,1
DA:240,24
DA:241,1
DA:244,24
DA:245,1
DA:248,24
DA:249,1
DA:253,24
DA:254,1
DA:255,1
DA:256,1
DA:258,1
DA:261,24
DA:262,1
DA:263,1
DA:264,0
DA:266,1
DA:269,24
DA:270,1
DA:271,1
DA:273,0
DA:277,24
DA:278,1
DA:279,0
DA:281,1
DA:286,24
DA:287,1
DA:288,1
DA:290,0
DA:294,24
DA:295,1
DA:296,1
DA:298,1
DA:303,24
DA:304,1
DA:305,1
DA:306,3
DA:308,1
DA:311,24
DA:312,1
DA:313,1
DA:314,3
DA:316,1
DA:319,24
DA:320,1
DA:321,1
DA:322,4
DA:323,3
DA:325,1
DA:329,24
DA:330,1
DA:333,24
DA:334,1
DA:337,24
DA:338,2
DA:341,24
DA:342,3
DA:345,24
DA:346,3
DA:349,24
DA:350,3
DA:353,24
DA:354,2
DA:357,24
DA:358,3
DA:361,24
DA:362,3
DA:365,24
DA:366,1
LF:171
LH:167
BRDA:12,0,0,17
BRDA:12,0,1,16
BRDA:16,1,0,133
BRDA:16,1,1,120
BRDA:20,2,0,0
BRDA:24,3,0,0
BRDA:38,4,0,4
BRDA:38,4,1,3
BRDA:38,4,2,2
BRDA:46,5,0,12
BRDA:46,5,1,12
BRDA:46,5,2,1
BRDA:63,6,0,25
BRDA:63,6,1,2
BRDA:76,7,0,46
BRDA:76,7,1,0
BRDA:117,8,0,1
BRDA:117,8,1,1
BRDA:121,9,0,1
BRDA:121,9,1,1
BRDA:125,10,0,1
BRDA:125,10,1,0
BRDA:129,11,0,1
BRDA:129,11,1,0
BRDA:134,12,0,1
BRDA:134,12,1,0
BRDA:138,13,0,1
BRDA:138,13,1,0
BRDA:142,14,0,1
BRDA:142,14,1,1
BRDA:146,15,0,1
BRDA:146,15,1,1
BRDA:160,16,0,1
BRDA:160,16,1,0
BRDA:164,17,0,0
BRDA:164,17,1,1
BRDA:255,18,0,1
BRDA:255,18,1,0
BRDA:263,19,0,0
BRDA:263,19,1,1
BRDA:270,20,0,1
BRDA:270,20,1,0
BRDA:278,21,0,0
BRDA:278,21,1,1
BRDA:322,22,0,1
BRDA:322,22,1,3
BRF:46
BRH:33
end_of_record
TN:
SF:src/lib/env-helpers.ts
FN:3,getProcessEnvValue
FN:10,getWindowEnvValue
FN:17,getGlobalThisValue
FN:24,hasProcessEnv
FN:28,hasWindowEnv
FN:32,hasGlobalThisEnv
FN:36,getEnvironmentVariablePriority
FNF:7
FNH:7
FNDA:2,getProcessEnvValue
FNDA:2,getWindowEnvValue
FNDA:2,getGlobalThisValue
FNDA:6,hasProcessEnv
FNDA:5,hasWindowEnv
FNDA:4,hasGlobalThisEnv
FNDA:4,getEnvironmentVariablePriority
DA:3,1
DA:4,2
DA:5,1
DA:7,1
DA:10,1
DA:11,2
DA:12,1
DA:14,1
DA:17,1
DA:18,2
DA:19,1
DA:21,1
DA:24,1
DA:25,6
DA:28,1
DA:29,5
DA:32,1
DA:33,4
DA:36,1
DA:37,4
DA:38,3
DA:39,2
DA:40,1
LF:23
LH:23
BRDA:4,0,0,1
BRDA:4,0,1,1
BRDA:4,1,0,2
BRDA:4,1,1,2
BRDA:11,2,0,1
BRDA:11,2,1,1
BRDA:11,3,0,2
BRDA:11,3,1,2
BRDA:18,4,0,1
BRDA:18,4,1,1
BRDA:18,5,0,2
BRDA:18,5,1,2
BRDA:25,6,0,6
BRDA:25,6,1,6
BRDA:29,7,0,5
BRDA:29,7,1,5
BRDA:33,8,0,4
BRDA:33,8,1,4
BRDA:37,9,0,1
BRDA:37,9,1,3
BRDA:38,10,0,1
BRDA:38,10,1,2
BRDA:39,11,0,1
BRDA:39,11,1,1
BRF:24
BRH:24
end_of_record
TN:
SF:src/lib/env.ts
FN:9,getEnv
FN:18,loadEnv
FN:35,getEnvironmentVariable
FN:54,resetEnv
FNF:4
FNH:4
FNDA:44,getEnv
FNDA:38,loadEnv
FNDA:76,getEnvironmentVariable
FNDA:71,resetEnv
DA:7,8
DA:9,8
DA:10,44
DA:11,6
DA:14,38
DA:15,38
DA:20,38
DA:21,38
DA:23,38
DA:24,7
DA:27,31
DA:33,8
DA:37,76
DA:38,18
DA:42,58
DA:43,3
DA:47,55
DA:48,1
DA:51,54
DA:54,8
DA:55,71
LF:21
LH:21
BRDA:10,0,0,6
BRDA:10,0,1,38
BRDA:23,1,0,7
BRDA:23,1,1,31
BRDA:23,2,0,38
BRDA:23,2,1,13
BRDA:28,3,0,31
BRDA:28,3,1,25
BRDA:29,4,0,31
BRDA:29,4,1,29
BRDA:37,5,0,18
BRDA:37,5,1,58
BRDA:37,6,0,76
BRDA:37,6,1,76
BRDA:42,7,0,3
BRDA:42,7,1,55
BRDA:42,8,0,58
BRDA:42,8,1,58
BRDA:47,9,0,1
BRDA:47,9,1,54
BRDA:47,10,0,55
BRDA:47,10,1,55
BRF:22
BRH:22
end_of_record
TN:
SF:src/lib/index-helpers.ts
FN:3,handleStreamingError
FN:12,shouldRenderChatArea
FN:16,shouldRenderQuickActions
FN:20,shouldRenderResearchHistory
FN:24,getChatAreaHeight
FNF:5
FNH:5
FNDA:2,handleStreamingError
FNDA:2,shouldRenderChatArea
FNDA:2,shouldRenderQuickActions
FNDA:2,shouldRenderResearchHistory
FNDA:1,getChatAreaHeight
DA:3,1
DA:7,2
DA:8,1
DA:12,1
DA:13,2
DA:16,1
DA:17,2
DA:20,1
DA:21,2
DA:24,1
DA:25,1
LF:11
LH:11
BRDA:7,0,0,1
BRDA:7,0,1,1
BRF:2
BRH:2
end_of_record
TN:
SF:src/lib/research-prompts-helpers.ts
FN:3,isDeepResearchType
FN:7,isResearchReportType
FN:11,isDetailedReportType
FN:15,isOutlineReportType
FN:19,isObjectiveTone
FN:23,isAnalyticalTone
FN:27,isFormalTone
FN:31,getReportTypeName
FN:39,getToneName
FNF:9
FNH:9
FNDA:7,isDeepResearchType
FNDA:6,isResearchReportType
FNDA:5,isDetailedReportType
FNDA:4,isOutlineReportType
FNDA:6,isObjectiveTone
FNDA:5,isAnalyticalTone
FNDA:4,isFormalTone
FNDA:5,getReportTypeName
FNDA:4,getToneName
DA:3,1
DA:4,7
DA:7,1
DA:8,6
DA:11,1
DA:12,5
DA:15,1
DA:16,4
DA:19,1
DA:20,6
DA:23,1
DA:24,5
DA:27,1
DA:28,4
DA:31,1
DA:32,5
DA:33,4
DA:34,3
DA:35,2
DA:36,1
DA:39,1
DA:40,4
DA:41,3
DA:42,2
DA:43,1
LF:25
LH:25
BRDA:32,0,0,1
BRDA:32,0,1,4
BRDA:33,1,0,1
BRDA:33,1,1,3
BRDA:34,2,0,1
BRDA:34,2,1,2
BRDA:35,3,0,1
BRDA:35,3,1,1
BRDA:40,4,0,1
BRDA:40,4,1,3
BRDA:41,5,0,1
BRDA:41,5,1,2
BRDA:42,6,0,1
BRDA:42,6,1,1
BRF:14
BRH:14
end_of_record
TN:
SF:src/lib/researchPrompts.ts
FN:22,(anonymous_0)
FN:62,(anonymous_1)
FN:83,(anonymous_2)
FN:101,(anonymous_3)
FN:117,(anonymous_4)
FN:168,(anonymous_5)
FN:205,(anonymous_6)
FN:240,(anonymous_7)
FN:250,(anonymous_8)
FN:265,(anonymous_9)
FN:324,(anonymous_10)
FN:354,(anonymous_11)
FN:365,(anonymous_12)
FN:393,(anonymous_13)
FN:467,(anonymous_14)
FN:503,(anonymous_15)
FN:526,(anonymous_16)
FN:557,(anonymous_17)
FN:561,(anonymous_18)
FN:581,(anonymous_19)
FN:585,(anonymous_20)
FN:600,(anonymous_21)
FN:604,(anonymous_22)
FN:625,(anonymous_23)
FN:629,(anonymous_24)
FN:655,(anonymous_25)
FN:662,(anonymous_26)
FN:684,(anonymous_27)
FN:695,(anonymous_28)
FN:717,(anonymous_29)
FNF:30
FNH:30
FNDA:20,(anonymous_0)
FNDA:14,(anonymous_1)
FNDA:30,(anonymous_2)
FNDA:106,(anonymous_3)
FNDA:43,(anonymous_4)
FNDA:4,(anonymous_5)
FNDA:10,(anonymous_6)
FNDA:1,(anonymous_7)
FNDA:2,(anonymous_8)
FNDA:6,(anonymous_9)
FNDA:1,(anonymous_10)
FNDA:1,(anonymous_11)
FNDA:3,(anonymous_12)
FNDA:2,(anonymous_13)
FNDA:1,(anonymous_14)
FNDA:4,(anonymous_15)
FNDA:1,(anonymous_16)
FNDA:1,(anonymous_17)
FNDA:2,(anonymous_18)
FNDA:1,(anonymous_19)
FNDA:1,(anonymous_20)
FNDA:2,(anonymous_21)
FNDA:8,(anonymous_22)
FNDA:2,(anonymous_23)
FNDA:10,(anonymous_24)
FNDA:5,(anonymous_25)
FNDA:7,(anonymous_26)
FNDA:4,(anonymous_27)
FNDA:6,(anonymous_28)
FNDA:4,(anonymous_29)
DA:17,6
DA:27,20
DA:63,14
DA:90,30
DA:94,30
DA:101,106
DA:102,30
DA:104,30
DA:126,43
DA:128,43
DA:136,43
DA:137,43
DA:139,43
DA:169,4
DA:214,10
DA:216,10
DA:221,10
DA:223,10
DA:241,1
DA:256,2
DA:258,2
DA:274,6
DA:276,6
DA:284,6
DA:285,6
DA:287,6
DA:325,1
DA:355,1
DA:371,3
DA:405,2
DA:407,2
DA:473,1
DA:509,4
DA:511,4
DA:532,1
DA:558,1
DA:566,2
DA:570,2
DA:582,1
DA:586,1
DA:601,2
DA:610,8
DA:612,8
DA:626,2
DA:634,10
DA:635,10
DA:639,10
DA:656,5
DA:667,7
DA:669,7
DA:685,4
DA:696,6
DA:698,6
DA:718,4
DA:767,6
LF:55
LH:55
BRDA:25,0,0,13
BRDA:85,1,0,8
BRDA:86,2,0,8
BRDA:87,3,0,13
BRDA:88,4,0,24
BRDA:90,5,0,6
BRDA:90,5,1,24
BRDA:90,6,0,30
BRDA:90,6,1,26
BRDA:94,7,0,4
BRDA:94,7,1,26
BRDA:120,8,0,38
BRDA:121,9,0,24
BRDA:122,10,0,37
BRDA:123,11,0,37
BRDA:124,12,0,33
BRDA:125,13,0,35
BRDA:128,14,0,40
BRDA:128,14,1,3
BRDA:136,15,0,6
BRDA:136,15,1,37
BRDA:168,16,0,1
BRDA:208,17,0,9
BRDA:209,18,0,5
BRDA:210,19,0,9
BRDA:211,20,0,10
BRDA:212,21,0,10
BRDA:213,22,0,7
BRDA:216,23,0,9
BRDA:216,23,1,1
BRDA:221,24,0,1
BRDA:221,24,1,9
BRDA:253,25,0,2
BRDA:254,26,0,1
BRDA:255,27,0,2
BRDA:268,28,0,6
BRDA:269,29,0,6
BRDA:270,30,0,2
BRDA:271,31,0,6
BRDA:272,32,0,6
BRDA:273,33,0,4
BRDA:276,34,0,5
BRDA:276,34,1,1
BRDA:284,35,0,4
BRDA:284,35,1,2
BRDA:369,36,0,1
BRDA:399,37,0,0
BRDA:400,38,0,1
BRDA:401,39,0,1
BRDA:402,40,0,1
BRDA:403,41,0,1
BRDA:471,42,0,0
BRDA:505,43,0,0
BRDA:506,44,0,0
BRDA:507,45,0,3
BRDA:529,46,0,0
BRDA:530,47,0,0
BRDA:564,48,0,1
BRDA:566,49,0,1
BRDA:566,49,1,1
BRDA:607,50,0,5
BRDA:608,51,0,5
BRDA:619,52,0,2
BRDA:619,52,1,6
BRDA:631,53,0,5
BRDA:632,54,0,7
BRDA:635,55,0,2
BRDA:635,55,1,8
BRDA:635,56,0,10
BRDA:635,56,1,3
BRDA:655,57,0,3
BRDA:665,58,0,5
BRDA:695,59,0,4
BRF:73
BRH:67
end_of_record
TN:
SF:src/lib/researchTypes.ts
FN:6,(anonymous_0)
FN:16,(anonymous_1)
FN:22,(anonymous_2)
FNF:3
FNH:3
FNDA:13,(anonymous_0)
FNDA:13,(anonymous_1)
FNDA:13,(anonymous_2)
DA:6,13
DA:7,13
DA:8,13
DA:9,13
DA:10,13
DA:11,13
DA:12,13
DA:13,13
DA:16,13
DA:17,13
DA:18,13
DA:19,13
DA:22,13
DA:23,13
DA:24,13
DA:25,13
DA:26,13
DA:27,13
DA:28,13
DA:29,13
DA:30,13
DA:31,13
DA:32,13
DA:33,13
DA:34,13
DA:35,13
DA:36,13
DA:37,13
DA:95,13
DA:106,13
LF:30
LH:30
BRDA:6,0,0,13
BRDA:6,0,1,13
BRDA:16,1,0,13
BRDA:16,1,1,13
BRDA:22,2,0,13
BRDA:22,2,1,13
BRF:6
BRH:6
end_of_record
TN:
SF:src/lib/utils.ts
FN:4,cn
FNF:1
FNH:1
FNDA:1995,cn
DA:1,24
DA:2,24
DA:4,24
DA:5,1995
LF:4
LH:4
BRF:0
BRH:0
end_of_record
TN:
SF:src/pages/Index.tsx
FN:18,shouldShowQuickActions
FN:22,(anonymous_1)
FN:35,(anonymous_2)
FN:114,(anonymous_3)
FNF:4
FNH:3
FNDA:44,shouldShowQuickActions
FNDA:36,(anonymous_1)
FNDA:0,(anonymous_2)
FNDA:2,(anonymous_3)
DA:1,7
DA:2,7
DA:3,7
DA:4,7
DA:5,7
DA:6,7
DA:7,7
DA:8,7
DA:9,7
DA:10,7
DA:11,7
DA:12,7
DA:13,7
DA:14,7
DA:15,7
DA:16,7
DA:18,7
DA:19,44
DA:22,7
DA:23,36
DA:24,36
DA:25,36
DA:33,36
DA:36,0
DA:40,36
DA:115,2
DA:136,7
LF:27
LH:26
BRDA:70,0,0,34
BRDA:70,0,1,2
BRDA:102,1,0,34
BRDA:102,1,1,2
BRDA:117,2,0,2
BRDA:117,2,1,0
BRF:6
BRH:5
end_of_record
TN:
SF:src/pages/NotFound.tsx
FN:4,(anonymous_0)
FN:7,(anonymous_1)
FNF:2
FNH:2
FNDA:5,(anonymous_0)
FNDA:5,(anonymous_1)
DA:1,2
DA:2,2
DA:4,2
DA:5,5
DA:7,5
DA:8,5
DA:11,5
DA:24,2
LF:8
LH:8
BRF:0
BRH:0
end_of_record
